Log file open, 12/15/19 12:32:31
LogWindows: Failed to load 'aqProf.dll' (GetLastError=126)
LogWindows: File 'aqProf.dll' does not exist
LogWindows: Failed to load 'VtuneApi.dll' (GetLastError=126)
LogWindows: File 'VtuneApi.dll' does not exist
LogWindows: Failed to load 'VtuneApi32e.dll' (GetLastError=126)
LogWindows: File 'VtuneApi32e.dll' does not exist
LogConsoleResponse: Display: Failed to find resolution value strings in scalability ini. Falling back to default.
LogInit: Display: Running engine for game: Qinsword
LogPakFile: Registered encryption key '00000000000000000000000000000000': 0 pak files mounted, 0 remain pending
LogPlatformFile: Not using cached read wrapper
LogTaskGraph: Started task graph with 5 named threads and 47 total threads with 3 sets of task threads.
LogStats: Stats thread started at 0.509092
LogD3D11RHI: Loaded GFSDK_Aftermath_Lib.x64.dll
LogICUInternationalization: ICU TimeZone Detection - Raw Offset: +8:00, Platform Override: ''
LogPluginManager: Mounting plugin Paper2D
LogPluginManager: Mounting plugin AISupport
LogPluginManager: Mounting plugin LightPropagationVolume
LogPluginManager: Mounting plugin ActorLayerUtilities
LogPluginManager: Mounting plugin AnimationSharing
LogPluginManager: Mounting plugin CLionSourceCodeAccess
LogPluginManager: Mounting plugin CodeLiteSourceCodeAccess
LogPluginManager: Mounting plugin GitSourceControl
LogPluginManager: Mounting plugin KDevelopSourceCodeAccess
LogPluginManager: Mounting plugin NullSourceCodeAccess
LogPluginManager: Mounting plugin PerforceSourceControl
LogPluginManager: Mounting plugin SubversionSourceControl
LogPluginManager: Mounting plugin UObjectPlugin
LogPluginManager: Mounting plugin VisualStudioCodeSourceCodeAccess
LogPluginManager: Mounting plugin VisualStudioSourceCodeAccess
LogPluginManager: Mounting plugin XCodeSourceCodeAccess
LogPluginManager: Mounting plugin AssetManagerEditor
LogPluginManager: Mounting plugin CryptoKeys
LogPluginManager: Mounting plugin DataValidation
LogPluginManager: Mounting plugin FacialAnimation
LogPluginManager: Mounting plugin GameplayTagsEditor
LogPluginManager: Mounting plugin MacGraphicsSwitching
LogPluginManager: Mounting plugin MaterialAnalyzer
LogPluginManager: Mounting plugin MobileLauncherProfileWizard
LogPluginManager: Mounting plugin PluginBrowser
LogPluginManager: Mounting plugin SpeedTreeImporter
LogPluginManager: Mounting plugin DatasmithContent
LogPluginManager: Mounting plugin VariantManagerContent
LogPluginManager: Mounting plugin AlembicImporter
LogPluginManager: Mounting plugin AppleImageUtils
LogPluginManager: Mounting plugin AppleVision
LogPluginManager: Mounting plugin BackChannel
LogPluginManager: Mounting plugin CharacterAI
LogPluginManager: Mounting plugin GeometryCache
LogPluginManager: Mounting plugin HTML5Networking
LogPluginManager: Mounting plugin ProxyLODPlugin
LogPluginManager: Mounting plugin SkeletalReduction
LogPluginManager: Mounting plugin MagicLeap
LogPluginManager: Mounting plugin MagicLeapMedia
LogPluginManager: Mounting plugin AndroidMedia
LogPluginManager: Mounting plugin AvfMedia
LogPluginManager: Mounting plugin ImgMedia
LogPluginManager: Mounting plugin LinearTimecode
LogPluginManager: Mounting plugin MediaCompositing
LogPluginManager: Mounting plugin MediaPlayerEditor
LogPluginManager: Mounting plugin WebMMedia
LogPluginManager: Mounting plugin WmfMedia
LogPluginManager: Mounting plugin TcpMessaging
LogPluginManager: Mounting plugin UdpMessaging
LogPluginManager: Mounting plugin ActorSequence
LogPluginManager: Mounting plugin LevelSequenceEditor
LogPluginManager: Mounting plugin MatineeToLevelSequence
LogPluginManager: Mounting plugin NetcodeUnitTest
LogPluginManager: Mounting plugin NUTUnrealEngine4
LogPluginManager: Mounting plugin OnlineSubsystemGooglePlay
LogPluginManager: Mounting plugin OnlineSubsystemIOS
LogPluginManager: Mounting plugin OnlineSubsystem
LogPluginManager: Mounting plugin OnlineSubsystemNull
LogPluginManager: Mounting plugin OnlineSubsystemUtils
LogPluginManager: Mounting plugin LauncherChunkInstaller
LogPluginManager: Mounting plugin AndroidDeviceProfileSelector
LogPluginManager: Mounting plugin AndroidMoviePlayer
LogPluginManager: Mounting plugin AndroidPermission
LogPluginManager: Mounting plugin AppleMoviePlayer
LogPluginManager: Mounting plugin ArchVisCharacter
LogPluginManager: Mounting plugin AudioCapture
LogPluginManager: Mounting plugin CableComponent
LogPluginManager: Mounting plugin CustomMeshComponent
LogPluginManager: Mounting plugin EditableMesh
LogPluginManager: Mounting plugin ExampleDeviceProfileSelector
LogPluginManager: Mounting plugin Firebase
LogPluginManager: Mounting plugin GoogleCloudMessaging
LogPluginManager: Mounting plugin IOSDeviceProfileSelector
LogPluginManager: Mounting plugin LinuxDeviceProfileSelector
LogPluginManager: Mounting plugin LocationServicesBPLibrary
LogPluginManager: Mounting plugin MobilePatchingUtils
LogPluginManager: Mounting plugin OculusVR
LogPluginManager: Mounting plugin PhysXVehicles
LogPluginManager: Mounting plugin ProceduralMeshComponent
LogPluginManager: Mounting plugin RuntimePhysXCooking
LogPluginManager: Mounting plugin SignificanceManager
LogPluginManager: Mounting plugin SteamVR
LogPluginManager: Mounting plugin WebMMoviePlayer
LogPluginManager: Mounting plugin WindowsMoviePlayer
LogInit: Using libcurl 7.55.1-DEV
LogInit:  - built for x86_64-pc-win32
LogInit:  - supports SSL with OpenSSL/1.1.1
LogInit:  - supports HTTP deflate (compression) using libz 1.2.8
LogInit:  - other features:
LogInit:      CURL_VERSION_SSL
LogInit:      CURL_VERSION_LIBZ
LogInit:      CURL_VERSION_IPV6
LogInit:      CURL_VERSION_ASYNCHDNS
LogInit:      CURL_VERSION_LARGEFILE
LogInit:      CURL_VERSION_IDN
LogInit:  CurlRequestOptions (configurable via config and command line):
LogInit:  - bVerifyPeer = true  - Libcurl will verify peer certificate
LogInit:  - bUseHttpProxy = false  - Libcurl will NOT use HTTP proxy
LogInit:  - bDontReuseConnections = false  - Libcurl will reuse connections
LogInit:  - MaxHostConnections = 16  - Libcurl will limit the number of connections to a host
LogInit:  - LocalHostAddr = Default
LogInit:  - BufferSize = 65536
LogInit: WinSock: version 1.1 (2.2), MaxSocks=32767, MaxUdp=65467
LogInit: Build: ++UE4+Release-4.22-CL-7053642
LogInit: Engine Version: 4.22.3-7053642+++UE4+Release-4.22
LogInit: Compatible Engine Version: 4.22.0-5660361+++UE4+Release-4.22
LogInit: Net CL: 5660361
LogInit: OS: Windows 10 (Release 1809) (), CPU: Intel(R) Core(TM) i9-9900KF CPU @ 3.60GHz, GPU: NVIDIA GeForce GTX 1070 Ti
LogInit: Compiled (64-bit): Jun 18 2019 03:09:11
LogInit: Compiled with Visual C++: 19.16.27025.01
LogInit: Build Configuration: Development
LogInit: Branch Name: ++UE4+Release-4.22
LogInit: Command Line:  /Game/StarterContent/map/TestMap -game -PIEVIACONSOLE -ResX=1280 -ResY=720 -Multiprocess -messaging -SessionName="Play in Standalone Game" -windowed
LogInit: Base Directory: D:/ue4 4.22.1/UE_4.22/Engine/Binaries/Win64/
LogInit: Installed Engine Build: 1
LogDevObjectVersion: Number of dev versions registered: 23
LogDevObjectVersion:   Dev-Blueprints (B0D832E4-1F89-4F0D-ACCF-7EB736FD4AA2): 10
LogDevObjectVersion:   Dev-Build (E1C64328-A22C-4D53-A36C-8E866417BD8C): 0
LogDevObjectVersion:   Dev-Core (375EC13C-06E4-48FB-B500-84F0262A717E): 3
LogDevObjectVersion:   Dev-Editor (E4B068ED-F494-42E9-A231-DA0B2E46BB41): 30
LogDevObjectVersion:   Dev-Framework (CFFC743F-43B0-4480-9391-14DF171D2073): 35
LogDevObjectVersion:   Dev-Mobile (B02B49B5-BB20-44E9-A304-32B752E40360): 2
LogDevObjectVersion:   Dev-Networking (A4E4105C-59A1-49B5-A7C5-40C4547EDFEE): 0
LogDevObjectVersion:   Dev-Online (39C831C9-5AE6-47DC-9A44-9C173E1C8E7C): 0
LogDevObjectVersion:   Dev-Physics (78F01B33-EBEA-4F98-B9B4-84EACCB95AA2): 0
LogDevObjectVersion:   Dev-Platform (6631380F-2D4D-43E0-8009-CF276956A95A): 0
LogDevObjectVersion:   Dev-Rendering (12F88B9F-8875-4AFC-A67C-D90C383ABD29): 28
LogDevObjectVersion:   Dev-Sequencer (7B5AE74C-D270-4C10-A958-57980B212A5A): 11
LogDevObjectVersion:   Dev-VR (D7296918-1DD6-4BDD-9DE2-64A83CC13884): 2
LogDevObjectVersion:   Dev-LoadTimes (C2A15278-BFE7-4AFE-6C17-90FF531DF755): 1
LogDevObjectVersion:   Private-Geometry (6EACA3D4-40EC-4CC1-B786-8BED09428FC5): 3
LogDevObjectVersion:   Dev-AnimPhys (29E575DD-E0A3-4627-9D10-D276232CDCEA): 17
LogDevObjectVersion:   Dev-Anim (AF43A65D-7FD3-4947-9873-3E8ED9C1BB05): 2
LogDevObjectVersion:   Dev-ReflectionCapture (6B266CEC-1EC7-4B8F-A30B-E4D90942FC07): 1
LogDevObjectVersion:   Dev-Automation (0DF73D61-A23F-47EA-B727-89E90C41499A): 1
LogDevObjectVersion:   FortniteMain (601D1886-AC64-4F84-AA16-D3DE0DEAC7D6): 25
LogDevObjectVersion:   Dev-Enterprise (9DFFBCD6-494F-0158-E221-12823C92A888): 6
LogDevObjectVersion:   Dev-Niagara (F2AED0AC-9AFE-416F-8664-AA7FFA26D6FC): 1
LogDevObjectVersion:   Dev-Destruction (174F1F0B-B4C6-45A5-B13F-2EE8D0FB917D): 2
LogInit: Presizing for max 16777216 objects, including 0 objects not considered by GC, pre-allocating 0 bytes for permanent pool.
LogInit: Object subsystem initialized
LogConfig: Setting CVar [[con.DebugEarlyDefault:1]]
LogConfig: Setting CVar [[r.setres:1280x720]]
[2019.12.15-04.32.31:319][  0]LogConfig: Setting CVar [[con.DebugEarlyDefault:1]]
[2019.12.15-04.32.31:319][  0]LogConfig: Setting CVar [[r.setres:1280x720]]
[2019.12.15-04.32.31:319][  0]LogConfig: Applying CVar settings from Section [/Script/Engine.RendererSettings] File [F:/我的文档/-/Qinsword/Saved/Config/Windows/Engine.ini]
[2019.12.15-04.32.31:319][  0]LogConfig: Setting CVar [[r.GPUCrashDebugging:0]]
[2019.12.15-04.32.31:319][  0]LogConfig: Setting CVar [[r.DefaultFeature.AutoExposure.ExtendDefaultLuminanceRange:1]]
[2019.12.15-04.32.31:319][  0]LogConfig: Applying CVar settings from Section [/Script/Engine.RendererOverrideSettings] File [F:/我的文档/-/Qinsword/Saved/Config/Windows/Engine.ini]
[2019.12.15-04.32.31:319][  0]LogConfig: Applying CVar settings from Section [/Script/Engine.StreamingSettings] File [F:/我的文档/-/Qinsword/Saved/Config/Windows/Engine.ini]
[2019.12.15-04.32.31:319][  0]LogConfig: Setting CVar [[s.MinBulkDataSizeForAsyncLoading:131072]]
[2019.12.15-04.32.31:319][  0]LogConfig: Setting CVar [[s.AsyncLoadingThreadEnabled:0]]
[2019.12.15-04.32.31:319][  0]LogConfig: Setting CVar [[s.EventDrivenLoaderEnabled:1]]
[2019.12.15-04.32.31:319][  0]LogConfig: Setting CVar [[s.WarnIfTimeLimitExceeded:0]]
[2019.12.15-04.32.31:319][  0]LogConfig: Setting CVar [[s.TimeLimitExceededMultiplier:1.5]]
[2019.12.15-04.32.31:319][  0]LogConfig: Setting CVar [[s.TimeLimitExceededMinTime:0.005]]
[2019.12.15-04.32.31:319][  0]LogConfig: Setting CVar [[s.UseBackgroundLevelStreaming:1]]
[2019.12.15-04.32.31:319][  0]LogConfig: Setting CVar [[s.PriorityAsyncLoadingExtraTime:15.0]]
[2019.12.15-04.32.31:319][  0]LogConfig: Setting CVar [[s.LevelStreamingActorsUpdateTimeLimit:5.0]]
[2019.12.15-04.32.31:320][  0]LogConfig: Setting CVar [[s.PriorityLevelStreamingActorsUpdateExtraTime:5.0]]
[2019.12.15-04.32.31:320][  0]LogConfig: Setting CVar [[s.LevelStreamingComponentsRegistrationGranularity:10]]
[2019.12.15-04.32.31:320][  0]LogConfig: Setting CVar [[s.UnregisterComponentsTimeLimit:1.0]]
[2019.12.15-04.32.31:320][  0]LogConfig: Setting CVar [[s.LevelStreamingComponentsUnregistrationGranularity:5]]
[2019.12.15-04.32.31:320][  0]LogConfig: Applying CVar settings from Section [/Script/Engine.GarbageCollectionSettings] File [F:/我的文档/-/Qinsword/Saved/Config/Windows/Engine.ini]
[2019.12.15-04.32.31:320][  0]LogConfig: Setting CVar [[gc.MaxObjectsNotConsideredByGC:1]]
[2019.12.15-04.32.31:320][  0]LogConfig: Setting CVar [[gc.SizeOfPermanentObjectPool:0]]
[2019.12.15-04.32.31:320][  0]LogConfig: Setting CVar [[gc.FlushStreamingOnGC:0]]
[2019.12.15-04.32.31:320][  0]LogConfig: Setting CVar [[gc.NumRetriesBeforeForcingGC:10]]
[2019.12.15-04.32.31:320][  0]LogConfig: Setting CVar [[gc.AllowParallelGC:1]]
[2019.12.15-04.32.31:320][  0]LogConfig: Setting CVar [[gc.TimeBetweenPurgingPendingKillObjects:61.1]]
[2019.12.15-04.32.31:320][  0]LogConfig: Setting CVar [[gc.MaxObjectsInEditor:16777216]]
[2019.12.15-04.32.31:320][  0]LogConfig: Setting CVar [[gc.IncrementalBeginDestroyEnabled:1]]
[2019.12.15-04.32.31:320][  0]LogConfig: Setting CVar [[gc.CreateGCClusters:1]]
[2019.12.15-04.32.31:320][  0]LogConfig: Setting CVar [[gc.MinGCClusterSize:5]]
[2019.12.15-04.32.31:320][  0]LogConfig: Setting CVar [[gc.ActorClusteringEnabled:0]]
[2019.12.15-04.32.31:320][  0]LogConfig: Setting CVar [[gc.BlueprintClusteringEnabled:0]]
[2019.12.15-04.32.31:320][  0]LogConfig: Setting CVar [[gc.UseDisregardForGCOnDedicatedServers:0]]
[2019.12.15-04.32.31:320][  0]LogConfig: Applying CVar settings from Section [/Script/Engine.NetworkSettings] File [F:/我的文档/-/Qinsword/Saved/Config/Windows/Engine.ini]
[2019.12.15-04.32.31:320][  0]LogConfig: Applying CVar settings from Section [/Script/UnrealEd.CookerSettings] File [F:/我的文档/-/Qinsword/Saved/Config/Windows/Engine.ini]
[2019.12.15-04.32.31:326][  0]LogConfig: Applying CVar settings from Section [ViewDistanceQuality@3] File [F:/我的文档/-/Qinsword/Saved/Config/Windows/Scalability.ini]
[2019.12.15-04.32.31:326][  0]LogConfig: Setting CVar [[r.SkeletalMeshLODBias:0]]
[2019.12.15-04.32.31:326][  0]LogConfig: Setting CVar [[r.ViewDistanceScale:1.0]]
[2019.12.15-04.32.31:326][  0]LogConfig: Applying CVar settings from Section [AntiAliasingQuality@3] File [F:/我的文档/-/Qinsword/Saved/Config/Windows/Scalability.ini]
[2019.12.15-04.32.31:326][  0]LogConfig: Setting CVar [[r.PostProcessAAQuality:4]]
[2019.12.15-04.32.31:326][  0]LogConfig: Applying CVar settings from Section [ShadowQuality@3] File [F:/我的文档/-/Qinsword/Saved/Config/Windows/Scalability.ini]
[2019.12.15-04.32.31:326][  0]LogConfig: Setting CVar [[r.LightFunctionQuality:1]]
[2019.12.15-04.32.31:326][  0]LogConfig: Setting CVar [[r.ShadowQuality:5]]
[2019.12.15-04.32.31:326][  0]LogConfig: Setting CVar [[r.Shadow.CSM.MaxCascades:10]]
[2019.12.15-04.32.31:326][  0]LogConfig: Setting CVar [[r.Shadow.MaxResolution:2048]]
[2019.12.15-04.32.31:326][  0]LogConfig: Setting CVar [[r.Shadow.MaxCSMResolution:2048]]
[2019.12.15-04.32.31:326][  0]LogConfig: Setting CVar [[r.Shadow.RadiusThreshold:0.01]]
[2019.12.15-04.32.31:326][  0]LogConfig: Setting CVar [[r.Shadow.DistanceScale:1.0]]
[2019.12.15-04.32.31:326][  0]LogConfig: Setting CVar [[r.Shadow.CSM.TransitionScale:1.0]]
[2019.12.15-04.32.31:326][  0]LogConfig: Setting CVar [[r.Shadow.PreShadowResolutionFactor:1.0]]
[2019.12.15-04.32.31:326][  0]LogConfig: Setting CVar [[r.DistanceFieldShadowing:1]]
[2019.12.15-04.32.31:326][  0]LogConfig: Setting CVar [[r.DistanceFieldAO:1]]
[2019.12.15-04.32.31:326][  0]LogConfig: Setting CVar [[r.AOQuality:2]]
[2019.12.15-04.32.31:326][  0]LogConfig: Setting CVar [[r.VolumetricFog:1]]
[2019.12.15-04.32.31:326][  0]LogConfig: Setting CVar [[r.VolumetricFog.GridPixelSize:8]]
[2019.12.15-04.32.31:327][  0]LogConfig: Setting CVar [[r.VolumetricFog.GridSizeZ:128]]
[2019.12.15-04.32.31:327][  0]LogConfig: Setting CVar [[r.VolumetricFog.HistoryMissSupersampleCount:4]]
[2019.12.15-04.32.31:327][  0]LogConfig: Setting CVar [[r.LightMaxDrawDistanceScale:1]]
[2019.12.15-04.32.31:327][  0]LogConfig: Setting CVar [[r.CapsuleShadows:1]]
[2019.12.15-04.32.31:327][  0]LogConfig: Applying CVar settings from Section [PostProcessQuality@3] File [F:/我的文档/-/Qinsword/Saved/Config/Windows/Scalability.ini]
[2019.12.15-04.32.31:327][  0]LogConfig: Setting CVar [[r.MotionBlurQuality:4]]
[2019.12.15-04.32.31:327][  0]LogConfig: Setting CVar [[r.AmbientOcclusionMipLevelFactor:0.4]]
[2019.12.15-04.32.31:327][  0]LogConfig: Setting CVar [[r.AmbientOcclusionMaxQuality:100]]
[2019.12.15-04.32.31:327][  0]LogConfig: Setting CVar [[r.AmbientOcclusionLevels:-1]]
[2019.12.15-04.32.31:327][  0]LogConfig: Setting CVar [[r.AmbientOcclusionRadiusScale:1.0]]
[2019.12.15-04.32.31:327][  0]LogConfig: Setting CVar [[r.DepthOfFieldQuality:2]]
[2019.12.15-04.32.31:327][  0]LogConfig: Setting CVar [[r.RenderTargetPoolMin:400]]
[2019.12.15-04.32.31:327][  0]LogConfig: Setting CVar [[r.LensFlareQuality:2]]
[2019.12.15-04.32.31:327][  0]LogConfig: Setting CVar [[r.SceneColorFringeQuality:1]]
[2019.12.15-04.32.31:327][  0]LogConfig: Setting CVar [[r.EyeAdaptationQuality:2]]
[2019.12.15-04.32.31:327][  0]LogConfig: Setting CVar [[r.BloomQuality:5]]
[2019.12.15-04.32.31:327][  0]LogConfig: Setting CVar [[r.FastBlurThreshold:100]]
[2019.12.15-04.32.31:327][  0]LogConfig: Setting CVar [[r.Upscale.Quality:3]]
[2019.12.15-04.32.31:327][  0]LogConfig: Setting CVar [[r.Tonemapper.GrainQuantization:1]]
[2019.12.15-04.32.31:327][  0]LogConfig: Setting CVar [[r.LightShaftQuality:1]]
[2019.12.15-04.32.31:327][  0]LogConfig: Setting CVar [[r.Filter.SizeScale:1]]
[2019.12.15-04.32.31:327][  0]LogConfig: Setting CVar [[r.Tonemapper.Quality:5]]
[2019.12.15-04.32.31:327][  0]LogConfig: Setting CVar [[r.DOF.Gather.AccumulatorQuality:1        ; higher gathering accumulator quality]]
[2019.12.15-04.32.31:327][  0]LogConfig: Setting CVar [[r.DOF.Gather.PostfilterMethod:1          ; Median3x3 postfilering method]]
[2019.12.15-04.32.31:327][  0]LogConfig: Setting CVar [[r.DOF.Gather.EnableBokehSettings:0       ; no bokeh simulation when gathering]]
[2019.12.15-04.32.31:327][  0]LogConfig: Setting CVar [[r.DOF.Gather.RingCount:4                 ; medium number of samples when gathering]]
[2019.12.15-04.32.31:327][  0]LogConfig: Setting CVar [[r.DOF.Scatter.ForegroundCompositing:1    ; additive foreground scattering]]
[2019.12.15-04.32.31:327][  0]LogConfig: Setting CVar [[r.DOF.Scatter.BackgroundCompositing:2    ; additive background scattering]]
[2019.12.15-04.32.31:327][  0]LogConfig: Setting CVar [[r.DOF.Scatter.EnableBokehSettings:1      ; bokeh simulation when scattering]]
[2019.12.15-04.32.31:327][  0]LogConfig: Setting CVar [[r.DOF.Scatter.MaxSpriteRatio:0.1         ; only a maximum of 10% of scattered bokeh]]
[2019.12.15-04.32.31:327][  0]LogConfig: Setting CVar [[r.DOF.Recombine.Quality:1                ; cheap slight out of focus]]
[2019.12.15-04.32.31:327][  0]LogConfig: Setting CVar [[r.DOF.Recombine.EnableBokehSettings:0    ; no bokeh simulation on slight out of focus]]
[2019.12.15-04.32.31:327][  0]LogConfig: Setting CVar [[r.DOF.TemporalAAQuality:1                ; more stable temporal accumulation]]
[2019.12.15-04.32.31:327][  0]LogConfig: Setting CVar [[r.DOF.Kernel.MaxForegroundRadius:0.025]]
[2019.12.15-04.32.31:327][  0]LogConfig: Setting CVar [[r.DOF.Kernel.MaxBackgroundRadius:0.025]]
[2019.12.15-04.32.31:327][  0]LogConfig: Applying CVar settings from Section [TextureQuality@3] File [F:/我的文档/-/Qinsword/Saved/Config/Windows/Scalability.ini]
[2019.12.15-04.32.31:327][  0]LogConfig: Setting CVar [[r.Streaming.MipBias:0]]
[2019.12.15-04.32.31:327][  0]LogConfig: Setting CVar [[r.Streaming.AmortizeCPUToGPUCopy:0]]
[2019.12.15-04.32.31:327][  0]LogConfig: Setting CVar [[r.Streaming.MaxNumTexturesToStreamPerFrame:0]]
[2019.12.15-04.32.31:327][  0]LogConfig: Setting CVar [[r.Streaming.Boost:1]]
[2019.12.15-04.32.31:327][  0]LogConfig: Setting CVar [[r.MaxAnisotropy:8]]
[2019.12.15-04.32.31:327][  0]LogConfig: Setting CVar [[r.Streaming.LimitPoolSizeToVRAM:0]]
[2019.12.15-04.32.31:327][  0]LogConfig: Setting CVar [[r.Streaming.PoolSize:1000]]
[2019.12.15-04.32.31:327][  0]LogConfig: Setting CVar [[r.Streaming.MaxEffectiveScreenSize:0]]
[2019.12.15-04.32.31:327][  0]LogConfig: Applying CVar settings from Section [EffectsQuality@3] File [F:/我的文档/-/Qinsword/Saved/Config/Windows/Scalability.ini]
[2019.12.15-04.32.31:327][  0]LogConfig: Setting CVar [[r.TranslucencyLightingVolumeDim:64]]
[2019.12.15-04.32.31:327][  0]LogConfig: Setting CVar [[r.RefractionQuality:2]]
[2019.12.15-04.32.31:327][  0]LogConfig: Setting CVar [[r.SSR.Quality:3]]
[2019.12.15-04.32.31:327][  0]LogConfig: Setting CVar [[r.SceneColorFormat:4]]
[2019.12.15-04.32.31:327][  0]LogConfig: Setting CVar [[r.DetailMode:2]]
[2019.12.15-04.32.31:327][  0]LogConfig: Setting CVar [[r.TranslucencyVolumeBlur:1]]
[2019.12.15-04.32.31:327][  0]LogConfig: Setting CVar [[r.MaterialQualityLevel:1 ; High quality]]
[2019.12.15-04.32.31:327][  0]LogConfig: Setting CVar [[r.SSS.Scale:1]]
[2019.12.15-04.32.31:327][  0]LogConfig: Setting CVar [[r.SSS.SampleSet:2]]
[2019.12.15-04.32.31:327][  0]LogConfig: Setting CVar [[r.SSS.Quality:1]]
[2019.12.15-04.32.31:327][  0]LogConfig: Setting CVar [[r.SSS.HalfRes:1]]
[2019.12.15-04.32.31:327][  0]LogConfig: Setting CVar [[r.EmitterSpawnRateScale:1.0]]
[2019.12.15-04.32.31:327][  0]LogConfig: Setting CVar [[r.ParticleLightQuality:2]]
[2019.12.15-04.32.31:327][  0]LogConfig: Applying CVar settings from Section [FoliageQuality@3] File [F:/我的文档/-/Qinsword/Saved/Config/Windows/Scalability.ini]
[2019.12.15-04.32.31:327][  0]LogConfig: Setting CVar [[foliage.DensityScale:1.0]]
[2019.12.15-04.32.31:327][  0]LogConfig: Setting CVar [[grass.DensityScale:1.0]]
[2019.12.15-04.32.31:327][  0]LogInit: Selected Device Profile: [Windows]
[2019.12.15-04.32.31:327][  0]LogInit: Applying CVar settings loaded from the selected device profile: [Windows]
[2019.12.15-04.32.31:330][  0]LogHAL: Display: Platform has ~ 32 GB [34289422336 / 34359738368 / 32], which maps to Largest [LargestMinGB=32, LargerMinGB=12, DefaultMinGB=8, SmallerMinGB=6, SmallestMinGB=0)
[2019.12.15-04.32.31:330][  0]LogConfig: Setting CVar [[r.Vulkan.UseRealUBs:0		; Required until we fix HLR fall-out]]
[2019.12.15-04.32.31:330][  0]LogInit: Going up to parent DeviceProfile []
[2019.12.15-04.32.31:330][  0]LogConfig: Applying CVar settings from Section [ViewDistanceQuality@3] File [F:/我的文档/-/Qinsword/Saved/Config/Windows/Scalability.ini]
[2019.12.15-04.32.31:330][  0]LogConfig: Setting CVar [[r.SkeletalMeshLODBias:0]]
[2019.12.15-04.32.31:330][  0]LogConfig: Setting CVar [[r.ViewDistanceScale:1.0]]
[2019.12.15-04.32.31:330][  0]LogConfig: Applying CVar settings from Section [AntiAliasingQuality@3] File [F:/我的文档/-/Qinsword/Saved/Config/Windows/Scalability.ini]
[2019.12.15-04.32.31:330][  0]LogConfig: Setting CVar [[r.PostProcessAAQuality:4]]
[2019.12.15-04.32.31:330][  0]LogConfig: Applying CVar settings from Section [ShadowQuality@3] File [F:/我的文档/-/Qinsword/Saved/Config/Windows/Scalability.ini]
[2019.12.15-04.32.31:330][  0]LogConfig: Setting CVar [[r.LightFunctionQuality:1]]
[2019.12.15-04.32.31:331][  0]LogConfig: Setting CVar [[r.ShadowQuality:5]]
[2019.12.15-04.32.31:331][  0]LogConfig: Setting CVar [[r.Shadow.CSM.MaxCascades:10]]
[2019.12.15-04.32.31:331][  0]LogConfig: Setting CVar [[r.Shadow.MaxResolution:2048]]
[2019.12.15-04.32.31:331][  0]LogConfig: Setting CVar [[r.Shadow.MaxCSMResolution:2048]]
[2019.12.15-04.32.31:331][  0]LogConfig: Setting CVar [[r.Shadow.RadiusThreshold:0.01]]
[2019.12.15-04.32.31:331][  0]LogConfig: Setting CVar [[r.Shadow.DistanceScale:1.0]]
[2019.12.15-04.32.31:331][  0]LogConfig: Setting CVar [[r.Shadow.CSM.TransitionScale:1.0]]
[2019.12.15-04.32.31:331][  0]LogConfig: Setting CVar [[r.Shadow.PreShadowResolutionFactor:1.0]]
[2019.12.15-04.32.31:331][  0]LogConfig: Setting CVar [[r.DistanceFieldShadowing:1]]
[2019.12.15-04.32.31:331][  0]LogConfig: Setting CVar [[r.DistanceFieldAO:1]]
[2019.12.15-04.32.31:331][  0]LogConfig: Setting CVar [[r.AOQuality:2]]
[2019.12.15-04.32.31:331][  0]LogConfig: Setting CVar [[r.VolumetricFog:1]]
[2019.12.15-04.32.31:331][  0]LogConfig: Setting CVar [[r.VolumetricFog.GridPixelSize:8]]
[2019.12.15-04.32.31:331][  0]LogConfig: Setting CVar [[r.VolumetricFog.GridSizeZ:128]]
[2019.12.15-04.32.31:331][  0]LogConfig: Setting CVar [[r.VolumetricFog.HistoryMissSupersampleCount:4]]
[2019.12.15-04.32.31:331][  0]LogConfig: Setting CVar [[r.LightMaxDrawDistanceScale:1]]
[2019.12.15-04.32.31:331][  0]LogConfig: Setting CVar [[r.CapsuleShadows:1]]
[2019.12.15-04.32.31:331][  0]LogConfig: Applying CVar settings from Section [PostProcessQuality@3] File [F:/我的文档/-/Qinsword/Saved/Config/Windows/Scalability.ini]
[2019.12.15-04.32.31:331][  0]LogConfig: Setting CVar [[r.MotionBlurQuality:4]]
[2019.12.15-04.32.31:331][  0]LogConfig: Setting CVar [[r.AmbientOcclusionMipLevelFactor:0.4]]
[2019.12.15-04.32.31:331][  0]LogConfig: Setting CVar [[r.AmbientOcclusionMaxQuality:100]]
[2019.12.15-04.32.31:331][  0]LogConfig: Setting CVar [[r.AmbientOcclusionLevels:-1]]
[2019.12.15-04.32.31:331][  0]LogConfig: Setting CVar [[r.AmbientOcclusionRadiusScale:1.0]]
[2019.12.15-04.32.31:331][  0]LogConfig: Setting CVar [[r.DepthOfFieldQuality:2]]
[2019.12.15-04.32.31:331][  0]LogConfig: Setting CVar [[r.RenderTargetPoolMin:400]]
[2019.12.15-04.32.31:331][  0]LogConfig: Setting CVar [[r.LensFlareQuality:2]]
[2019.12.15-04.32.31:331][  0]LogConfig: Setting CVar [[r.SceneColorFringeQuality:1]]
[2019.12.15-04.32.31:331][  0]LogConfig: Setting CVar [[r.EyeAdaptationQuality:2]]
[2019.12.15-04.32.31:331][  0]LogConfig: Setting CVar [[r.BloomQuality:5]]
[2019.12.15-04.32.31:331][  0]LogConfig: Setting CVar [[r.FastBlurThreshold:100]]
[2019.12.15-04.32.31:331][  0]LogConfig: Setting CVar [[r.Upscale.Quality:3]]
[2019.12.15-04.32.31:331][  0]LogConfig: Setting CVar [[r.Tonemapper.GrainQuantization:1]]
[2019.12.15-04.32.31:331][  0]LogConfig: Setting CVar [[r.LightShaftQuality:1]]
[2019.12.15-04.32.31:331][  0]LogConfig: Setting CVar [[r.Filter.SizeScale:1]]
[2019.12.15-04.32.31:331][  0]LogConfig: Setting CVar [[r.Tonemapper.Quality:5]]
[2019.12.15-04.32.31:331][  0]LogConfig: Setting CVar [[r.DOF.Gather.AccumulatorQuality:1        ; higher gathering accumulator quality]]
[2019.12.15-04.32.31:331][  0]LogConfig: Setting CVar [[r.DOF.Gather.PostfilterMethod:1          ; Median3x3 postfilering method]]
[2019.12.15-04.32.31:331][  0]LogConfig: Setting CVar [[r.DOF.Gather.EnableBokehSettings:0       ; no bokeh simulation when gathering]]
[2019.12.15-04.32.31:331][  0]LogConfig: Setting CVar [[r.DOF.Gather.RingCount:4                 ; medium number of samples when gathering]]
[2019.12.15-04.32.31:331][  0]LogConfig: Setting CVar [[r.DOF.Scatter.ForegroundCompositing:1    ; additive foreground scattering]]
[2019.12.15-04.32.31:331][  0]LogConfig: Setting CVar [[r.DOF.Scatter.BackgroundCompositing:2    ; additive background scattering]]
[2019.12.15-04.32.31:331][  0]LogConfig: Setting CVar [[r.DOF.Scatter.EnableBokehSettings:1      ; bokeh simulation when scattering]]
[2019.12.15-04.32.31:331][  0]LogConfig: Setting CVar [[r.DOF.Scatter.MaxSpriteRatio:0.1         ; only a maximum of 10% of scattered bokeh]]
[2019.12.15-04.32.31:331][  0]LogConfig: Setting CVar [[r.DOF.Recombine.Quality:1                ; cheap slight out of focus]]
[2019.12.15-04.32.31:331][  0]LogConfig: Setting CVar [[r.DOF.Recombine.EnableBokehSettings:0    ; no bokeh simulation on slight out of focus]]
[2019.12.15-04.32.31:331][  0]LogConfig: Setting CVar [[r.DOF.TemporalAAQuality:1                ; more stable temporal accumulation]]
[2019.12.15-04.32.31:331][  0]LogConfig: Setting CVar [[r.DOF.Kernel.MaxForegroundRadius:0.025]]
[2019.12.15-04.32.31:331][  0]LogConfig: Setting CVar [[r.DOF.Kernel.MaxBackgroundRadius:0.025]]
[2019.12.15-04.32.31:331][  0]LogConfig: Applying CVar settings from Section [TextureQuality@3] File [F:/我的文档/-/Qinsword/Saved/Config/Windows/Scalability.ini]
[2019.12.15-04.32.31:331][  0]LogConfig: Setting CVar [[r.Streaming.MipBias:0]]
[2019.12.15-04.32.31:331][  0]LogConfig: Setting CVar [[r.Streaming.AmortizeCPUToGPUCopy:0]]
[2019.12.15-04.32.31:331][  0]LogConfig: Setting CVar [[r.Streaming.MaxNumTexturesToStreamPerFrame:0]]
[2019.12.15-04.32.31:331][  0]LogConfig: Setting CVar [[r.Streaming.Boost:1]]
[2019.12.15-04.32.31:331][  0]LogConfig: Setting CVar [[r.MaxAnisotropy:8]]
[2019.12.15-04.32.31:331][  0]LogConfig: Setting CVar [[r.Streaming.LimitPoolSizeToVRAM:0]]
[2019.12.15-04.32.31:331][  0]LogConfig: Setting CVar [[r.Streaming.PoolSize:1000]]
[2019.12.15-04.32.31:331][  0]LogConfig: Setting CVar [[r.Streaming.MaxEffectiveScreenSize:0]]
[2019.12.15-04.32.31:331][  0]LogConfig: Applying CVar settings from Section [EffectsQuality@3] File [F:/我的文档/-/Qinsword/Saved/Config/Windows/Scalability.ini]
[2019.12.15-04.32.31:331][  0]LogConfig: Setting CVar [[r.TranslucencyLightingVolumeDim:64]]
[2019.12.15-04.32.31:331][  0]LogConfig: Setting CVar [[r.RefractionQuality:2]]
[2019.12.15-04.32.31:331][  0]LogConfig: Setting CVar [[r.SSR.Quality:3]]
[2019.12.15-04.32.31:331][  0]LogConfig: Setting CVar [[r.SceneColorFormat:4]]
[2019.12.15-04.32.31:331][  0]LogConfig: Setting CVar [[r.DetailMode:2]]
[2019.12.15-04.32.31:331][  0]LogConfig: Setting CVar [[r.TranslucencyVolumeBlur:1]]
[2019.12.15-04.32.31:331][  0]LogConfig: Setting CVar [[r.MaterialQualityLevel:1 ; High quality]]
[2019.12.15-04.32.31:331][  0]LogConfig: Setting CVar [[r.SSS.Scale:1]]
[2019.12.15-04.32.31:331][  0]LogConfig: Setting CVar [[r.SSS.SampleSet:2]]
[2019.12.15-04.32.31:331][  0]LogConfig: Setting CVar [[r.SSS.Quality:1]]
[2019.12.15-04.32.31:331][  0]LogConfig: Setting CVar [[r.SSS.HalfRes:1]]
[2019.12.15-04.32.31:331][  0]LogConfig: Setting CVar [[r.EmitterSpawnRateScale:1.0]]
[2019.12.15-04.32.31:331][  0]LogConfig: Setting CVar [[r.ParticleLightQuality:2]]
[2019.12.15-04.32.31:331][  0]LogConfig: Applying CVar settings from Section [FoliageQuality@3] File [F:/我的文档/-/Qinsword/Saved/Config/Windows/Scalability.ini]
[2019.12.15-04.32.31:331][  0]LogConfig: Setting CVar [[foliage.DensityScale:1.0]]
[2019.12.15-04.32.31:331][  0]LogConfig: Setting CVar [[grass.DensityScale:1.0]]
[2019.12.15-04.32.31:331][  0]LogConfig: Applying CVar settings from Section [Startup] File [../../../Engine/Config/ConsoleVariables.ini]
[2019.12.15-04.32.31:331][  0]LogConfig: Setting CVar [[net.UseAdaptiveNetUpdateFrequency:0]]
[2019.12.15-04.32.31:331][  0]LogConfig: Setting CVar [[p.chaos.AllowCreatePhysxBodies:1]]
[2019.12.15-04.32.31:331][  0]LogConfig: Applying CVar settings from Section [ConsoleVariables] File [F:/我的文档/-/Qinsword/Saved/Config/Windows/Engine.ini]
[2019.12.15-04.32.31:331][  0]LogInit: Computer: DESKTOP-IOJ413R
[2019.12.15-04.32.31:331][  0]LogInit: User: 范儿小水
[2019.12.15-04.32.31:331][  0]LogInit: CPU Page size=4096, Cores=8
[2019.12.15-04.32.31:331][  0]LogInit: High frequency timer resolution =10.000000 MHz
[2019.12.15-04.32.31:332][  0]LogMemory: Memory total: Physical=31.9GB (32GB approx)
[2019.12.15-04.32.31:332][  0]LogMemory: Platform Memory Stats for Windows
[2019.12.15-04.32.31:332][  0]LogMemory: Process Physical Memory: 99.95 MB used, 99.95 MB peak
[2019.12.15-04.32.31:332][  0]LogMemory: Process Virtual Memory: 90.74 MB used, 90.74 MB peak
[2019.12.15-04.32.31:332][  0]LogMemory: Physical Memory: 13334.45 MB used,  19366.50 MB free, 32700.94 MB total
[2019.12.15-04.32.31:332][  0]LogMemory: Virtual Memory: 4691.30 MB used,  134213040.00 MB free, 134217728.00 MB total
[2019.12.15-04.32.31:351][  0]LogInit: Using OS detected language (zh-CN).
[2019.12.15-04.32.31:352][  0]LogInit: Using OS detected locale (zh-CN).
[2019.12.15-04.32.31:352][  0]LogTextLocalizationManager: No specific localization for 'zh-CN' exists, so the 'zh-Hans' localization will be used.
[2019.12.15-04.32.31:353][  0]LogTextLocalizationResource: LocRes '../../../Engine/Content/Localization/Editor/zh-Hans/Editor.locres' could not be opened for reading!
[2019.12.15-04.32.31:353][  0]LogTextLocalizationResource: LocRes '../../../Engine/Content/Localization/EditorTutorials/zh-Hans/EditorTutorials.locres' could not be opened for reading!
[2019.12.15-04.32.31:353][  0]LogTextLocalizationResource: LocRes '../../../Engine/Content/Localization/Keywords/zh-Hans/Keywords.locres' could not be opened for reading!
[2019.12.15-04.32.31:353][  0]LogTextLocalizationResource: LocRes '../../../Engine/Content/Localization/Category/zh-Hans/Category.locres' could not be opened for reading!
[2019.12.15-04.32.31:353][  0]LogTextLocalizationResource: LocRes '../../../Engine/Content/Localization/ToolTips/zh-Hans/ToolTips.locres' could not be opened for reading!
[2019.12.15-04.32.31:353][  0]LogTextLocalizationResource: LocRes '../../../Engine/Content/Localization/PropertyNames/zh-Hans/PropertyNames.locres' could not be opened for reading!
[2019.12.15-04.32.31:353][  0]LogTextLocalizationResource: LocRes '../../../Engine/Content/Localization/Engine/zh-Hans/Engine.locres' could not be opened for reading!
[2019.12.15-04.32.31:354][  0]LogTextLocalizationResource: LocRes '../../../Engine/Content/Localization/Editor/zh/Editor.locres' could not be opened for reading!
[2019.12.15-04.32.31:354][  0]LogTextLocalizationResource: LocRes '../../../Engine/Content/Localization/EditorTutorials/zh/EditorTutorials.locres' could not be opened for reading!
[2019.12.15-04.32.31:354][  0]LogTextLocalizationResource: LocRes '../../../Engine/Content/Localization/Keywords/zh/Keywords.locres' could not be opened for reading!
[2019.12.15-04.32.31:354][  0]LogTextLocalizationResource: LocRes '../../../Engine/Content/Localization/Category/zh/Category.locres' could not be opened for reading!
[2019.12.15-04.32.31:354][  0]LogTextLocalizationResource: LocRes '../../../Engine/Content/Localization/ToolTips/zh/ToolTips.locres' could not be opened for reading!
[2019.12.15-04.32.31:354][  0]LogTextLocalizationResource: LocRes '../../../Engine/Content/Localization/PropertyNames/zh/PropertyNames.locres' could not be opened for reading!
[2019.12.15-04.32.31:354][  0]LogTextLocalizationResource: LocRes '../../../Engine/Content/Localization/Engine/zh/Engine.locres' could not be opened for reading!
[2019.12.15-04.32.31:354][  0]LogTextLocalizationResource: LocRes '../../../Engine/Plugins/Online/Android/OnlineSubsystemGooglePlay/Content/Localization/OnlineSubsystemGooglePlay/zh/OnlineSubsystemGooglePlay.locres' could not be opened for reading!
[2019.12.15-04.32.31:354][  0]LogTextLocalizationResource: LocRes '../../../Engine/Plugins/Online/IOS/OnlineSubsystemIOS/Content/Localization/OnlineSubsystemIOS/zh/OnlineSubsystemIOS.locres' could not be opened for reading!
[2019.12.15-04.32.31:354][  0]LogTextLocalizationResource: LocRes '../../../Engine/Plugins/Online/OnlineSubsystem/Content/Localization/OnlineSubsystem/zh/OnlineSubsystem.locres' could not be opened for reading!
[2019.12.15-04.32.31:354][  0]LogTextLocalizationResource: LocRes '../../../Engine/Plugins/Online/OnlineSubsystemUtils/Content/Localization/OnlineSubsystemUtils/zh/OnlineSubsystemUtils.locres' could not be opened for reading!
[2019.12.15-04.32.31:386][  0]LogSlate: New Slate User Created.  User Index 0, Is Virtual User: 0
[2019.12.15-04.32.31:386][  0]LogSlate: Slate User Registered.  User Index 0, Is Virtual User: 0
[2019.12.15-04.32.31:401][  0]LogHMD: Failed to initialize OpenVR with code 110
[2019.12.15-04.32.31:401][  0]LogD3D11RHI: D3D11 adapters:
[2019.12.15-04.32.31:468][  0]LogD3D11RHI:    0. 'NVIDIA GeForce GTX 1070 Ti' (Feature Level 11_0)
[2019.12.15-04.32.31:469][  0]LogD3D11RHI:       8079/0/16350 MB DedicatedVideo/DedicatedSystem/SharedSystem, Outputs:2, VendorId:0x10de
[2019.12.15-04.32.31:471][  0]LogD3D11RHI:    1. 'Microsoft Basic Render Driver' (Feature Level 11_0)
[2019.12.15-04.32.31:471][  0]LogD3D11RHI:       0/0/16350 MB DedicatedVideo/DedicatedSystem/SharedSystem, Outputs:0, VendorId:0x1414
[2019.12.15-04.32.31:471][  0]LogD3D11RHI: Chosen D3D11 Adapter: 0
[2019.12.15-04.32.31:478][  0]LogD3D11RHI: Creating new Direct3DDevice
[2019.12.15-04.32.31:478][  0]LogD3D11RHI:     GPU DeviceId: 0x1b82 (for the marketing name, search the web for "GPU Device Id")
[2019.12.15-04.32.31:478][  0]LogWindows: EnumDisplayDevices:
[2019.12.15-04.32.31:479][  0]LogWindows:    0. 'NVIDIA GeForce GTX 1070 Ti' (P:1 D:1)
[2019.12.15-04.32.31:480][  0]LogWindows:    1. 'NVIDIA GeForce GTX 1070 Ti' (P:0 D:1)
[2019.12.15-04.32.31:481][  0]LogWindows:    2. 'NVIDIA GeForce GTX 1070 Ti' (P:0 D:0)
[2019.12.15-04.32.31:481][  0]LogWindows:    3. 'NVIDIA GeForce GTX 1070 Ti' (P:0 D:0)
[2019.12.15-04.32.31:482][  0]LogWindows: DebugString: FoundDriverCount:4 
[2019.12.15-04.32.31:482][  0]LogD3D11RHI:     Adapter Name: NVIDIA GeForce GTX 1070 Ti
[2019.12.15-04.32.31:482][  0]LogD3D11RHI:   Driver Version: 436.48 (internal:26.21.14.3648, unified:436.48)
[2019.12.15-04.32.31:482][  0]LogD3D11RHI:      Driver Date: 9-26-2019
[2019.12.15-04.32.31:482][  0]LogRHI: Texture pool is 5655 MB (70% of 8079 MB)
[2019.12.15-04.32.31:520][  0]LogD3D11RHI: Async texture creation enabled
[2019.12.15-04.32.31:529][  0]LogRendererCore: FGlobalReadBuffer::InitRHI
[2019.12.15-04.32.31:529][  0]LogRendererCore: FGlobalReadBuffer::InitRHI
[2019.12.15-04.32.31:529][  0]LogRendererCore: FGlobalReadBuffer::InitRHI
[2019.12.15-04.32.31:543][  0]LogD3D11RHI: GPU Timing Frequency: 1000.000000 (Debug: 2 2)
[2019.12.15-04.32.31:991][  0]LogTemp: Display: Module 'WindowsClientTargetPlatform' loaded TargetPlatform 'WindowsClient'
[2019.12.15-04.32.32:000][  0]LogTemp: Display: Module 'WindowsNoEditorTargetPlatform' loaded TargetPlatform 'WindowsNoEditor'
[2019.12.15-04.32.32:010][  0]LogTemp: Display: Module 'WindowsServerTargetPlatform' loaded TargetPlatform 'WindowsServer'
[2019.12.15-04.32.32:015][  0]LogTemp: Display: Module 'WindowsTargetPlatform' loaded TargetPlatform 'Windows'
[2019.12.15-04.32.32:015][  0]LogTargetPlatformManager: Display: Building Assets For Windows
[2019.12.15-04.32.32:020][  0]LogAudioDebug: Display: Lib vorbis DLL was dynamically loaded.
[2019.12.15-04.32.32:047][  0]LogShaderCompilers: Guid format shader working directory is 26 characters bigger than the processId version (F:/我的文档/-/Qinsword/Intermediate/Shaders/WorkingDirectory/20584/).
[2019.12.15-04.32.32:047][  0]LogShaderCompilers: Cleaned the shader compiler working directory 'C:/Users/范儿小水/AppData/Local/Temp/UnrealShaderWorkingDir/EC2D340244807A471FBD4695B1F21F44/'.
[2019.12.15-04.32.32:048][  0]LogXGEController: Cannot use XGE Controller as Incredibuild is not installed on this machine.
[2019.12.15-04.32.32:048][  0]LogShaderCompilers: Cannot use XGE Shader Compiler as Incredibuild is not installed on this machine.
[2019.12.15-04.32.32:048][  0]LogShaderCompilers: Display: Using Local Shader Compiler.
[2019.12.15-04.32.32:469][  0]LogDerivedDataCache: Display: Max Cache Size: 512 MB
[2019.12.15-04.32.32:523][  0]LogDerivedDataCache: Loaded boot cache 0.05s 71MB C:/Users/范儿小水/AppData/Local/UnrealEngine/4.22/DerivedDataCache/Boot.ddc.
[2019.12.15-04.32.32:523][  0]LogDerivedDataCache: Display: Loaded Boot cache: C:/Users/范儿小水/AppData/Local/UnrealEngine/4.22/DerivedDataCache/Boot.ddc
[2019.12.15-04.32.32:523][  0]LogDerivedDataCache: FDerivedDataBackendGraph:  Pak pak cache file F:/我的文档/-/Qinsword/DerivedDataCache/DDC.ddp not found, will not use a pak cache.
[2019.12.15-04.32.32:523][  0]LogDerivedDataCache: Unable to find inner node Pak for hierarchical cache Hierarchy.
[2019.12.15-04.32.32:523][  0]LogDerivedDataCache: FDerivedDataBackendGraph:  CompressedPak pak cache file F:/我的文档/-/Qinsword/DerivedDataCache/Compressed.ddp not found, will not use a pak cache.
[2019.12.15-04.32.32:523][  0]LogDerivedDataCache: Unable to find inner node CompressedPak for hierarchical cache Hierarchy.
[2019.12.15-04.32.32:532][  0]LogDerivedDataCache: Display: Pak cache opened for reading ../../../Engine/DerivedDataCache/Compressed.ddp.
[2019.12.15-04.32.32:532][  0]LogDerivedDataCache: FDerivedDataBackendGraph:  EnterprisePak pak cache file ../../../Enterprise/DerivedDataCache/Compressed.ddp not found, will not use a pak cache.
[2019.12.15-04.32.32:532][  0]LogDerivedDataCache: Unable to find inner node EnterprisePak for hierarchical cache Hierarchy.
[2019.12.15-04.32.32:545][  0]LogDerivedDataCache: Using Local data cache path C:/Users/范儿小水/AppData/Local/UnrealEngine/Common/DerivedDataCache: Writable
[2019.12.15-04.32.32:545][  0]LogDerivedDataCache: Shared data cache path not found in *engine.ini, will not use an Shared cache.
[2019.12.15-04.32.32:545][  0]LogDerivedDataCache: Unable to find inner node Shared for hierarchical cache Hierarchy.
[2019.12.15-04.32.32:560][  0]LogMaterial: Verifying Global Shaders for PCD3D_SM5
[2019.12.15-04.32.32:567][  0]LogSlate: Using FreeType 2.6.0
[2019.12.15-04.32.32:567][  0]LogSlate: SlateFontServices - WITH_FREETYPE: 1, WITH_HARFBUZZ: 1
[2019.12.15-04.32.32:662][  0]LogInit: Using OS detected language (zh-CN).
[2019.12.15-04.32.32:662][  0]LogInit: Using OS detected locale (zh-CN).
[2019.12.15-04.32.32:662][  0]LogTextLocalizationManager: No localization for 'zh-CN' exists, so 'en' will be used for the language.
[2019.12.15-04.32.32:663][  0]LogTextLocalizationManager: No localization for 'zh-CN' exists, so 'en' will be used for the locale.
[2019.12.15-04.32.32:663][  0]LogSlate: FontCache flush requested. Reason: Culture for localization was changed
[2019.12.15-04.32.32:663][  0]LogSlate: FontCache flush requested. Reason: Culture for localization was changed
[2019.12.15-04.32.32:663][  0]LogTextLocalizationManager: Compacting localization data took   0.00ms
[2019.12.15-04.32.32:668][  0]LogAssetRegistry: FAssetRegistry took 0.0030 seconds to start up
[2019.12.15-04.32.32:810][  0]LogPackageLocalizationCache: Processed 10 localized package path(s) for 1 prioritized culture(s) in 0.000600 seconds
[2019.12.15-04.32.32:899][  0]LogInit: Selected Device Profile: [Windows]
[2019.12.15-04.32.32:932][  0]LogMeshReduction: Using QuadricMeshReduction for automatic static mesh reduction
[2019.12.15-04.32.32:932][  0]LogMeshReduction: Using SimplygonMeshReduction for automatic skeletal mesh reduction
[2019.12.15-04.32.32:932][  0]LogMeshReduction: Using ProxyLODMeshReduction for automatic mesh merging
[2019.12.15-04.32.32:932][  0]LogMeshReduction: No distributed automatic mesh merging module available
[2019.12.15-04.32.32:932][  0]LogMeshMerging: No distributed automatic mesh merging module available
[2019.12.15-04.32.32:999][  0]LogNetVersion: Qinsword 1.0.0, NetCL: 5660361, EngineNetVer: 10, GameNetVer: 0 (Checksum: 4280585389)
[2019.12.15-04.32.33:384][  0]LogMoviePlayer: Initializing movie player
[2019.12.15-04.32.33:493][  0]LogTcpMessaging: Initializing TcpMessaging bridge
[2019.12.15-04.32.33:506][  0]LogUdpMessaging: Initializing bridge on interface 0.0.0.0:0 to multicast group 230.0.0.1:6666.
[2019.12.15-04.32.33:587][  0]SourceControl: Source control is disabled
[2019.12.15-04.32.33:587][  0]SourceControl: Source control is disabled
[2019.12.15-04.32.33:588][  0]SourceControl: Source control is disabled
[2019.12.15-04.32.33:594][  0]LogVSAccessor: Display: Unable to create Visual Studio setup instance: 80040154
[2019.12.15-04.32.33:595][  0]LogVSAccessor: Display: Unable to create Visual Studio setup instance: 80040154
[2019.12.15-04.32.33:619][  0]LogAndroidPermission: UAndroidPermissionCallbackProxy::GetInstance
[2019.12.15-04.32.33:864][  0]LogOcInput: OculusInput pre-init called
[2019.12.15-04.32.33:875][  0]LogUObjectArray: 46459 objects as part of root set at end of initial load.
[2019.12.15-04.32.33:875][  0]LogUObjectAllocator: 8159704 out of 0 bytes used by permanent object pool.
[2019.12.15-04.32.33:875][  0]LogUObjectArray: CloseDisregardForGC: 0/0 objects in disregard for GC pool
[2019.12.15-04.32.33:989][  0]LogEngine: Initializing Engine...
[2019.12.15-04.32.33:991][  0]LogHMD: Failed to initialize OpenVR with code 110
[2019.12.15-04.32.34:002][  0]LogStats: UGameplayTagsManager::InitializeManager -  0.000 s
[2019.12.15-04.32.34:139][  0]LogInit: Initializing FReadOnlyCVARCache
[2019.12.15-04.32.34:262][  0]LogInit: XAudio2 using '扬声器 (2- Realtek High Definition Audio)' : 2 channels at 48 kHz using 32 bits per sample (channel mask 0x3)
[2019.12.15-04.32.34:307][  0]LogInit: FAudioDevice initialized.
[2019.12.15-04.32.34:319][  0]LogNetVersion: Set ProjectVersion to 1.0.0.0. Version Checksum will be recalculated on next use.
[2019.12.15-04.32.34:327][  0]LogInit: Texture streaming: Enabled
[2019.12.15-04.32.34:440][  0]LogSlate: Updating window title bar state: overlay mode, drag disabled, window buttons hidden, title bar hidden
[2019.12.15-04.32.34:441][  0]LogInit: Display: Game Engine Initialized.
[2019.12.15-04.32.34:479][  0]LogInit: Display: Starting Game.
[2019.12.15-04.32.34:479][  0]LogNet: Browse: /Game/StarterContent/map/TestMap?Name=Player
[2019.12.15-04.32.34:480][  0]LogLoad: LoadMap: /Game/StarterContent/map/TestMap?Name=Player
[2019.12.15-04.32.34:506][  0]LogUObjectHash: Compacting FUObjectHashTables data took   1.13ms
[2019.12.15-04.32.34:668][  0]LogAIModule: Creating AISystem for world TestMap
[2019.12.15-04.32.34:668][  0]LogLoad: Game class is 'TestMode_C'
[2019.12.15-04.32.34:671][  0]LogWorld: Bringing World /Game/StarterContent/map/TestMap.TestMap up for play (max tick rate 0) at 2019.12.15-12.32.34
[2019.12.15-04.32.34:672][  0]LogWorld: Bringing up level for play took: 0.003074
[2019.12.15-04.32.34:673][  0]LogGameMode: FindPlayerStart: PATHS NOT DEFINED or NO PLAYERSTART with positive rating
[2019.12.15-04.32.34:679][  0]LogLoad: Took 0.199137 seconds to LoadMap(/Game/StarterContent/map/TestMap)
[2019.12.15-04.32.34:729][  0]LogRenderer: Reallocating scene render targets to support 1280x720 Format 10 NumSamples 1 (Frame:1).
[2019.12.15-04.32.34:729][  0]LogLoad: (Engine Initialization) Total time: 5.59 seconds
[2019.12.15-04.32.34:729][  0]LogLoad: (Engine Initialization) Total Blueprint compile time: 0.00 seconds
[2019.12.15-04.32.34:751][  0]LogContentStreaming: Texture pool size now 1000 MB
