Log file open, 02/13/20 12:24:14
LogWindows: Failed to load 'aqProf.dll' (GetLastError=126)
LogWindows: File 'aqProf.dll' does not exist
LogWindows: Failed to load 'VtuneApi.dll' (GetLastError=126)
LogWindows: File 'VtuneApi.dll' does not exist
LogWindows: Failed to load 'VtuneApi32e.dll' (GetLastError=126)
LogWindows: File 'VtuneApi32e.dll' does not exist
LogConsoleResponse: Display: Failed to find resolution value strings in scalability ini. Falling back to default.
LogInit: Display: Running engine for game: Qinsword
LogPakFile: Registered encryption key '00000000000000000000000000000000': 0 pak files mounted, 0 remain pending
LogPlatformFile: Not using cached read wrapper
LogTaskGraph: Started task graph with 5 named threads and 20 total threads with 3 sets of task threads.
LogStats: Stats thread started at 0.256278
LogD3D11RHI: Loaded GFSDK_Aftermath_Lib.x64.dll
LogICUInternationalization: ICU TimeZone Detection - Raw Offset: +8:00, Platform Override: ''
LogPluginManager: Mounting plugin Paper2D
LogPluginManager: Mounting plugin AISupport
LogPluginManager: Mounting plugin LightPropagationVolume
LogPluginManager: Mounting plugin ActorLayerUtilities
LogPluginManager: Mounting plugin AnimationSharing
LogPluginManager: Mounting plugin CLionSourceCodeAccess
LogPluginManager: Mounting plugin CodeLiteSourceCodeAccess
LogPluginManager: Mounting plugin GitSourceControl
LogPluginManager: Mounting plugin KDevelopSourceCodeAccess
LogPluginManager: Mounting plugin NullSourceCodeAccess
LogPluginManager: Mounting plugin PerforceSourceControl
LogPluginManager: Mounting plugin SubversionSourceControl
LogPluginManager: Mounting plugin UObjectPlugin
LogPluginManager: Mounting plugin VisualStudioCodeSourceCodeAccess
LogPluginManager: Mounting plugin VisualStudioSourceCodeAccess
LogPluginManager: Mounting plugin XCodeSourceCodeAccess
LogPluginManager: Mounting plugin AssetManagerEditor
LogPluginManager: Mounting plugin CryptoKeys
LogPluginManager: Mounting plugin DataValidation
LogPluginManager: Mounting plugin FacialAnimation
LogPluginManager: Mounting plugin GameplayTagsEditor
LogPluginManager: Mounting plugin MacGraphicsSwitching
LogPluginManager: Mounting plugin MaterialAnalyzer
LogPluginManager: Mounting plugin MobileLauncherProfileWizard
LogPluginManager: Mounting plugin PluginBrowser
LogPluginManager: Mounting plugin SpeedTreeImporter
LogPluginManager: Mounting plugin DatasmithContent
LogPluginManager: Mounting plugin VariantManagerContent
LogPluginManager: Mounting plugin AlembicImporter
LogPluginManager: Mounting plugin AppleImageUtils
LogPluginManager: Mounting plugin AppleVision
LogPluginManager: Mounting plugin BackChannel
LogPluginManager: Mounting plugin CharacterAI
LogPluginManager: Mounting plugin GeometryCache
LogPluginManager: Mounting plugin HTML5Networking
LogPluginManager: Mounting plugin ProxyLODPlugin
LogPluginManager: Mounting plugin SkeletalReduction
LogPluginManager: Mounting plugin MagicLeap
LogPluginManager: Mounting plugin MagicLeapMedia
LogPluginManager: Mounting plugin AndroidMedia
LogPluginManager: Mounting plugin AvfMedia
LogPluginManager: Mounting plugin ImgMedia
LogPluginManager: Mounting plugin LinearTimecode
LogPluginManager: Mounting plugin MediaCompositing
LogPluginManager: Mounting plugin MediaPlayerEditor
LogPluginManager: Mounting plugin WebMMedia
LogPluginManager: Mounting plugin WmfMedia
LogPluginManager: Mounting plugin TcpMessaging
LogPluginManager: Mounting plugin UdpMessaging
LogPluginManager: Mounting plugin ActorSequence
LogPluginManager: Mounting plugin LevelSequenceEditor
LogPluginManager: Mounting plugin MatineeToLevelSequence
LogPluginManager: Mounting plugin NetcodeUnitTest
LogPluginManager: Mounting plugin NUTUnrealEngine4
LogPluginManager: Mounting plugin OnlineSubsystemGooglePlay
LogPluginManager: Mounting plugin OnlineSubsystemIOS
LogPluginManager: Mounting plugin OnlineSubsystem
LogPluginManager: Mounting plugin OnlineSubsystemNull
LogPluginManager: Mounting plugin OnlineSubsystemUtils
LogPluginManager: Mounting plugin LauncherChunkInstaller
LogPluginManager: Mounting plugin AndroidDeviceProfileSelector
LogPluginManager: Mounting plugin AndroidMoviePlayer
LogPluginManager: Mounting plugin AndroidPermission
LogPluginManager: Mounting plugin AppleMoviePlayer
LogPluginManager: Mounting plugin ArchVisCharacter
LogPluginManager: Mounting plugin AudioCapture
LogPluginManager: Mounting plugin CableComponent
LogPluginManager: Mounting plugin CustomMeshComponent
LogPluginManager: Mounting plugin EditableMesh
LogPluginManager: Mounting plugin ExampleDeviceProfileSelector
LogPluginManager: Mounting plugin Firebase
LogPluginManager: Mounting plugin GoogleCloudMessaging
LogPluginManager: Mounting plugin IOSDeviceProfileSelector
LogPluginManager: Mounting plugin LinuxDeviceProfileSelector
LogPluginManager: Mounting plugin LocationServicesBPLibrary
LogPluginManager: Mounting plugin MobilePatchingUtils
LogPluginManager: Mounting plugin OculusVR
LogPluginManager: Mounting plugin PhysXVehicles
LogPluginManager: Mounting plugin ProceduralMeshComponent
LogPluginManager: Mounting plugin RuntimePhysXCooking
LogPluginManager: Mounting plugin SignificanceManager
LogPluginManager: Mounting plugin SteamVR
LogPluginManager: Mounting plugin WebMMoviePlayer
LogPluginManager: Mounting plugin WindowsMoviePlayer
LogInit: Using libcurl 7.55.1-DEV
LogInit:  - built for x86_64-pc-win32
LogInit:  - supports SSL with OpenSSL/1.1.1
LogInit:  - supports HTTP deflate (compression) using libz 1.2.8
LogInit:  - other features:
LogInit:      CURL_VERSION_SSL
LogInit:      CURL_VERSION_LIBZ
LogInit:      CURL_VERSION_IPV6
LogInit:      CURL_VERSION_ASYNCHDNS
LogInit:      CURL_VERSION_LARGEFILE
LogInit:      CURL_VERSION_IDN
LogInit:  CurlRequestOptions (configurable via config and command line):
LogInit:  - bVerifyPeer = true  - Libcurl will verify peer certificate
LogInit:  - bUseHttpProxy = false  - Libcurl will NOT use HTTP proxy
LogInit:  - bDontReuseConnections = false  - Libcurl will reuse connections
LogInit:  - MaxHostConnections = 16  - Libcurl will limit the number of connections to a host
LogInit:  - LocalHostAddr = Default
LogInit:  - BufferSize = 65536
LogInit: WinSock: version 1.1 (2.2), MaxSocks=32767, MaxUdp=65467
LogInit: Build: ++UE4+Release-4.22-CL-6063286
LogInit: Engine Version: 4.22.1-6063286+++UE4+Release-4.22
LogInit: Compatible Engine Version: 4.22.0-5660361+++UE4+Release-4.22
LogInit: Net CL: 5660361
LogInit: OS: Windows 10 (Release 1803) (), CPU: Intel(R) Core(TM) i5-8500 CPU @ 3.00GHz, GPU: NVIDIA GeForce GTX 1070
LogInit: Compiled (64-bit): Apr 24 2019 04:36:48
LogInit: Compiled with Visual C++: 19.16.27025.01
LogInit: Build Configuration: Development
LogInit: Branch Name: ++UE4+Release-4.22
LogInit: Command Line: 
LogInit: Base Directory: D:/Program Files/Epic Games/UE_4.22/Engine/Binaries/Win64/
LogInit: Installed Engine Build: 1
LogDevObjectVersion: Number of dev versions registered: 23
LogDevObjectVersion:   Dev-Blueprints (B0D832E4-1F89-4F0D-ACCF-7EB736FD4AA2): 10
LogDevObjectVersion:   Dev-Build (E1C64328-A22C-4D53-A36C-8E866417BD8C): 0
LogDevObjectVersion:   Dev-Core (375EC13C-06E4-48FB-B500-84F0262A717E): 3
LogDevObjectVersion:   Dev-Editor (E4B068ED-F494-42E9-A231-DA0B2E46BB41): 30
LogDevObjectVersion:   Dev-Framework (CFFC743F-43B0-4480-9391-14DF171D2073): 35
LogDevObjectVersion:   Dev-Mobile (B02B49B5-BB20-44E9-A304-32B752E40360): 2
LogDevObjectVersion:   Dev-Networking (A4E4105C-59A1-49B5-A7C5-40C4547EDFEE): 0
LogDevObjectVersion:   Dev-Online (39C831C9-5AE6-47DC-9A44-9C173E1C8E7C): 0
LogDevObjectVersion:   Dev-Physics (78F01B33-EBEA-4F98-B9B4-84EACCB95AA2): 0
LogDevObjectVersion:   Dev-Platform (6631380F-2D4D-43E0-8009-CF276956A95A): 0
LogDevObjectVersion:   Dev-Rendering (12F88B9F-8875-4AFC-A67C-D90C383ABD29): 28
LogDevObjectVersion:   Dev-Sequencer (7B5AE74C-D270-4C10-A958-57980B212A5A): 11
LogDevObjectVersion:   Dev-VR (D7296918-1DD6-4BDD-9DE2-64A83CC13884): 2
LogDevObjectVersion:   Dev-LoadTimes (C2A15278-BFE7-4AFE-6C17-90FF531DF755): 1
LogDevObjectVersion:   Private-Geometry (6EACA3D4-40EC-4CC1-B786-8BED09428FC5): 3
LogDevObjectVersion:   Dev-AnimPhys (29E575DD-E0A3-4627-9D10-D276232CDCEA): 17
LogDevObjectVersion:   Dev-Anim (AF43A65D-7FD3-4947-9873-3E8ED9C1BB05): 2
LogDevObjectVersion:   Dev-ReflectionCapture (6B266CEC-1EC7-4B8F-A30B-E4D90942FC07): 1
LogDevObjectVersion:   Dev-Automation (0DF73D61-A23F-47EA-B727-89E90C41499A): 1
LogDevObjectVersion:   FortniteMain (601D1886-AC64-4F84-AA16-D3DE0DEAC7D6): 25
LogDevObjectVersion:   Dev-Enterprise (9DFFBCD6-494F-0158-E221-12823C92A888): 6
LogDevObjectVersion:   Dev-Niagara (F2AED0AC-9AFE-416F-8664-AA7FFA26D6FC): 1
LogDevObjectVersion:   Dev-Destruction (174F1F0B-B4C6-45A5-B13F-2EE8D0FB917D): 2
LogInit: Presizing for max 16777216 objects, including 0 objects not considered by GC, pre-allocating 0 bytes for permanent pool.
LogInit: Object subsystem initialized
LogConfig: Setting CVar [[con.DebugEarlyDefault:1]]
LogConfig: Setting CVar [[r.setres:1280x720]]
[2020.02.13-04.24.16:432][  0]LogConfig: Setting CVar [[r.VSync:0]]
[2020.02.13-04.24.16:432][  0]LogConfig: Setting CVar [[r.RHICmdBypass:0]]
[2020.02.13-04.24.16:432][  0]LogConfig: Applying CVar settings from Section [/Script/Engine.RendererSettings] File [D:/Unreal Projects/-/Qinsword/Saved/Config/Windows/Engine.ini]
[2020.02.13-04.24.16:433][  0]LogConfig: Setting CVar [[r.GPUCrashDebugging:0]]
[2020.02.13-04.24.16:433][  0]LogConfig: Setting CVar [[r.DefaultFeature.AutoExposure.ExtendDefaultLuminanceRange:1]]
[2020.02.13-04.24.16:433][  0]LogConfig: Applying CVar settings from Section [/Script/Engine.RendererOverrideSettings] File [D:/Unreal Projects/-/Qinsword/Saved/Config/Windows/Engine.ini]
[2020.02.13-04.24.16:433][  0]LogConfig: Applying CVar settings from Section [/Script/Engine.StreamingSettings] File [D:/Unreal Projects/-/Qinsword/Saved/Config/Windows/Engine.ini]
[2020.02.13-04.24.16:433][  0]LogConfig: Setting CVar [[s.MinBulkDataSizeForAsyncLoading:131072]]
[2020.02.13-04.24.16:433][  0]LogConfig: Setting CVar [[s.AsyncLoadingThreadEnabled:0]]
[2020.02.13-04.24.16:433][  0]LogConfig: Setting CVar [[s.EventDrivenLoaderEnabled:1]]
[2020.02.13-04.24.16:433][  0]LogConfig: Setting CVar [[s.WarnIfTimeLimitExceeded:0]]
[2020.02.13-04.24.16:433][  0]LogConfig: Setting CVar [[s.TimeLimitExceededMultiplier:1.5]]
[2020.02.13-04.24.16:433][  0]LogConfig: Setting CVar [[s.TimeLimitExceededMinTime:0.005]]
[2020.02.13-04.24.16:433][  0]LogConfig: Setting CVar [[s.UseBackgroundLevelStreaming:1]]
[2020.02.13-04.24.16:433][  0]LogConfig: Setting CVar [[s.PriorityAsyncLoadingExtraTime:15.0]]
[2020.02.13-04.24.16:433][  0]LogConfig: Setting CVar [[s.LevelStreamingActorsUpdateTimeLimit:5.0]]
[2020.02.13-04.24.16:433][  0]LogConfig: Setting CVar [[s.PriorityLevelStreamingActorsUpdateExtraTime:5.0]]
[2020.02.13-04.24.16:433][  0]LogConfig: Setting CVar [[s.LevelStreamingComponentsRegistrationGranularity:10]]
[2020.02.13-04.24.16:433][  0]LogConfig: Setting CVar [[s.UnregisterComponentsTimeLimit:1.0]]
[2020.02.13-04.24.16:433][  0]LogConfig: Setting CVar [[s.LevelStreamingComponentsUnregistrationGranularity:5]]
[2020.02.13-04.24.16:434][  0]LogConfig: Applying CVar settings from Section [/Script/Engine.GarbageCollectionSettings] File [D:/Unreal Projects/-/Qinsword/Saved/Config/Windows/Engine.ini]
[2020.02.13-04.24.16:434][  0]LogConfig: Setting CVar [[gc.MaxObjectsNotConsideredByGC:1]]
[2020.02.13-04.24.16:434][  0]LogConfig: Setting CVar [[gc.SizeOfPermanentObjectPool:0]]
[2020.02.13-04.24.16:434][  0]LogConfig: Setting CVar [[gc.FlushStreamingOnGC:0]]
[2020.02.13-04.24.16:434][  0]LogConfig: Setting CVar [[gc.NumRetriesBeforeForcingGC:10]]
[2020.02.13-04.24.16:434][  0]LogConfig: Setting CVar [[gc.AllowParallelGC:1]]
[2020.02.13-04.24.16:434][  0]LogConfig: Setting CVar [[gc.TimeBetweenPurgingPendingKillObjects:61.1]]
[2020.02.13-04.24.16:434][  0]LogConfig: Setting CVar [[gc.MaxObjectsInEditor:16777216]]
[2020.02.13-04.24.16:434][  0]LogConfig: Setting CVar [[gc.IncrementalBeginDestroyEnabled:1]]
[2020.02.13-04.24.16:434][  0]LogConfig: Setting CVar [[gc.CreateGCClusters:1]]
[2020.02.13-04.24.16:434][  0]LogConfig: Setting CVar [[gc.MinGCClusterSize:5]]
[2020.02.13-04.24.16:434][  0]LogConfig: Setting CVar [[gc.ActorClusteringEnabled:0]]
[2020.02.13-04.24.16:434][  0]LogConfig: Setting CVar [[gc.BlueprintClusteringEnabled:0]]
[2020.02.13-04.24.16:434][  0]LogConfig: Setting CVar [[gc.UseDisregardForGCOnDedicatedServers:0]]
[2020.02.13-04.24.16:435][  0]LogConfig: Applying CVar settings from Section [/Script/Engine.NetworkSettings] File [D:/Unreal Projects/-/Qinsword/Saved/Config/Windows/Engine.ini]
[2020.02.13-04.24.16:435][  0]LogConfig: Applying CVar settings from Section [/Script/UnrealEd.CookerSettings] File [D:/Unreal Projects/-/Qinsword/Saved/Config/Windows/Engine.ini]
[2020.02.13-04.24.16:468][  0]LogConfig: Applying CVar settings from Section [ViewDistanceQuality@3] File [D:/Unreal Projects/-/Qinsword/Saved/Config/Windows/Scalability.ini]
[2020.02.13-04.24.16:468][  0]LogConfig: Setting CVar [[r.SkeletalMeshLODBias:0]]
[2020.02.13-04.24.16:468][  0]LogConfig: Setting CVar [[r.ViewDistanceScale:1.0]]
[2020.02.13-04.24.16:468][  0]LogConfig: Applying CVar settings from Section [AntiAliasingQuality@3] File [D:/Unreal Projects/-/Qinsword/Saved/Config/Windows/Scalability.ini]
[2020.02.13-04.24.16:468][  0]LogConfig: Setting CVar [[r.PostProcessAAQuality:4]]
[2020.02.13-04.24.16:468][  0]LogConfig: Applying CVar settings from Section [ShadowQuality@3] File [D:/Unreal Projects/-/Qinsword/Saved/Config/Windows/Scalability.ini]
[2020.02.13-04.24.16:468][  0]LogConfig: Setting CVar [[r.LightFunctionQuality:1]]
[2020.02.13-04.24.16:468][  0]LogConfig: Setting CVar [[r.ShadowQuality:5]]
[2020.02.13-04.24.16:468][  0]LogConfig: Setting CVar [[r.Shadow.CSM.MaxCascades:10]]
[2020.02.13-04.24.16:468][  0]LogConfig: Setting CVar [[r.Shadow.MaxResolution:2048]]
[2020.02.13-04.24.16:468][  0]LogConfig: Setting CVar [[r.Shadow.MaxCSMResolution:2048]]
[2020.02.13-04.24.16:468][  0]LogConfig: Setting CVar [[r.Shadow.RadiusThreshold:0.01]]
[2020.02.13-04.24.16:468][  0]LogConfig: Setting CVar [[r.Shadow.DistanceScale:1.0]]
[2020.02.13-04.24.16:468][  0]LogConfig: Setting CVar [[r.Shadow.CSM.TransitionScale:1.0]]
[2020.02.13-04.24.16:468][  0]LogConfig: Setting CVar [[r.Shadow.PreShadowResolutionFactor:1.0]]
[2020.02.13-04.24.16:468][  0]LogConfig: Setting CVar [[r.DistanceFieldShadowing:1]]
[2020.02.13-04.24.16:468][  0]LogConfig: Setting CVar [[r.DistanceFieldAO:1]]
[2020.02.13-04.24.16:468][  0]LogConfig: Setting CVar [[r.AOQuality:2]]
[2020.02.13-04.24.16:468][  0]LogConfig: Setting CVar [[r.VolumetricFog:1]]
[2020.02.13-04.24.16:468][  0]LogConfig: Setting CVar [[r.VolumetricFog.GridPixelSize:8]]
[2020.02.13-04.24.16:468][  0]LogConfig: Setting CVar [[r.VolumetricFog.GridSizeZ:128]]
[2020.02.13-04.24.16:468][  0]LogConfig: Setting CVar [[r.VolumetricFog.HistoryMissSupersampleCount:4]]
[2020.02.13-04.24.16:468][  0]LogConfig: Setting CVar [[r.LightMaxDrawDistanceScale:1]]
[2020.02.13-04.24.16:468][  0]LogConfig: Setting CVar [[r.CapsuleShadows:1]]
[2020.02.13-04.24.16:468][  0]LogConfig: Applying CVar settings from Section [PostProcessQuality@3] File [D:/Unreal Projects/-/Qinsword/Saved/Config/Windows/Scalability.ini]
[2020.02.13-04.24.16:468][  0]LogConfig: Setting CVar [[r.MotionBlurQuality:4]]
[2020.02.13-04.24.16:468][  0]LogConfig: Setting CVar [[r.AmbientOcclusionMipLevelFactor:0.4]]
[2020.02.13-04.24.16:468][  0]LogConfig: Setting CVar [[r.AmbientOcclusionMaxQuality:100]]
[2020.02.13-04.24.16:469][  0]LogConfig: Setting CVar [[r.AmbientOcclusionLevels:-1]]
[2020.02.13-04.24.16:469][  0]LogConfig: Setting CVar [[r.AmbientOcclusionRadiusScale:1.0]]
[2020.02.13-04.24.16:469][  0]LogConfig: Setting CVar [[r.DepthOfFieldQuality:2]]
[2020.02.13-04.24.16:469][  0]LogConfig: Setting CVar [[r.RenderTargetPoolMin:400]]
[2020.02.13-04.24.16:469][  0]LogConfig: Setting CVar [[r.LensFlareQuality:2]]
[2020.02.13-04.24.16:469][  0]LogConfig: Setting CVar [[r.SceneColorFringeQuality:1]]
[2020.02.13-04.24.16:469][  0]LogConfig: Setting CVar [[r.EyeAdaptationQuality:2]]
[2020.02.13-04.24.16:469][  0]LogConfig: Setting CVar [[r.BloomQuality:5]]
[2020.02.13-04.24.16:469][  0]LogConfig: Setting CVar [[r.FastBlurThreshold:100]]
[2020.02.13-04.24.16:469][  0]LogConfig: Setting CVar [[r.Upscale.Quality:3]]
[2020.02.13-04.24.16:469][  0]LogConfig: Setting CVar [[r.Tonemapper.GrainQuantization:1]]
[2020.02.13-04.24.16:469][  0]LogConfig: Setting CVar [[r.LightShaftQuality:1]]
[2020.02.13-04.24.16:469][  0]LogConfig: Setting CVar [[r.Filter.SizeScale:1]]
[2020.02.13-04.24.16:469][  0]LogConfig: Setting CVar [[r.Tonemapper.Quality:5]]
[2020.02.13-04.24.16:469][  0]LogConfig: Setting CVar [[r.DOF.Gather.AccumulatorQuality:1        ; higher gathering accumulator quality]]
[2020.02.13-04.24.16:469][  0]LogConfig: Setting CVar [[r.DOF.Gather.PostfilterMethod:1          ; Median3x3 postfilering method]]
[2020.02.13-04.24.16:469][  0]LogConfig: Setting CVar [[r.DOF.Gather.EnableBokehSettings:0       ; no bokeh simulation when gathering]]
[2020.02.13-04.24.16:469][  0]LogConfig: Setting CVar [[r.DOF.Gather.RingCount:4                 ; medium number of samples when gathering]]
[2020.02.13-04.24.16:469][  0]LogConfig: Setting CVar [[r.DOF.Scatter.ForegroundCompositing:1    ; additive foreground scattering]]
[2020.02.13-04.24.16:469][  0]LogConfig: Setting CVar [[r.DOF.Scatter.BackgroundCompositing:2    ; additive background scattering]]
[2020.02.13-04.24.16:469][  0]LogConfig: Setting CVar [[r.DOF.Scatter.EnableBokehSettings:1      ; bokeh simulation when scattering]]
[2020.02.13-04.24.16:469][  0]LogConfig: Setting CVar [[r.DOF.Scatter.MaxSpriteRatio:0.1         ; only a maximum of 10% of scattered bokeh]]
[2020.02.13-04.24.16:469][  0]LogConfig: Setting CVar [[r.DOF.Recombine.Quality:1                ; cheap slight out of focus]]
[2020.02.13-04.24.16:469][  0]LogConfig: Setting CVar [[r.DOF.Recombine.EnableBokehSettings:0    ; no bokeh simulation on slight out of focus]]
[2020.02.13-04.24.16:469][  0]LogConfig: Setting CVar [[r.DOF.TemporalAAQuality:1                ; more stable temporal accumulation]]
[2020.02.13-04.24.16:469][  0]LogConfig: Setting CVar [[r.DOF.Kernel.MaxForegroundRadius:0.025]]
[2020.02.13-04.24.16:469][  0]LogConfig: Setting CVar [[r.DOF.Kernel.MaxBackgroundRadius:0.025]]
[2020.02.13-04.24.16:469][  0]LogConfig: Applying CVar settings from Section [TextureQuality@3] File [D:/Unreal Projects/-/Qinsword/Saved/Config/Windows/Scalability.ini]
[2020.02.13-04.24.16:469][  0]LogConfig: Setting CVar [[r.Streaming.MipBias:0]]
[2020.02.13-04.24.16:469][  0]LogConfig: Setting CVar [[r.Streaming.AmortizeCPUToGPUCopy:0]]
[2020.02.13-04.24.16:469][  0]LogConfig: Setting CVar [[r.Streaming.MaxNumTexturesToStreamPerFrame:0]]
[2020.02.13-04.24.16:469][  0]LogConfig: Setting CVar [[r.Streaming.Boost:1]]
[2020.02.13-04.24.16:469][  0]LogConfig: Setting CVar [[r.MaxAnisotropy:8]]
[2020.02.13-04.24.16:469][  0]LogConfig: Setting CVar [[r.Streaming.LimitPoolSizeToVRAM:0]]
[2020.02.13-04.24.16:469][  0]LogConfig: Setting CVar [[r.Streaming.PoolSize:1000]]
[2020.02.13-04.24.16:469][  0]LogConfig: Setting CVar [[r.Streaming.MaxEffectiveScreenSize:0]]
[2020.02.13-04.24.16:469][  0]LogConfig: Applying CVar settings from Section [EffectsQuality@3] File [D:/Unreal Projects/-/Qinsword/Saved/Config/Windows/Scalability.ini]
[2020.02.13-04.24.16:469][  0]LogConfig: Setting CVar [[r.TranslucencyLightingVolumeDim:64]]
[2020.02.13-04.24.16:469][  0]LogConfig: Setting CVar [[r.RefractionQuality:2]]
[2020.02.13-04.24.16:469][  0]LogConfig: Setting CVar [[r.SSR.Quality:3]]
[2020.02.13-04.24.16:469][  0]LogConfig: Setting CVar [[r.SceneColorFormat:4]]
[2020.02.13-04.24.16:469][  0]LogConfig: Setting CVar [[r.DetailMode:2]]
[2020.02.13-04.24.16:469][  0]LogConfig: Setting CVar [[r.TranslucencyVolumeBlur:1]]
[2020.02.13-04.24.16:469][  0]LogConfig: Setting CVar [[r.MaterialQualityLevel:1 ; High quality]]
[2020.02.13-04.24.16:469][  0]LogConfig: Setting CVar [[r.SSS.Scale:1]]
[2020.02.13-04.24.16:469][  0]LogConfig: Setting CVar [[r.SSS.SampleSet:2]]
[2020.02.13-04.24.16:469][  0]LogConfig: Setting CVar [[r.SSS.Quality:1]]
[2020.02.13-04.24.16:469][  0]LogConfig: Setting CVar [[r.SSS.HalfRes:1]]
[2020.02.13-04.24.16:469][  0]LogConfig: Setting CVar [[r.EmitterSpawnRateScale:1.0]]
[2020.02.13-04.24.16:469][  0]LogConfig: Setting CVar [[r.ParticleLightQuality:2]]
[2020.02.13-04.24.16:469][  0]LogConfig: Applying CVar settings from Section [FoliageQuality@3] File [D:/Unreal Projects/-/Qinsword/Saved/Config/Windows/Scalability.ini]
[2020.02.13-04.24.16:469][  0]LogConfig: Setting CVar [[foliage.DensityScale:1.0]]
[2020.02.13-04.24.16:469][  0]LogConfig: Setting CVar [[grass.DensityScale:1.0]]
[2020.02.13-04.24.16:476][  0]LogInit: Selected Device Profile: [Windows]
[2020.02.13-04.24.16:476][  0]LogInit: Applying CVar settings loaded from the selected device profile: [Windows]
[2020.02.13-04.24.16:627][  0]LogHAL: Display: Platform has ~ 16 GB [17093140480 / 17179869184 / 16], which maps to Larger [LargestMinGB=32, LargerMinGB=12, DefaultMinGB=8, SmallerMinGB=6, SmallestMinGB=0)
[2020.02.13-04.24.16:628][  0]LogConfig: Setting CVar [[r.Vulkan.UseRealUBs:0		; Required until we fix HLR fall-out]]
[2020.02.13-04.24.16:628][  0]LogInit: Going up to parent DeviceProfile []
[2020.02.13-04.24.16:629][  0]LogConfig: Applying CVar settings from Section [ViewDistanceQuality@3] File [D:/Unreal Projects/-/Qinsword/Saved/Config/Windows/Scalability.ini]
[2020.02.13-04.24.16:629][  0]LogConfig: Setting CVar [[r.SkeletalMeshLODBias:0]]
[2020.02.13-04.24.16:629][  0]LogConfig: Setting CVar [[r.ViewDistanceScale:1.0]]
[2020.02.13-04.24.16:629][  0]LogConfig: Applying CVar settings from Section [AntiAliasingQuality@3] File [D:/Unreal Projects/-/Qinsword/Saved/Config/Windows/Scalability.ini]
[2020.02.13-04.24.16:629][  0]LogConfig: Setting CVar [[r.PostProcessAAQuality:4]]
[2020.02.13-04.24.16:629][  0]LogConfig: Applying CVar settings from Section [ShadowQuality@3] File [D:/Unreal Projects/-/Qinsword/Saved/Config/Windows/Scalability.ini]
[2020.02.13-04.24.16:629][  0]LogConfig: Setting CVar [[r.LightFunctionQuality:1]]
[2020.02.13-04.24.16:629][  0]LogConfig: Setting CVar [[r.ShadowQuality:5]]
[2020.02.13-04.24.16:629][  0]LogConfig: Setting CVar [[r.Shadow.CSM.MaxCascades:10]]
[2020.02.13-04.24.16:629][  0]LogConfig: Setting CVar [[r.Shadow.MaxResolution:2048]]
[2020.02.13-04.24.16:629][  0]LogConfig: Setting CVar [[r.Shadow.MaxCSMResolution:2048]]
[2020.02.13-04.24.16:629][  0]LogConfig: Setting CVar [[r.Shadow.RadiusThreshold:0.01]]
[2020.02.13-04.24.16:629][  0]LogConfig: Setting CVar [[r.Shadow.DistanceScale:1.0]]
[2020.02.13-04.24.16:629][  0]LogConfig: Setting CVar [[r.Shadow.CSM.TransitionScale:1.0]]
[2020.02.13-04.24.16:629][  0]LogConfig: Setting CVar [[r.Shadow.PreShadowResolutionFactor:1.0]]
[2020.02.13-04.24.16:629][  0]LogConfig: Setting CVar [[r.DistanceFieldShadowing:1]]
[2020.02.13-04.24.16:629][  0]LogConfig: Setting CVar [[r.DistanceFieldAO:1]]
[2020.02.13-04.24.16:629][  0]LogConfig: Setting CVar [[r.AOQuality:2]]
[2020.02.13-04.24.16:629][  0]LogConfig: Setting CVar [[r.VolumetricFog:1]]
[2020.02.13-04.24.16:629][  0]LogConfig: Setting CVar [[r.VolumetricFog.GridPixelSize:8]]
[2020.02.13-04.24.16:629][  0]LogConfig: Setting CVar [[r.VolumetricFog.GridSizeZ:128]]
[2020.02.13-04.24.16:629][  0]LogConfig: Setting CVar [[r.VolumetricFog.HistoryMissSupersampleCount:4]]
[2020.02.13-04.24.16:629][  0]LogConfig: Setting CVar [[r.LightMaxDrawDistanceScale:1]]
[2020.02.13-04.24.16:629][  0]LogConfig: Setting CVar [[r.CapsuleShadows:1]]
[2020.02.13-04.24.16:629][  0]LogConfig: Applying CVar settings from Section [PostProcessQuality@3] File [D:/Unreal Projects/-/Qinsword/Saved/Config/Windows/Scalability.ini]
[2020.02.13-04.24.16:629][  0]LogConfig: Setting CVar [[r.MotionBlurQuality:4]]
[2020.02.13-04.24.16:629][  0]LogConfig: Setting CVar [[r.AmbientOcclusionMipLevelFactor:0.4]]
[2020.02.13-04.24.16:629][  0]LogConfig: Setting CVar [[r.AmbientOcclusionMaxQuality:100]]
[2020.02.13-04.24.16:629][  0]LogConfig: Setting CVar [[r.AmbientOcclusionLevels:-1]]
[2020.02.13-04.24.16:629][  0]LogConfig: Setting CVar [[r.AmbientOcclusionRadiusScale:1.0]]
[2020.02.13-04.24.16:629][  0]LogConfig: Setting CVar [[r.DepthOfFieldQuality:2]]
[2020.02.13-04.24.16:629][  0]LogConfig: Setting CVar [[r.RenderTargetPoolMin:400]]
[2020.02.13-04.24.16:629][  0]LogConfig: Setting CVar [[r.LensFlareQuality:2]]
[2020.02.13-04.24.16:629][  0]LogConfig: Setting CVar [[r.SceneColorFringeQuality:1]]
[2020.02.13-04.24.16:629][  0]LogConfig: Setting CVar [[r.EyeAdaptationQuality:2]]
[2020.02.13-04.24.16:629][  0]LogConfig: Setting CVar [[r.BloomQuality:5]]
[2020.02.13-04.24.16:629][  0]LogConfig: Setting CVar [[r.FastBlurThreshold:100]]
[2020.02.13-04.24.16:629][  0]LogConfig: Setting CVar [[r.Upscale.Quality:3]]
[2020.02.13-04.24.16:629][  0]LogConfig: Setting CVar [[r.Tonemapper.GrainQuantization:1]]
[2020.02.13-04.24.16:629][  0]LogConfig: Setting CVar [[r.LightShaftQuality:1]]
[2020.02.13-04.24.16:629][  0]LogConfig: Setting CVar [[r.Filter.SizeScale:1]]
[2020.02.13-04.24.16:629][  0]LogConfig: Setting CVar [[r.Tonemapper.Quality:5]]
[2020.02.13-04.24.16:629][  0]LogConfig: Setting CVar [[r.DOF.Gather.AccumulatorQuality:1        ; higher gathering accumulator quality]]
[2020.02.13-04.24.16:629][  0]LogConfig: Setting CVar [[r.DOF.Gather.PostfilterMethod:1          ; Median3x3 postfilering method]]
[2020.02.13-04.24.16:629][  0]LogConfig: Setting CVar [[r.DOF.Gather.EnableBokehSettings:0       ; no bokeh simulation when gathering]]
[2020.02.13-04.24.16:629][  0]LogConfig: Setting CVar [[r.DOF.Gather.RingCount:4                 ; medium number of samples when gathering]]
[2020.02.13-04.24.16:629][  0]LogConfig: Setting CVar [[r.DOF.Scatter.ForegroundCompositing:1    ; additive foreground scattering]]
[2020.02.13-04.24.16:629][  0]LogConfig: Setting CVar [[r.DOF.Scatter.BackgroundCompositing:2    ; additive background scattering]]
[2020.02.13-04.24.16:629][  0]LogConfig: Setting CVar [[r.DOF.Scatter.EnableBokehSettings:1      ; bokeh simulation when scattering]]
[2020.02.13-04.24.16:629][  0]LogConfig: Setting CVar [[r.DOF.Scatter.MaxSpriteRatio:0.1         ; only a maximum of 10% of scattered bokeh]]
[2020.02.13-04.24.16:629][  0]LogConfig: Setting CVar [[r.DOF.Recombine.Quality:1                ; cheap slight out of focus]]
[2020.02.13-04.24.16:629][  0]LogConfig: Setting CVar [[r.DOF.Recombine.EnableBokehSettings:0    ; no bokeh simulation on slight out of focus]]
[2020.02.13-04.24.16:629][  0]LogConfig: Setting CVar [[r.DOF.TemporalAAQuality:1                ; more stable temporal accumulation]]
[2020.02.13-04.24.16:629][  0]LogConfig: Setting CVar [[r.DOF.Kernel.MaxForegroundRadius:0.025]]
[2020.02.13-04.24.16:629][  0]LogConfig: Setting CVar [[r.DOF.Kernel.MaxBackgroundRadius:0.025]]
[2020.02.13-04.24.16:629][  0]LogConfig: Applying CVar settings from Section [TextureQuality@3] File [D:/Unreal Projects/-/Qinsword/Saved/Config/Windows/Scalability.ini]
[2020.02.13-04.24.16:629][  0]LogConfig: Setting CVar [[r.Streaming.MipBias:0]]
[2020.02.13-04.24.16:629][  0]LogConfig: Setting CVar [[r.Streaming.AmortizeCPUToGPUCopy:0]]
[2020.02.13-04.24.16:629][  0]LogConfig: Setting CVar [[r.Streaming.MaxNumTexturesToStreamPerFrame:0]]
[2020.02.13-04.24.16:629][  0]LogConfig: Setting CVar [[r.Streaming.Boost:1]]
[2020.02.13-04.24.16:629][  0]LogConfig: Setting CVar [[r.MaxAnisotropy:8]]
[2020.02.13-04.24.16:629][  0]LogConfig: Setting CVar [[r.Streaming.LimitPoolSizeToVRAM:0]]
[2020.02.13-04.24.16:629][  0]LogConfig: Setting CVar [[r.Streaming.PoolSize:1000]]
[2020.02.13-04.24.16:629][  0]LogConfig: Setting CVar [[r.Streaming.MaxEffectiveScreenSize:0]]
[2020.02.13-04.24.16:629][  0]LogConfig: Applying CVar settings from Section [EffectsQuality@3] File [D:/Unreal Projects/-/Qinsword/Saved/Config/Windows/Scalability.ini]
[2020.02.13-04.24.16:629][  0]LogConfig: Setting CVar [[r.TranslucencyLightingVolumeDim:64]]
[2020.02.13-04.24.16:629][  0]LogConfig: Setting CVar [[r.RefractionQuality:2]]
[2020.02.13-04.24.16:629][  0]LogConfig: Setting CVar [[r.SSR.Quality:3]]
[2020.02.13-04.24.16:629][  0]LogConfig: Setting CVar [[r.SceneColorFormat:4]]
[2020.02.13-04.24.16:629][  0]LogConfig: Setting CVar [[r.DetailMode:2]]
[2020.02.13-04.24.16:629][  0]LogConfig: Setting CVar [[r.TranslucencyVolumeBlur:1]]
[2020.02.13-04.24.16:629][  0]LogConfig: Setting CVar [[r.MaterialQualityLevel:1 ; High quality]]
[2020.02.13-04.24.16:629][  0]LogConfig: Setting CVar [[r.SSS.Scale:1]]
[2020.02.13-04.24.16:629][  0]LogConfig: Setting CVar [[r.SSS.SampleSet:2]]
[2020.02.13-04.24.16:629][  0]LogConfig: Setting CVar [[r.SSS.Quality:1]]
[2020.02.13-04.24.16:629][  0]LogConfig: Setting CVar [[r.SSS.HalfRes:1]]
[2020.02.13-04.24.16:629][  0]LogConfig: Setting CVar [[r.EmitterSpawnRateScale:1.0]]
[2020.02.13-04.24.16:629][  0]LogConfig: Setting CVar [[r.ParticleLightQuality:2]]
[2020.02.13-04.24.16:629][  0]LogConfig: Applying CVar settings from Section [FoliageQuality@3] File [D:/Unreal Projects/-/Qinsword/Saved/Config/Windows/Scalability.ini]
[2020.02.13-04.24.16:629][  0]LogConfig: Setting CVar [[foliage.DensityScale:1.0]]
[2020.02.13-04.24.16:629][  0]LogConfig: Setting CVar [[grass.DensityScale:1.0]]
[2020.02.13-04.24.16:629][  0]LogConfig: Applying CVar settings from Section [Startup] File [../../../Engine/Config/ConsoleVariables.ini]
[2020.02.13-04.24.16:648][  0]LogConfig: Setting CVar [[net.UseAdaptiveNetUpdateFrequency:0]]
[2020.02.13-04.24.16:648][  0]LogConfig: Setting CVar [[p.chaos.AllowCreatePhysxBodies:1]]
[2020.02.13-04.24.16:648][  0]LogConfig: Applying CVar settings from Section [ConsoleVariables] File [D:/Unreal Projects/-/Qinsword/Saved/Config/Windows/Engine.ini]
[2020.02.13-04.24.16:653][  0]LogInit: Computer: DESKTOP-H85HJKG
[2020.02.13-04.24.16:653][  0]LogInit: User: dott
[2020.02.13-04.24.16:653][  0]LogInit: CPU Page size=4096, Cores=6
[2020.02.13-04.24.16:653][  0]LogInit: High frequency timer resolution =2.929687 MHz
[2020.02.13-04.24.16:663][  0]LogMemory: Memory total: Physical=15.9GB (16GB approx)
[2020.02.13-04.24.16:663][  0]LogMemory: Platform Memory Stats for Windows
[2020.02.13-04.24.16:663][  0]LogMemory: Process Physical Memory: 97.35 MB used, 97.35 MB peak
[2020.02.13-04.24.16:663][  0]LogMemory: Process Virtual Memory: 96.20 MB used, 96.20 MB peak
[2020.02.13-04.24.16:663][  0]LogMemory: Physical Memory: 7061.80 MB used,  9239.49 MB free, 16301.29 MB total
[2020.02.13-04.24.16:663][  0]LogMemory: Virtual Memory: 4657.74 MB used,  134213072.00 MB free, 134217728.00 MB total
[2020.02.13-04.24.17:174][  0]LogInit: Using OS detected language (zh-CN).
[2020.02.13-04.24.17:174][  0]LogInit: Using OS detected locale (zh-CN).
[2020.02.13-04.24.17:222][  0]LogTextLocalizationResource: LocRes '../../../Engine/Content/Localization/Editor/zh-Hans-CN/Editor.locres' could not be opened for reading!
[2020.02.13-04.24.17:222][  0]LogTextLocalizationResource: LocRes '../../../Engine/Content/Localization/EditorTutorials/zh-Hans-CN/EditorTutorials.locres' could not be opened for reading!
[2020.02.13-04.24.17:222][  0]LogTextLocalizationResource: LocRes '../../../Engine/Content/Localization/Keywords/zh-Hans-CN/Keywords.locres' could not be opened for reading!
[2020.02.13-04.24.17:222][  0]LogTextLocalizationResource: LocRes '../../../Engine/Content/Localization/Category/zh-Hans-CN/Category.locres' could not be opened for reading!
[2020.02.13-04.24.17:227][  0]LogTextLocalizationResource: LocRes '../../../Engine/Content/Localization/ToolTips/zh-Hans-CN/ToolTips.locres' could not be opened for reading!
[2020.02.13-04.24.17:232][  0]LogTextLocalizationResource: LocRes '../../../Engine/Content/Localization/PropertyNames/zh-Hans-CN/PropertyNames.locres' could not be opened for reading!
[2020.02.13-04.24.17:232][  0]LogTextLocalizationResource: LocRes '../../../Engine/Content/Localization/Engine/zh-Hans-CN/Engine.locres' could not be opened for reading!
[2020.02.13-04.24.17:232][  0]LogTextLocalizationResource: LocRes '../../../Engine/Plugins/Online/Android/OnlineSubsystemGooglePlay/Content/Localization/OnlineSubsystemGooglePlay/zh-Hans-CN/OnlineSubsystemGooglePlay.locres' could not be opened for reading!
[2020.02.13-04.24.17:232][  0]LogTextLocalizationResource: LocRes '../../../Engine/Plugins/Online/IOS/OnlineSubsystemIOS/Content/Localization/OnlineSubsystemIOS/zh-Hans-CN/OnlineSubsystemIOS.locres' could not be opened for reading!
[2020.02.13-04.24.17:232][  0]LogTextLocalizationResource: LocRes '../../../Engine/Plugins/Online/OnlineSubsystem/Content/Localization/OnlineSubsystem/zh-Hans-CN/OnlineSubsystem.locres' could not be opened for reading!
[2020.02.13-04.24.17:232][  0]LogTextLocalizationResource: LocRes '../../../Engine/Plugins/Online/OnlineSubsystemUtils/Content/Localization/OnlineSubsystemUtils/zh-Hans-CN/OnlineSubsystemUtils.locres' could not be opened for reading!
[2020.02.13-04.24.17:450][  0]LogTextLocalizationResource: LocRes '../../../Engine/Plugins/Online/Android/OnlineSubsystemGooglePlay/Content/Localization/OnlineSubsystemGooglePlay/zh-CN/OnlineSubsystemGooglePlay.locres' could not be opened for reading!
[2020.02.13-04.24.17:450][  0]LogTextLocalizationResource: LocRes '../../../Engine/Plugins/Online/IOS/OnlineSubsystemIOS/Content/Localization/OnlineSubsystemIOS/zh-CN/OnlineSubsystemIOS.locres' could not be opened for reading!
[2020.02.13-04.24.17:450][  0]LogTextLocalizationResource: LocRes '../../../Engine/Plugins/Online/OnlineSubsystem/Content/Localization/OnlineSubsystem/zh-CN/OnlineSubsystem.locres' could not be opened for reading!
[2020.02.13-04.24.17:450][  0]LogTextLocalizationResource: LocRes '../../../Engine/Plugins/Online/OnlineSubsystemUtils/Content/Localization/OnlineSubsystemUtils/zh-CN/OnlineSubsystemUtils.locres' could not be opened for reading!
[2020.02.13-04.24.17:450][  0]LogTextLocalizationResource: LocRes '../../../Engine/Content/Localization/Editor/zh-Hans/Editor.locres' could not be opened for reading!
[2020.02.13-04.24.17:450][  0]LogTextLocalizationResource: LocRes '../../../Engine/Content/Localization/EditorTutorials/zh-Hans/EditorTutorials.locres' could not be opened for reading!
[2020.02.13-04.24.17:450][  0]LogTextLocalizationResource: LocRes '../../../Engine/Content/Localization/Keywords/zh-Hans/Keywords.locres' could not be opened for reading!
[2020.02.13-04.24.17:450][  0]LogTextLocalizationResource: LocRes '../../../Engine/Content/Localization/Category/zh-Hans/Category.locres' could not be opened for reading!
[2020.02.13-04.24.17:450][  0]LogTextLocalizationResource: LocRes '../../../Engine/Content/Localization/ToolTips/zh-Hans/ToolTips.locres' could not be opened for reading!
[2020.02.13-04.24.17:451][  0]LogTextLocalizationResource: LocRes '../../../Engine/Content/Localization/PropertyNames/zh-Hans/PropertyNames.locres' could not be opened for reading!
[2020.02.13-04.24.17:451][  0]LogTextLocalizationResource: LocRes '../../../Engine/Content/Localization/Engine/zh-Hans/Engine.locres' could not be opened for reading!
[2020.02.13-04.24.17:483][  0]LogTextLocalizationResource: LocRes '../../../Engine/Content/Localization/Editor/zh/Editor.locres' could not be opened for reading!
[2020.02.13-04.24.17:483][  0]LogTextLocalizationResource: LocRes '../../../Engine/Content/Localization/EditorTutorials/zh/EditorTutorials.locres' could not be opened for reading!
[2020.02.13-04.24.17:483][  0]LogTextLocalizationResource: LocRes '../../../Engine/Content/Localization/Keywords/zh/Keywords.locres' could not be opened for reading!
[2020.02.13-04.24.17:483][  0]LogTextLocalizationResource: LocRes '../../../Engine/Content/Localization/Category/zh/Category.locres' could not be opened for reading!
[2020.02.13-04.24.17:483][  0]LogTextLocalizationResource: LocRes '../../../Engine/Content/Localization/ToolTips/zh/ToolTips.locres' could not be opened for reading!
[2020.02.13-04.24.17:483][  0]LogTextLocalizationResource: LocRes '../../../Engine/Content/Localization/PropertyNames/zh/PropertyNames.locres' could not be opened for reading!
[2020.02.13-04.24.17:483][  0]LogTextLocalizationResource: LocRes '../../../Engine/Content/Localization/Engine/zh/Engine.locres' could not be opened for reading!
[2020.02.13-04.24.17:483][  0]LogTextLocalizationResource: LocRes '../../../Engine/Plugins/Online/Android/OnlineSubsystemGooglePlay/Content/Localization/OnlineSubsystemGooglePlay/zh/OnlineSubsystemGooglePlay.locres' could not be opened for reading!
[2020.02.13-04.24.17:483][  0]LogTextLocalizationResource: LocRes '../../../Engine/Plugins/Online/IOS/OnlineSubsystemIOS/Content/Localization/OnlineSubsystemIOS/zh/OnlineSubsystemIOS.locres' could not be opened for reading!
[2020.02.13-04.24.17:483][  0]LogTextLocalizationResource: LocRes '../../../Engine/Plugins/Online/OnlineSubsystem/Content/Localization/OnlineSubsystem/zh/OnlineSubsystem.locres' could not be opened for reading!
[2020.02.13-04.24.17:484][  0]LogTextLocalizationResource: LocRes '../../../Engine/Plugins/Online/OnlineSubsystemUtils/Content/Localization/OnlineSubsystemUtils/zh/OnlineSubsystemUtils.locres' could not be opened for reading!
[2020.02.13-04.24.17:557][  0]LogInit: Setting process to per monitor DPI aware
[2020.02.13-04.24.17:958][  0]LogSlate: New Slate User Created.  User Index 0, Is Virtual User: 0
[2020.02.13-04.24.17:958][  0]LogSlate: Slate User Registered.  User Index 0, Is Virtual User: 0
[2020.02.13-04.24.18:474][  0]LogHMD: Failed to initialize OpenVR with code 110
[2020.02.13-04.24.18:474][  0]LogD3D11RHI: D3D11 adapters:
[2020.02.13-04.24.18:546][  0]LogD3D11RHI:    0. 'NVIDIA GeForce GTX 1070' (Feature Level 11_0)
[2020.02.13-04.24.18:546][  0]LogD3D11RHI:       8088/0/8150 MB DedicatedVideo/DedicatedSystem/SharedSystem, Outputs:1, VendorId:0x10de
[2020.02.13-04.24.18:550][  0]LogD3D11RHI:    1. 'Microsoft Basic Render Driver' (Feature Level 11_0)
[2020.02.13-04.24.18:550][  0]LogD3D11RHI:       0/0/8150 MB DedicatedVideo/DedicatedSystem/SharedSystem, Outputs:0, VendorId:0x1414
[2020.02.13-04.24.18:550][  0]LogD3D11RHI: Chosen D3D11 Adapter: 0
[2020.02.13-04.24.18:558][  0]LogD3D11RHI: Creating new Direct3DDevice
[2020.02.13-04.24.18:558][  0]LogD3D11RHI:     GPU DeviceId: 0x1b81 (for the marketing name, search the web for "GPU Device Id")
[2020.02.13-04.24.18:558][  0]LogWindows: EnumDisplayDevices:
[2020.02.13-04.24.18:558][  0]LogWindows:    0. 'NVIDIA GeForce GTX 1070' (P:1 D:1)
[2020.02.13-04.24.18:559][  0]LogWindows:    1. 'NVIDIA GeForce GTX 1070' (P:0 D:0)
[2020.02.13-04.24.18:559][  0]LogWindows:    2. 'NVIDIA GeForce GTX 1070' (P:0 D:0)
[2020.02.13-04.24.18:560][  0]LogWindows:    3. 'NVIDIA GeForce GTX 1070' (P:0 D:0)
[2020.02.13-04.24.18:560][  0]LogWindows: DebugString: FoundDriverCount:4 
[2020.02.13-04.24.18:560][  0]LogD3D11RHI:     Adapter Name: NVIDIA GeForce GTX 1070
[2020.02.13-04.24.18:560][  0]LogD3D11RHI:   Driver Version: 442.19 (internal:26.21.14.4219, unified:442.19)
[2020.02.13-04.24.18:560][  0]LogD3D11RHI:      Driver Date: 1-29-2020
[2020.02.13-04.24.18:560][  0]LogRHI: Texture pool is 5661 MB (70% of 8088 MB)
[2020.02.13-04.24.18:605][  0]LogD3D11RHI: Async texture creation enabled
[2020.02.13-04.24.18:798][  0]LogRendererCore: FGlobalReadBuffer::InitRHI
[2020.02.13-04.24.18:817][  0]LogRendererCore: FGlobalReadBuffer::InitRHI
[2020.02.13-04.24.18:817][  0]LogRendererCore: FGlobalReadBuffer::InitRHI
[2020.02.13-04.24.18:849][  0]LogD3D11RHI: GPU Timing Frequency: 1000.000000 (Debug: 2 1)
[2020.02.13-04.24.19:454][  0]LogTemp: Display: Module 'AllDesktopTargetPlatform' loaded TargetPlatform 'AllDesktop'
[2020.02.13-04.24.19:478][  0]LogTemp: Display: Module 'MacClientTargetPlatform' loaded TargetPlatform 'MacClient'
[2020.02.13-04.24.19:499][  0]LogTemp: Display: Module 'MacNoEditorTargetPlatform' loaded TargetPlatform 'MacNoEditor'
[2020.02.13-04.24.19:520][  0]LogTemp: Display: Module 'MacServerTargetPlatform' loaded TargetPlatform 'MacServer'
[2020.02.13-04.24.19:572][  0]LogTemp: Display: Module 'MacTargetPlatform' loaded TargetPlatform 'Mac'
[2020.02.13-04.24.19:597][  0]LogTemp: Display: Module 'WindowsClientTargetPlatform' loaded TargetPlatform 'WindowsClient'
[2020.02.13-04.24.19:611][  0]LogTemp: Display: Module 'WindowsNoEditorTargetPlatform' loaded TargetPlatform 'WindowsNoEditor'
[2020.02.13-04.24.19:623][  0]LogTemp: Display: Module 'WindowsServerTargetPlatform' loaded TargetPlatform 'WindowsServer'
[2020.02.13-04.24.19:631][  0]LogTemp: Display: Module 'WindowsTargetPlatform' loaded TargetPlatform 'Windows'
[2020.02.13-04.24.19:742][  0]LogTemp: Display: Module 'AndroidTargetPlatform' loaded TargetPlatform 'Android'
[2020.02.13-04.24.19:742][  0]LogTemp: Display: Module 'AndroidTargetPlatform' loaded TargetPlatform 'Android_ASTC'
[2020.02.13-04.24.19:742][  0]LogTemp: Display: Module 'AndroidTargetPlatform' loaded TargetPlatform 'Android_ATC'
[2020.02.13-04.24.19:742][  0]LogTemp: Display: Module 'AndroidTargetPlatform' loaded TargetPlatform 'Android_DXT'
[2020.02.13-04.24.19:742][  0]LogTemp: Display: Module 'AndroidTargetPlatform' loaded TargetPlatform 'Android_ETC1'
[2020.02.13-04.24.19:742][  0]LogTemp: Display: Module 'AndroidTargetPlatform' loaded TargetPlatform 'Android_ETC1a'
[2020.02.13-04.24.19:742][  0]LogTemp: Display: Module 'AndroidTargetPlatform' loaded TargetPlatform 'Android_ETC2'
[2020.02.13-04.24.19:742][  0]LogTemp: Display: Module 'AndroidTargetPlatform' loaded TargetPlatform 'Android_PVRTC'
[2020.02.13-04.24.19:742][  0]LogTemp: Display: Module 'AndroidTargetPlatform' loaded TargetPlatform 'AndroidClient'
[2020.02.13-04.24.19:742][  0]LogTemp: Display: Module 'AndroidTargetPlatform' loaded TargetPlatform 'Android_ASTCClient'
[2020.02.13-04.24.19:742][  0]LogTemp: Display: Module 'AndroidTargetPlatform' loaded TargetPlatform 'Android_ATCClient'
[2020.02.13-04.24.19:742][  0]LogTemp: Display: Module 'AndroidTargetPlatform' loaded TargetPlatform 'Android_DXTClient'
[2020.02.13-04.24.19:742][  0]LogTemp: Display: Module 'AndroidTargetPlatform' loaded TargetPlatform 'Android_ETC1Client'
[2020.02.13-04.24.19:742][  0]LogTemp: Display: Module 'AndroidTargetPlatform' loaded TargetPlatform 'Android_ETC1aClient'
[2020.02.13-04.24.19:742][  0]LogTemp: Display: Module 'AndroidTargetPlatform' loaded TargetPlatform 'Android_ETC2Client'
[2020.02.13-04.24.19:742][  0]LogTemp: Display: Module 'AndroidTargetPlatform' loaded TargetPlatform 'Android_PVRTCClient'
[2020.02.13-04.24.19:742][  0]LogTemp: Display: Module 'AndroidTargetPlatform' loaded TargetPlatform 'Android_Multi'
[2020.02.13-04.24.19:742][  0]LogTemp: Display: Module 'AndroidTargetPlatform' loaded TargetPlatform 'Android_MultiClient'
[2020.02.13-04.24.19:754][  0]LogTemp: Display: Module 'HTML5TargetPlatform' loaded TargetPlatform 'HTML5'
[2020.02.13-04.24.19:861][  0]LogTemp: Display: Module 'IOSTargetPlatform' loaded TargetPlatform 'IOSClient'
[2020.02.13-04.24.19:861][  0]LogTemp: Display: Module 'IOSTargetPlatform' loaded TargetPlatform 'IOS'
[2020.02.13-04.24.19:889][  0]LogTemp: Display: Module 'TVOSTargetPlatform' loaded TargetPlatform 'TVOSClient'
[2020.02.13-04.24.19:889][  0]LogTemp: Display: Module 'TVOSTargetPlatform' loaded TargetPlatform 'TVOS'
[2020.02.13-04.24.19:907][  0]LogTemp: Display: Module 'LinuxClientTargetPlatform' loaded TargetPlatform 'LinuxClient'
[2020.02.13-04.24.19:920][  0]LogTemp: Display: Module 'LinuxNoEditorTargetPlatform' loaded TargetPlatform 'LinuxNoEditor'
[2020.02.13-04.24.19:933][  0]LogTemp: Display: Module 'LinuxServerTargetPlatform' loaded TargetPlatform 'LinuxServer'
[2020.02.13-04.24.19:946][  0]LogTemp: Display: Module 'LinuxTargetPlatform' loaded TargetPlatform 'Linux'
[2020.02.13-04.24.19:999][  0]LogTemp: Display: Module 'LuminTargetPlatform' loaded TargetPlatform 'Lumin'
[2020.02.13-04.24.19:999][  0]LogTemp: Display: Module 'LuminTargetPlatform' loaded TargetPlatform 'LuminClient'
[2020.02.13-04.24.19:999][  0]LogTargetPlatformManager: Display: Building Assets For Windows
[2020.02.13-04.24.20:091][  0]LogAudioDebug: Display: Lib vorbis DLL was dynamically loaded.
[2020.02.13-04.24.20:402][  0]LogShaderCompilers: Guid format shader working directory is 0 characters bigger than the processId version (../../../../../../Unreal Projects/-/Qinsword/Intermediate/Shaders/WorkingDirectory/12632/).
[2020.02.13-04.24.20:402][  0]LogShaderCompilers: Cleaned the shader compiler working directory 'C:/Users/dott/AppData/Local/Temp/UnrealShaderWorkingDir/2043A7D54071CD47A53415A2AC9EDB92/'.
[2020.02.13-04.24.20:424][  0]LogXGEController: Cleaning working directory: C:/Users/dott/AppData/Local/Temp/UnrealXGEWorkingDir/
[2020.02.13-04.24.20:424][  0]LogXGEController: Cannot use XGE Controller as Incredibuild is not installed on this machine.
[2020.02.13-04.24.20:424][  0]LogShaderCompilers: Cannot use XGE Shader Compiler as Incredibuild is not installed on this machine.
[2020.02.13-04.24.20:424][  0]LogShaderCompilers: Display: Using Local Shader Compiler.
[2020.02.13-04.24.21:625][  0]LogDerivedDataCache: Display: Max Cache Size: 512 MB
[2020.02.13-04.24.21:825][  0]LogDerivedDataCache: Loaded boot cache 0.20s 71MB C:/Users/dott/AppData/Local/UnrealEngine/4.22/DerivedDataCache/Boot.ddc.
[2020.02.13-04.24.21:825][  0]LogDerivedDataCache: Display: Loaded Boot cache: C:/Users/dott/AppData/Local/UnrealEngine/4.22/DerivedDataCache/Boot.ddc
[2020.02.13-04.24.21:825][  0]LogDerivedDataCache: FDerivedDataBackendGraph:  Pak pak cache file ../../../../../../Unreal Projects/-/Qinsword/DerivedDataCache/DDC.ddp not found, will not use a pak cache.
[2020.02.13-04.24.21:825][  0]LogDerivedDataCache: Unable to find inner node Pak for hierarchical cache Hierarchy.
[2020.02.13-04.24.21:825][  0]LogDerivedDataCache: FDerivedDataBackendGraph:  CompressedPak pak cache file ../../../../../../Unreal Projects/-/Qinsword/DerivedDataCache/Compressed.ddp not found, will not use a pak cache.
[2020.02.13-04.24.21:825][  0]LogDerivedDataCache: Unable to find inner node CompressedPak for hierarchical cache Hierarchy.
[2020.02.13-04.24.21:871][  0]LogDerivedDataCache: Display: Pak cache opened for reading ../../../Engine/DerivedDataCache/Compressed.ddp.
[2020.02.13-04.24.21:871][  0]LogDerivedDataCache: FDerivedDataBackendGraph:  EnterprisePak pak cache file ../../../Enterprise/DerivedDataCache/Compressed.ddp not found, will not use a pak cache.
[2020.02.13-04.24.21:871][  0]LogDerivedDataCache: Unable to find inner node EnterprisePak for hierarchical cache Hierarchy.
[2020.02.13-04.24.21:885][  0]LogDerivedDataCache: Using Local data cache path C:/Users/dott/AppData/Local/UnrealEngine/Common/DerivedDataCache: Writable
[2020.02.13-04.24.21:885][  0]LogDerivedDataCache: Shared data cache path not found in *engine.ini, will not use an Shared cache.
[2020.02.13-04.24.21:885][  0]LogDerivedDataCache: Unable to find inner node Shared for hierarchical cache Hierarchy.
[2020.02.13-04.24.21:934][  0]LogMaterial: Verifying Global Shaders for PCD3D_SM5
[2020.02.13-04.24.21:978][  0]LogSlate: Using FreeType 2.6.0
[2020.02.13-04.24.22:033][  0]LogSlate: SlateFontServices - WITH_FREETYPE: 1, WITH_HARFBUZZ: 1
[2020.02.13-04.24.22:415][  0]LogAssetRegistry: FAssetRegistry took 0.0340 seconds to start up
[2020.02.13-04.24.27:093][  0]LogInit: Selected Device Profile: [Windows]
[2020.02.13-04.24.27:911][  0]LogMeshReduction: Using QuadricMeshReduction for automatic static mesh reduction
[2020.02.13-04.24.27:911][  0]LogMeshReduction: Using SimplygonMeshReduction for automatic skeletal mesh reduction
[2020.02.13-04.24.27:911][  0]LogMeshReduction: Using ProxyLODMeshReduction for automatic mesh merging
[2020.02.13-04.24.27:911][  0]LogMeshReduction: No distributed automatic mesh merging module available
[2020.02.13-04.24.27:911][  0]LogMeshMerging: No distributed automatic mesh merging module available
[2020.02.13-04.24.28:168][  0]LogNetVersion: Qinsword 1.0.0, NetCL: 5660361, EngineNetVer: 10, GameNetVer: 0 (Checksum: 4280585389)
[2020.02.13-04.24.30:803][  0]LogPackageLocalizationCache: Processed 10 localized package path(s) for 4 prioritized culture(s) in 0.224893 seconds
[2020.02.13-04.24.30:838][  0]LogUObjectArray: 42205 objects as part of root set at end of initial load.
[2020.02.13-04.24.30:838][  0]LogUObjectAllocator: 7325032 out of 0 bytes used by permanent object pool.
[2020.02.13-04.24.30:838][  0]LogUObjectArray: CloseDisregardForGC: 0/0 objects in disregard for GC pool
[2020.02.13-04.24.34:506][  0]LogTcpMessaging: Initializing TcpMessaging bridge
[2020.02.13-04.24.34:528][  0]LogUdpMessaging: Initializing bridge on interface 0.0.0.0:0 to multicast group 230.0.0.1:6666.
[2020.02.13-04.24.35:108][  0]SourceControl: 源码控制已禁用
[2020.02.13-04.24.35:113][  0]LogWindows: Warning: CreateProc failed: 系统找不到指定的文件。 (0x00000002)
[2020.02.13-04.24.35:113][  0]LogWindows: Warning: URL: C:/Program Files/Git/bin/git.exe version
[2020.02.13-04.24.35:113][  0]LogWindows: Warning: CreateProc failed: 系统找不到指定的文件。 (0x00000002)
[2020.02.13-04.24.35:113][  0]LogWindows: Warning: URL: C:/Program Files (x86)/Git/bin/git.exe version
[2020.02.13-04.24.35:162][  0]LogWindows: Warning: CreateProc failed: 系统找不到指定的文件。 (0x00000002)
[2020.02.13-04.24.35:162][  0]LogWindows: Warning: URL: C:\Users\dott\AppData\Local/Programs/Git/cmd/git.exe version
[2020.02.13-04.24.35:163][  0]LogWindows: Warning: CreateProc failed: 系统找不到指定的文件。 (0x00000002)
[2020.02.13-04.24.35:163][  0]LogWindows: Warning: URL: C:/Program Files (x86)/SmartGit/git/bin/git.exe version
[2020.02.13-04.24.35:163][  0]LogWindows: Warning: CreateProc failed: 系统找不到指定的文件。 (0x00000002)
[2020.02.13-04.24.35:163][  0]LogWindows: Warning: URL: C:/Program Files (x86)/SmartGit/bin/git.exe version
[2020.02.13-04.24.36:926][  0]LogVSAccessor: Display: Unable to create Visual Studio setup instance: 80040154
[2020.02.13-04.24.36:926][  0]LogVSAccessor: Display: Unable to create Visual Studio setup instance: 80040154
[2020.02.13-04.24.37:496][  0]LogAndroidPermission: UAndroidPermissionCallbackProxy::GetInstance
[2020.02.13-04.24.37:841][  0]LogOcInput: OculusInput pre-init called
[2020.02.13-04.24.39:204][  0]LogEngine: Initializing Engine...
[2020.02.13-04.24.39:231][  0]LogHMD: Failed to initialize OpenVR with code 110
[2020.02.13-04.24.39:232][  0]LogStats: UGameplayTagsManager::InitializeManager -  0.001 s
[2020.02.13-04.24.39:682][  0]LogInit: Initializing FReadOnlyCVARCache
[2020.02.13-04.24.39:900][  0]LogAIModule: Creating AISystem for world Untitled
[2020.02.13-04.24.40:179][  0]LogInit: XAudio2 using '扬声器 (5- USB Audio Device)' : 2 channels at 48 kHz using 16 bits per sample (channel mask 0x3)
[2020.02.13-04.24.40:223][  0]LogInit: FAudioDevice initialized.
[2020.02.13-04.24.40:224][  0]LogNetVersion: Set ProjectVersion to 1.0.0.0. Version Checksum will be recalculated on next use.
[2020.02.13-04.24.40:354][  0]LogDerivedDataCache: Saved boot cache 0.13s 71MB C:/Users/dott/AppData/Local/UnrealEngine/4.22/DerivedDataCache/Boot.ddc.
[2020.02.13-04.24.40:355][  0]LogInit: Texture streaming: Enabled
[2020.02.13-04.24.40:448][  0]LogEngineSessionManager: EngineSessionManager initialized
[2020.02.13-04.24.41:416][  0]LogInit: Transaction tracking system initialized
[2020.02.13-04.24.42:195][  0]BlueprintLog: New page: 编辑器加载
[2020.02.13-04.24.46:053][  0]LocalizationService: 本地化服务已禁用
[2020.02.13-04.24.46:980][  0]LogVSAccessor: Display: Unable to create Visual Studio setup instance: 80040154
[2020.02.13-04.24.46:980][  0]LogVSAccessor: Display: Unable to create Visual Studio setup instance: 80040154
[2020.02.13-04.24.48:640][  0]LogFileCache: Scanning file cache for directory 'D:/Unreal Projects/-/Qinsword/Content/' took 0.03s
[2020.02.13-04.24.48:640][  0]LogCook: Display: Max memory allowance for cook 16384mb min free memory 0mb
[2020.02.13-04.24.48:641][  0]LogCook: Display: Mobile HDR setting 1
[2020.02.13-04.24.51:387][  0]Cmd: MAP LOAD FILE="../../../../../../Unreal Projects/-/Qinsword/Content/StarterContent/map/cunzhuang.umap" TEMPLATE=0 SHOWPROGRESS=1 FEATURELEVEL=3
[2020.02.13-04.24.51:389][  0]LightingResults: New page: 光照构建
[2020.02.13-04.24.51:489][  0]MapCheck: New page: 地图检测
[2020.02.13-04.24.51:489][  0]LightingResults: New page: 光照构建
[2020.02.13-04.24.51:626][  0]LogUObjectHash: Compacting FUObjectHashTables data took   3.97ms
[2020.02.13-04.24.55:684][  0]LogAIModule: Creating AISystem for world cunzhuang
[2020.02.13-04.24.55:992][  0]LogEditorServer: Finished looking for orphan Actors (0.000 secs)
[2020.02.13-04.24.56:087][  0]LogUObjectHash: Compacting FUObjectHashTables data took   1.79ms
[2020.02.13-04.24.56:087][  0]Cmd: MAP CHECKDEP NOCLEARLOG
[2020.02.13-04.24.56:098][  0]MapCheck: 地图检测完成：0个错误，0 个警告，用时0.346毫秒完成。
[2020.02.13-04.24.56:098][  0]LogFileHelpers: Loading map 'cunzhuang' took 4.722
[2020.02.13-04.24.56:997][  0]LogSlate: Updating window title bar state: overlay mode, drag disabled, window buttons hidden, title bar hidden
[2020.02.13-04.24.57:005][  0]LogSlate: Updating window title bar state: overlay mode, drag disabled, window buttons hidden, title bar hidden
[2020.02.13-04.24.57:014][  0]LogSlate: Updating window title bar state: overlay mode, drag disabled, window buttons hidden, title bar hidden
[2020.02.13-04.24.57:022][  0]LogSlate: Updating window title bar state: overlay mode, drag disabled, window buttons hidden, title bar hidden
[2020.02.13-04.24.58:042][  0]LogSlate: Took 0.008732 seconds to synchronously load lazily loaded font '../../../Engine/Content/Slate/Fonts/Roboto-Regular.ttf' (155K)
[2020.02.13-04.24.58:077][  0]LogSlate: Took 0.035022 seconds to synchronously load lazily loaded font '../../../Engine/Content/Slate/Fonts/DroidSansFallback.ttf' (3848K)
[2020.02.13-04.24.58:091][  0]LogSlate: Took 0.012315 seconds to synchronously load lazily loaded font '../../../Engine/Content/Slate/Fonts/Roboto-Bold.ttf' (160K)
[2020.02.13-04.24.58:356][  0]LogRenderer: Reallocating scene render targets to support 1192x924 Format 10 NumSamples 1 (Frame:1).
[2020.02.13-04.24.58:544][  0]LogSlate: Warning: Legacy localized fallback font '../../../Engine/Content/Slate/Fonts/DroidSansFallback.ttf' was requested. Font: '/Engine/EngineFonts/Faces/RobotoRegular.RobotoRegular', Character: '光 (U+5149)'
Legacy localized fallback fonts were deprecated in 4.22 and will be removed in a future version!
Please update your composite fonts to use localized sub-font families: https://docs.unrealengine.com/en-US/Engine/UMG/UserGuide/Fonts/Overview
[2020.02.13-04.24.58:725][  0]LogLoad: (Engine Initialization) Total time: 51.02 seconds
[2020.02.13-04.24.58:725][  0]LogLoad: (Engine Initialization) Total Blueprint compile time: 0.00 seconds
[2020.02.13-04.24.58:940][  0]LogContentStreaming: Texture pool size now 1000 MB
[2020.02.13-04.24.59:036][  1]LogAssetRegistry: Asset discovery search completed in 36.6435 seconds
[2020.02.13-04.24.59:098][  1]LogCollectionManager: Loaded 0 collections in 0.006196 seconds
[2020.02.13-04.24.59:137][  1]LogFileCache: Scanning file cache for directory 'D:/Unreal Projects/-/Qinsword/Saved/Collections/' took 0.01s
[2020.02.13-04.24.59:137][  1]LogFileCache: Scanning file cache for directory 'D:/Unreal Projects/-/Qinsword/Content/Developers/dott/Collections/' took 0.01s
[2020.02.13-04.24.59:137][  1]LogFileCache: Scanning file cache for directory 'D:/Unreal Projects/-/Qinsword/Content/Collections/' took 0.01s
[2020.02.13-04.24.59:137][  1]LogCollectionManager: Rebuilt the object cache for 0 collections in 0.000000 seconds (found 0 objects)
[2020.02.13-04.24.59:137][  1]LogCollectionManager: Fixed up redirectors for 0 collections in 0.000095 seconds (updated 0 objects)
[2020.02.13-04.25.45:555][146]LogEditorViewport: Clicking on Actor (LMB): StaticMeshActor (平坡_low_2)
[2020.02.13-04.25.45:830][146]LogSlate: Took 0.006551 seconds to synchronously load lazily loaded font '../../../Engine/Content/Editor/Slate/Fonts/FontAwesome.ttf' (139K)
[2020.02.13-04.28.58:633][853]LogHttp: Warning: 000001A7B5BF87C0: request failed, libcurl error: 28 (Timeout was reached)
[2020.02.13-04.28.58:633][853]LogHttp: Warning: 000001A7B5BF87C0: libcurl info message cache 0 (Connection 0 seems to be dead!)
[2020.02.13-04.28.58:633][853]LogHttp: Warning: 000001A7B5BF87C0: libcurl info message cache 1 (Closing connection 0)
[2020.02.13-04.28.58:633][853]LogHttp: Warning: 000001A7B5BF87C0: libcurl info message cache 2 (TLSv1.2 (OUT), TLS alert, Client hello (1):)
[2020.02.13-04.28.58:633][853]LogHttp: Warning: 000001A7B5BF87C0: libcurl info message cache 3 (  Trying 52.4.54.50...)
[2020.02.13-04.28.58:633][853]LogHttp: Warning: 000001A7B5BF87C0: libcurl info message cache 4 (TCP_NODELAY set)
[2020.02.13-04.28.58:633][853]LogHttp: Warning: 000001A7B5BF87C0: libcurl info message cache 5 (Connected to datarouter.ol.epicgames.com (52.4.54.50) port 443 (#1))
[2020.02.13-04.28.58:633][853]LogHttp: Warning: 000001A7B5BF87C0: libcurl info message cache 6 (ALPN, offering http/1.1)
[2020.02.13-04.28.58:633][853]LogHttp: Warning: 000001A7B5BF87C0: libcurl info message cache 7 (Cipher selection: ALL:!EXPORT:!EXPORT40:!EXPORT56:!aNULL:!LOW:!RC4:@STRENGTH)
[2020.02.13-04.28.58:633][853]LogHttp: Warning: 000001A7B5BF87C0: libcurl info message cache 8 (SSL re-using session ID)
[2020.02.13-04.28.58:633][853]LogHttp: Warning: 000001A7B5BF87C0: libcurl info message cache 9 (TLSv1.3 (OUT), TLS handshake, Client hello (1):)
[2020.02.13-04.28.58:633][853]LogHttp: Warning: 000001A7B5BF87C0: libcurl info message cache 10 (TLSv1.3 (IN), TLS handshake, Server hello (2):)
[2020.02.13-04.28.58:633][853]LogHttp: Warning: 000001A7B5BF87C0: libcurl info message cache 11 (TLSv1.2 (IN), TLS handshake, Certificate (11):)
[2020.02.13-04.28.58:633][853]LogHttp: Warning: 000001A7B5BF87C0: libcurl info message cache 12 (TLSv1.2 (IN), TLS handshake, Server key exchange (12):)
[2020.02.13-04.28.58:633][853]LogHttp: Warning: 000001A7B5BF87C0: libcurl info message cache 13 (TLSv1.2 (IN), TLS handshake, Server finished (14):)
[2020.02.13-04.28.58:633][853]LogHttp: Warning: 000001A7B5BF87C0: libcurl info message cache 14 (TLSv1.2 (OUT), TLS handshake, Client key exchange (16):)
[2020.02.13-04.28.58:633][853]LogHttp: Warning: 000001A7B5BF87C0: libcurl info message cache 15 (TLSv1.2 (OUT), TLS change cipher, Client hello (1):)
[2020.02.13-04.28.58:633][853]LogHttp: Warning: 000001A7B5BF87C0: libcurl info message cache 16 (TLSv1.2 (OUT), TLS handshake, Finished (20):)
[2020.02.13-04.28.58:633][853]LogHttp: Warning: 000001A7B5BF87C0: libcurl info message cache 17 (Operation timed out after 60000 milliseconds with 0 out of 0 bytes received)
[2020.02.13-04.28.58:633][853]LogHttp: Warning: 000001A7B5BF87C0: libcurl info message cache 18 (Closing connection 1)
[2020.02.13-04.28.58:971][854]LogHttp: Warning: Retry exhausted on https://datarouter.ol.epicgames.com/datarouter/api/v1/public/data?SessionID=%7B7BC57B47-4018-CE93-E0B4-6FBE11F183DB%7D&AppID=UEEditor.Rocket.Release&AppVersion=4.22.1-6063286%2B%2B%2BUE4%2BRelease-4.22&UserID=e5b56a40463272bffca56db2f6fc39c3%7Cddbaf2fb099d4bc8be6b98394d93a63c%7C7ad401b4-0279-4488-9c52-e67b13701f5e&AppEnvironment=datacollector-binary&UploadType=eteventstream
[2020.02.13-04.30.13:028][668]LogEditorViewport: Clicking on Actor (LMB): StaticMeshActor (仓库房)
[2020.02.13-04.30.14:490][836]Cmd: CAMERA ALIGN ACTIVEVIEWPORTONLY
[2020.02.13-04.30.18:378][288]Cmd: DELETE
[2020.02.13-04.30.18:378][288]Cmd: ACTOR DELETE
[2020.02.13-04.30.18:487][288]LogSlate: Took 0.019509 seconds to synchronously load lazily loaded font '../../../Engine/Content/Slate/Fonts/Roboto-Light.ttf' (167K)
[2020.02.13-04.30.18:493][288]LogSlate: FSceneViewport::OnFocusLost() reason 2
[2020.02.13-04.30.18:588][288]LogEditorActor: Deleted Actor: StaticMeshActor
[2020.02.13-04.30.18:628][288]LogUObjectHash: Compacting FUObjectHashTables data took   0.67ms
[2020.02.13-04.30.18:628][288]LogEditorActor: Deleted 1 Actors (0.175 secs)
[2020.02.13-04.30.20:324][490]LogSlate: FSceneViewport::OnFocusLost() reason 0
[2020.02.13-04.30.23:437][852]LogSlate: FSceneViewport::OnFocusLost() reason 0
[2020.02.13-04.30.29:040][512]LogSlate: FSceneViewport::OnFocusLost() reason 0
[2020.02.13-04.30.29:251][520]Cmd: OBJ SAVEPACKAGE PACKAGE="/Game/StarterContent/map/cunzhuang" FILE="../../../../../../Unreal Projects/-/Qinsword/Content/StarterContent/map/cunzhuang.umap" SILENT=true AUTOSAVING=false KEEPDIRTY=false
[2020.02.13-04.30.29:275][520]LogUObjectHash: Compacting FUObjectHashTables data took   0.62ms
[2020.02.13-04.30.29:855][520]LogSavePackage: Moving '../../../../../../Unreal Projects/-/Qinsword/Saved/cunzhuang97110D9E40DD532824F606912FFA4CE5.tmp' to '../../../../../../Unreal Projects/-/Qinsword/Content/StarterContent/map/cunzhuang.umap'
[2020.02.13-04.30.30:135][520]Cmd: OBJ SAVEPACKAGE PACKAGE="/Game/StarterContent/map/cunzhuang_BuiltData" FILE="../../../../../../Unreal Projects/-/Qinsword/Content/StarterContent/map/cunzhuang_BuiltData.uasset" SILENT=true
[2020.02.13-04.30.30:740][520]LogSavePackage: Moving '../../../../../../Unreal Projects/-/Qinsword/Saved/cunzhuang_BuiltData18813AD346DB96AF7DB222B3F7CA31C6.tmp' to '../../../../../../Unreal Projects/-/Qinsword/Content/StarterContent/map/cunzhuang_BuiltData.uasset'
[2020.02.13-04.33.07:667][ 65]LogEditorViewport: Clicking on Actor (LMB): StaticMeshActor (泥土地145)
[2020.02.13-04.33.10:255][361]Cmd: CAMERA ALIGN ACTIVEVIEWPORTONLY
[2020.02.13-04.33.18:590][259]LogSlate: FSceneViewport::OnFocusLost() reason 0
[2020.02.13-04.33.30:951][490]LogEditorViewport: Clicking on Actor (LMB): StaticMeshActor (平坡_high_11)
[2020.02.13-04.33.39:088][445]Cmd: DELETE
[2020.02.13-04.33.39:089][445]Cmd: ACTOR DELETE
[2020.02.13-04.33.39:095][445]LogEditorActor: Deleted Actor: StaticMeshActor
[2020.02.13-04.33.39:119][445]LogUObjectHash: Compacting FUObjectHashTables data took   1.30ms
[2020.02.13-04.33.39:119][445]LogEditorActor: Deleted 1 Actors (0.031 secs)
[2020.02.13-04.33.39:652][508]LogEditorViewport: Clicking on Actor (LMB): StaticMeshActor (平坡_high_9)
[2020.02.13-04.33.51:890][954]LogEditorViewport: Clicking on Actor (LMB): StaticMeshActor (平坡_high_11)
[2020.02.13-04.33.52:700][ 47]Cmd: CAMERA ALIGN ACTIVEVIEWPORTONLY
[2020.02.13-04.34.09:413][ 21]LogEditorViewport: Clicking on Actor (LMB): StaticMeshActor (平坡_high_12)
[2020.02.13-04.34.14:147][578]LogEditorViewport: Clicking on Actor (LMB): StaticMeshActor (泥土地227)
[2020.02.13-04.34.14:589][626]LogEditorViewport: Clicking on Actor (LMB): StaticMeshActor (泥土地139)
[2020.02.13-04.34.16:345][823]Cmd: TRANSACTION UNDO
[2020.02.13-04.34.16:345][823]LogEditorTransaction: Undo 移动Actors
[2020.02.13-04.34.18:148][ 10]LogSlate: FSceneViewport::OnFocusLost() reason 0
[2020.02.13-04.34.18:317][ 17]Cmd: OBJ SAVEPACKAGE PACKAGE="/Game/StarterContent/map/cunzhuang" FILE="../../../../../../Unreal Projects/-/Qinsword/Content/StarterContent/map/cunzhuang.umap" SILENT=true AUTOSAVING=false KEEPDIRTY=false
[2020.02.13-04.34.18:342][ 17]LogUObjectHash: Compacting FUObjectHashTables data took   1.12ms
[2020.02.13-04.34.18:776][ 17]LogSavePackage: Moving '../../../../../../Unreal Projects/-/Qinsword/Saved/cunzhuang08637A3C4C4C5BD3803A3BAF5C23E32D.tmp' to '../../../../../../Unreal Projects/-/Qinsword/Content/StarterContent/map/cunzhuang.umap'
[2020.02.13-04.34.18:995][ 17]Cmd: OBJ SAVEPACKAGE PACKAGE="/Game/StarterContent/map/cunzhuang_BuiltData" FILE="../../../../../../Unreal Projects/-/Qinsword/Content/StarterContent/map/cunzhuang_BuiltData.uasset" SILENT=true
[2020.02.13-04.34.19:423][ 17]LogSavePackage: Moving '../../../../../../Unreal Projects/-/Qinsword/Saved/cunzhuang_BuiltDataE2FF640D4E388F5EE2D6FA9073406889.tmp' to '../../../../../../Unreal Projects/-/Qinsword/Content/StarterContent/map/cunzhuang_BuiltData.uasset'
[2020.02.13-04.34.37:598][185]LogEditorViewport: Clicking on Actor (LMB): StaticMeshActor (泥土地160)
[2020.02.13-04.35.45:020][424]LogSlate: FSceneViewport::OnFocusLost() reason 0
[2020.02.13-04.40.58:263][371]LogHttp: Warning: 000001A79A5CA480: HTTP request timed out after 180.00 seconds URL=https://datarouter.ol.epicgames.com/datarouter/api/v1/public/data?SessionID=%7B7BC57B47-4018-CE93-E0B4-6FBE11F183DB%7D&AppID=UEEditor.Rocket.Release&AppVersion=4.22.1-6063286%2B%2B%2BUE4%2BRelease-4.22&UserID=e5b56a40463272bffca56db2f6fc39c3%7Cddbaf2fb099d4bc8be6b98394d93a63c%7C7ad401b4-0279-4488-9c52-e67b13701f5e&AppEnvironment=datacollector-binary&UploadType=eteventstream
[2020.02.13-04.40.58:263][371]LogHttp: Warning: 000001A79A5CA480: request failed, libcurl error: 0 (No error)
[2020.02.13-04.40.58:263][371]LogHttp: Warning: 000001A79A5CA480: libcurl info message cache 0 (Connection 4 seems to be dead!)
[2020.02.13-04.40.58:263][371]LogHttp: Warning: 000001A79A5CA480: libcurl info message cache 1 (Closing connection 4)
[2020.02.13-04.40.58:263][371]LogHttp: Warning: 000001A79A5CA480: libcurl info message cache 2 (TLSv1.2 (OUT), TLS alert, Client hello (1):)
[2020.02.13-04.40.58:263][371]LogHttp: Warning: 000001A79A5CA480: libcurl info message cache 3 (  Trying 52.4.54.50...)
[2020.02.13-04.40.58:263][371]LogHttp: Warning: 000001A79A5CA480: libcurl info message cache 4 (TCP_NODELAY set)
[2020.02.13-04.40.58:263][371]LogHttp: Warning: 000001A79A5CA480: libcurl info message cache 5 (Connected to datarouter.ol.epicgames.com (52.4.54.50) port 443 (#5))
[2020.02.13-04.40.58:263][371]LogHttp: Warning: 000001A79A5CA480: libcurl info message cache 6 (ALPN, offering http/1.1)
[2020.02.13-04.40.58:263][371]LogHttp: Warning: 000001A79A5CA480: libcurl info message cache 7 (Cipher selection: ALL:!EXPORT:!EXPORT40:!EXPORT56:!aNULL:!LOW:!RC4:@STRENGTH)
[2020.02.13-04.40.58:263][371]LogHttp: Warning: 000001A79A5CA480: libcurl info message cache 8 (SSL re-using session ID)
[2020.02.13-04.40.58:263][371]LogHttp: Warning: 000001A79A5CA480: libcurl info message cache 9 (TLSv1.3 (OUT), TLS handshake, Client hello (1):)
[2020.02.13-04.40.58:263][371]LogHttp: Warning: 000001A79A5CA480: libcurl info message cache 10 (TLSv1.3 (IN), TLS handshake, Server hello (2):)
[2020.02.13-04.40.58:263][371]LogHttp: Warning: 000001A79A5CA480: libcurl info message cache 11 (TLSv1.2 (IN), TLS handshake, Certificate (11):)
[2020.02.13-04.40.58:263][371]LogHttp: Warning: 000001A79A5CA480: libcurl info message cache 12 (TLSv1.2 (IN), TLS handshake, Server key exchange (12):)
[2020.02.13-04.40.58:263][371]LogHttp: Warning: 000001A79A5CA480: libcurl info message cache 13 (TLSv1.2 (IN), TLS handshake, Server finished (14):)
[2020.02.13-04.40.58:263][371]LogHttp: Warning: 000001A79A5CA480: libcurl info message cache 14 (TLSv1.2 (OUT), TLS handshake, Client key exchange (16):)
[2020.02.13-04.40.58:263][371]LogHttp: Warning: 000001A79A5CA480: libcurl info message cache 15 (TLSv1.2 (OUT), TLS change cipher, Client hello (1):)
[2020.02.13-04.40.58:263][371]LogHttp: Warning: 000001A79A5CA480: libcurl info message cache 16 (TLSv1.2 (OUT), TLS handshake, Finished (20):)
[2020.02.13-04.40.58:263][371]LogHttp: Warning: 000001A79A5CA480: libcurl info message cache 17 (TLSv1.2 (IN), TLS handshake, Finished (20):)
[2020.02.13-04.40.58:263][371]LogHttp: Warning: 000001A79A5CA480: libcurl info message cache 18 (SSL connection using TLSv1.2 / ECDHE-RSA-AES128-GCM-SHA256)
[2020.02.13-04.40.58:264][371]LogHttp: Warning: 000001A79A5CA480: libcurl info message cache 19 (ALPN, server accepted to use http/1.1)
[2020.02.13-04.40.58:264][371]LogHttp: Warning: 000001A79A5CA480: libcurl info message cache 20 (old SSL session ID is stale, removing)
[2020.02.13-04.40.58:264][371]LogHttp: Warning: 000001A79A5CA480: libcurl info message cache 21 (Server certificate:)
[2020.02.13-04.40.58:264][371]LogHttp: Warning: 000001A79A5CA480: libcurl info message cache 22 ( subject: CN=*.ol.epicgames.com)
[2020.02.13-04.40.58:264][371]LogHttp: Warning: 000001A79A5CA480: libcurl info message cache 23 ( start date: Feb 12 00:00:00 2020 GMT)
[2020.02.13-04.40.58:264][371]LogHttp: Warning: 000001A79A5CA480: libcurl info message cache 24 ( expire date: Mar 12 12:00:00 2021 GMT)
[2020.02.13-04.40.58:264][371]LogHttp: Warning: 000001A79A5CA480: libcurl info message cache 25 ( subjectAltName: host "datarouter.ol.epicgames.com" matched cert's "*.ol.epicgames.com")
[2020.02.13-04.40.58:264][371]LogHttp: Warning: 000001A79A5CA480: libcurl info message cache 26 ( issuer: C=US; O=Amazon; OU=Server CA 1B; CN=Amazon)
[2020.02.13-04.40.58:264][371]LogHttp: Warning: 000001A79A5CA480: libcurl info message cache 27 ( SSL certificate verify ok.)
[2020.02.13-04.40.58:264][371]LogHttp: Warning: 000001A79A5CA480: libcurl info message cache 28 (We are completely uploaded and fine)
[2020.02.13-04.40.58:264][371]LogHttp: Warning: 000001A79A5CA480: libcurl info message cache 29 (Closing connection 5)
[2020.02.13-04.40.58:264][371]LogHttp: Warning: 000001A79A5CA480: libcurl info message cache 30 (TLSv1.2 (OUT), TLS alert, Client hello (1):)
[2020.02.13-04.40.58:599][372]LogHttp: Warning: Retry exhausted on https://datarouter.ol.epicgames.com/datarouter/api/v1/public/data?SessionID=%7B7BC57B47-4018-CE93-E0B4-6FBE11F183DB%7D&AppID=UEEditor.Rocket.Release&AppVersion=4.22.1-6063286%2B%2B%2BUE4%2BRelease-4.22&UserID=e5b56a40463272bffca56db2f6fc39c3%7Cddbaf2fb099d4bc8be6b98394d93a63c%7C7ad401b4-0279-4488-9c52-e67b13701f5e&AppEnvironment=datacollector-binary&UploadType=eteventstream
[2020.02.13-04.48.58:935][808]LogHttp: Warning: 000001A79A5CA480: request failed, libcurl error: 28 (Timeout was reached)
[2020.02.13-04.48.58:935][808]LogHttp: Warning: 000001A79A5CA480: libcurl info message cache 0 (Connection 8 seems to be dead!)
[2020.02.13-04.48.58:935][808]LogHttp: Warning: 000001A79A5CA480: libcurl info message cache 1 (Closing connection 8)
[2020.02.13-04.48.58:935][808]LogHttp: Warning: 000001A79A5CA480: libcurl info message cache 2 (TLSv1.2 (OUT), TLS alert, Client hello (1):)
[2020.02.13-04.48.58:935][808]LogHttp: Warning: 000001A79A5CA480: libcurl info message cache 3 (  Trying 54.172.15.98...)
[2020.02.13-04.48.58:935][808]LogHttp: Warning: 000001A79A5CA480: libcurl info message cache 4 (TCP_NODELAY set)
[2020.02.13-04.48.58:935][808]LogHttp: Warning: 000001A79A5CA480: libcurl info message cache 5 (Connected to datarouter.ol.epicgames.com (54.172.15.98) port 443 (#9))
[2020.02.13-04.48.58:935][808]LogHttp: Warning: 000001A79A5CA480: libcurl info message cache 6 (ALPN, offering http/1.1)
[2020.02.13-04.48.58:935][808]LogHttp: Warning: 000001A79A5CA480: libcurl info message cache 7 (Cipher selection: ALL:!EXPORT:!EXPORT40:!EXPORT56:!aNULL:!LOW:!RC4:@STRENGTH)
[2020.02.13-04.48.58:935][808]LogHttp: Warning: 000001A79A5CA480: libcurl info message cache 8 (SSL re-using session ID)
[2020.02.13-04.48.58:936][808]LogHttp: Warning: 000001A79A5CA480: libcurl info message cache 9 (TLSv1.3 (OUT), TLS handshake, Client hello (1):)
[2020.02.13-04.48.58:936][808]LogHttp: Warning: 000001A79A5CA480: libcurl info message cache 10 (TLSv1.3 (IN), TLS handshake, Server hello (2):)
[2020.02.13-04.48.58:936][808]LogHttp: Warning: 000001A79A5CA480: libcurl info message cache 11 (TLSv1.2 (IN), TLS handshake, Certificate (11):)
[2020.02.13-04.48.58:936][808]LogHttp: Warning: 000001A79A5CA480: libcurl info message cache 12 (TLSv1.2 (IN), TLS handshake, Server key exchange (12):)
[2020.02.13-04.48.58:936][808]LogHttp: Warning: 000001A79A5CA480: libcurl info message cache 13 (TLSv1.2 (IN), TLS handshake, Server finished (14):)
[2020.02.13-04.48.58:936][808]LogHttp: Warning: 000001A79A5CA480: libcurl info message cache 14 (TLSv1.2 (OUT), TLS handshake, Client key exchange (16):)
[2020.02.13-04.48.58:936][808]LogHttp: Warning: 000001A79A5CA480: libcurl info message cache 15 (TLSv1.2 (OUT), TLS change cipher, Client hello (1):)
[2020.02.13-04.48.58:936][808]LogHttp: Warning: 000001A79A5CA480: libcurl info message cache 16 (TLSv1.2 (OUT), TLS handshake, Finished (20):)
[2020.02.13-04.48.58:936][808]LogHttp: Warning: 000001A79A5CA480: libcurl info message cache 17 (Operation timed out after 60000 milliseconds with 0 out of 0 bytes received)
[2020.02.13-04.48.58:936][808]LogHttp: Warning: 000001A79A5CA480: libcurl info message cache 18 (Closing connection 9)
[2020.02.13-04.48.58:936][808]LogHttp: Warning: Retry exhausted on https://datarouter.ol.epicgames.com/datarouter/api/v1/public/data?SessionID=%7B7BC57B47-4018-CE93-E0B4-6FBE11F183DB%7D&AppID=UEEditor.Rocket.Release&AppVersion=4.22.1-6063286%2B%2B%2BUE4%2BRelease-4.22&UserID=e5b56a40463272bffca56db2f6fc39c3%7Cddbaf2fb099d4bc8be6b98394d93a63c%7C7ad401b4-0279-4488-9c52-e67b13701f5e&AppEnvironment=datacollector-binary&UploadType=eteventstream
[2020.02.13-04.52.58:266][523]LogWindowsTextInputMethodSystem: Display: IME system now deactivated.
[2020.02.13-04.52.58:266][523]LogWindowsTextInputMethodSystem: Display: IME system now deactivated.
[2020.02.13-04.53.01:546][862]LogCollectionManager: Rebuilt the GUID cache for 0 collections in 0.000000 seconds
[2020.02.13-04.53.01:565][862]LogContentBrowser: Native class hierarchy populated in 0.0169 seconds. Added 2733 classes and 661 folders.
[2020.02.13-04.53.01:649][862]LogContentBrowser: Native class hierarchy updated for 'WidgetCarousel' in 0.0003 seconds. Added 0 classes and 0 folders.
[2020.02.13-04.53.01:693][862]LogPakFile: Registered encryption key '00000000000000000000000000000000': 0 pak files mounted, 0 remain pending
[2020.02.13-04.53.01:721][862]LogPakFile: Registered encryption key '00000000000000000000000000000000': 0 pak files mounted, 0 remain pending
[2020.02.13-04.53.01:722][862]LogPakFile: Registered encryption key '00000000000000000000000000000000': 0 pak files mounted, 0 remain pending
[2020.02.13-04.53.01:723][862]LogPakFile: Registered encryption key '00000000000000000000000000000000': 0 pak files mounted, 0 remain pending
[2020.02.13-04.53.01:725][862]LogPakFile: Registered encryption key '00000000000000000000000000000000': 0 pak files mounted, 0 remain pending
[2020.02.13-04.53.01:726][862]LogPakFile: Registered encryption key '00000000000000000000000000000000': 0 pak files mounted, 0 remain pending
[2020.02.13-04.53.01:728][862]LogPakFile: Registered encryption key '00000000000000000000000000000000': 0 pak files mounted, 0 remain pending
[2020.02.13-04.53.01:729][862]LogPakFile: Registered encryption key '00000000000000000000000000000000': 0 pak files mounted, 0 remain pending
[2020.02.13-04.53.01:736][862]LogPakFile: Registered encryption key '00000000000000000000000000000000': 0 pak files mounted, 0 remain pending
[2020.02.13-04.53.01:737][862]LogPakFile: Registered encryption key '00000000000000000000000000000000': 0 pak files mounted, 0 remain pending
[2020.02.13-04.53.01:739][862]LogPakFile: Registered encryption key '00000000000000000000000000000000': 0 pak files mounted, 0 remain pending
[2020.02.13-04.53.01:749][862]LogPakFile: Registered encryption key '00000000000000000000000000000000': 0 pak files mounted, 0 remain pending
[2020.02.13-04.53.01:763][862]LogPakFile: Registered encryption key '00000000000000000000000000000000': 0 pak files mounted, 0 remain pending
[2020.02.13-04.53.01:773][862]LogPakFile: Registered encryption key '00000000000000000000000000000000': 0 pak files mounted, 0 remain pending
[2020.02.13-04.53.01:775][862]LogPakFile: Registered encryption key '00000000000000000000000000000000': 0 pak files mounted, 0 remain pending
[2020.02.13-04.53.01:776][862]LogPakFile: Registered encryption key '00000000000000000000000000000000': 0 pak files mounted, 0 remain pending
[2020.02.13-04.53.01:783][862]LogPakFile: Registered encryption key '00000000000000000000000000000000': 0 pak files mounted, 0 remain pending
[2020.02.13-04.53.01:792][862]LogPakFile: Registered encryption key '00000000000000000000000000000000': 0 pak files mounted, 0 remain pending
[2020.02.13-04.53.01:879][862]LogPakFile: Registered encryption key '00000000000000000000000000000000': 0 pak files mounted, 0 remain pending
[2020.02.13-04.53.01:880][862]LogPakFile: Registered encryption key '00000000000000000000000000000000': 0 pak files mounted, 0 remain pending
[2020.02.13-04.53.01:889][862]LogPakFile: Registered encryption key '00000000000000000000000000000000': 0 pak files mounted, 0 remain pending
[2020.02.13-04.53.01:891][862]LogPakFile: Registered encryption key '00000000000000000000000000000000': 0 pak files mounted, 0 remain pending
[2020.02.13-04.53.01:892][862]LogPakFile: Registered encryption key '00000000000000000000000000000000': 0 pak files mounted, 0 remain pending
[2020.02.13-04.53.01:893][862]LogPakFile: Registered encryption key '00000000000000000000000000000000': 0 pak files mounted, 0 remain pending
[2020.02.13-04.53.01:895][862]LogPakFile: Registered encryption key '00000000000000000000000000000000': 0 pak files mounted, 0 remain pending
[2020.02.13-04.53.01:896][862]LogPakFile: Registered encryption key '00000000000000000000000000000000': 0 pak files mounted, 0 remain pending
[2020.02.13-04.53.02:346][862]LogContentBrowser: Native class hierarchy updated for 'AddContentDialog' in 0.0003 seconds. Added 0 classes and 0 folders.
[2020.02.13-04.53.02:383][862]LogSlate: Took 0.000266 seconds to synchronously load lazily loaded font '../../../Engine/Content/Slate/Fonts/Roboto-Light.ttf' (167K)
