Log file open, 12/31/19 15:08:42
LogWindows: Failed to load 'aqProf.dll' (GetLastError=126)
LogWindows: File 'aqProf.dll' does not exist
LogWindows: Failed to load 'VtuneApi.dll' (GetLastError=126)
LogWindows: File 'VtuneApi.dll' does not exist
LogWindows: Failed to load 'VtuneApi32e.dll' (GetLastError=126)
LogWindows: File 'VtuneApi32e.dll' does not exist
LogConsoleResponse: Display: Failed to find resolution value strings in scalability ini. Falling back to default.
LogInit: Display: Running engine for game: Qinsword
LogPakFile: Registered encryption key '00000000000000000000000000000000': 0 pak files mounted, 0 remain pending
LogPlatformFile: Not using cached read wrapper
LogTaskGraph: Started task graph with 5 named threads and 20 total threads with 3 sets of task threads.
LogStats: Stats thread started at 5.244702
LogD3D11RHI: Loaded GFSDK_Aftermath_Lib.x64.dll
LogICUInternationalization: ICU TimeZone Detection - Raw Offset: +8:00, Platform Override: ''
LogPluginManager: Mounting plugin Paper2D
LogPluginManager: Mounting plugin AISupport
LogPluginManager: Mounting plugin LightPropagationVolume
LogPluginManager: Mounting plugin ActorLayerUtilities
LogPluginManager: Mounting plugin AnimationSharing
LogPluginManager: Mounting plugin CLionSourceCodeAccess
LogPluginManager: Mounting plugin CodeLiteSourceCodeAccess
LogPluginManager: Mounting plugin GitSourceControl
LogPluginManager: Mounting plugin KDevelopSourceCodeAccess
LogPluginManager: Mounting plugin NullSourceCodeAccess
LogPluginManager: Mounting plugin PerforceSourceControl
LogPluginManager: Mounting plugin SubversionSourceControl
LogPluginManager: Mounting plugin UObjectPlugin
LogPluginManager: Mounting plugin VisualStudioCodeSourceCodeAccess
LogPluginManager: Mounting plugin VisualStudioSourceCodeAccess
LogPluginManager: Mounting plugin XCodeSourceCodeAccess
LogPluginManager: Mounting plugin AssetManagerEditor
LogPluginManager: Mounting plugin CryptoKeys
LogPluginManager: Mounting plugin DataValidation
LogPluginManager: Mounting plugin FacialAnimation
LogPluginManager: Mounting plugin GameplayTagsEditor
LogPluginManager: Mounting plugin MacGraphicsSwitching
LogPluginManager: Mounting plugin MaterialAnalyzer
LogPluginManager: Mounting plugin MobileLauncherProfileWizard
LogPluginManager: Mounting plugin PluginBrowser
LogPluginManager: Mounting plugin SpeedTreeImporter
LogPluginManager: Mounting plugin DatasmithContent
LogPluginManager: Mounting plugin VariantManagerContent
LogPluginManager: Mounting plugin AlembicImporter
LogPluginManager: Mounting plugin AppleImageUtils
LogPluginManager: Mounting plugin AppleVision
LogPluginManager: Mounting plugin BackChannel
LogPluginManager: Mounting plugin CharacterAI
LogPluginManager: Mounting plugin GeometryCache
LogPluginManager: Mounting plugin HTML5Networking
LogPluginManager: Mounting plugin ProxyLODPlugin
LogPluginManager: Mounting plugin SkeletalReduction
LogPluginManager: Mounting plugin MagicLeap
LogPluginManager: Mounting plugin MagicLeapMedia
LogPluginManager: Mounting plugin Substance
LogPluginManager: Mounting plugin AndroidMedia
LogPluginManager: Mounting plugin AvfMedia
LogPluginManager: Mounting plugin ImgMedia
LogPluginManager: Mounting plugin LinearTimecode
LogPluginManager: Mounting plugin MediaCompositing
LogPluginManager: Mounting plugin MediaPlayerEditor
LogPluginManager: Mounting plugin WebMMedia
LogPluginManager: Mounting plugin WmfMedia
LogPluginManager: Mounting plugin TcpMessaging
LogPluginManager: Mounting plugin UdpMessaging
LogPluginManager: Mounting plugin ActorSequence
LogPluginManager: Mounting plugin LevelSequenceEditor
LogPluginManager: Mounting plugin MatineeToLevelSequence
LogPluginManager: Mounting plugin NetcodeUnitTest
LogPluginManager: Mounting plugin NUTUnrealEngine4
LogPluginManager: Mounting plugin OnlineSubsystemGooglePlay
LogPluginManager: Mounting plugin OnlineSubsystemIOS
LogPluginManager: Mounting plugin OnlineSubsystem
LogPluginManager: Mounting plugin OnlineSubsystemNull
LogPluginManager: Mounting plugin OnlineSubsystemUtils
LogPluginManager: Mounting plugin LauncherChunkInstaller
LogPluginManager: Mounting plugin AndroidDeviceProfileSelector
LogPluginManager: Mounting plugin AndroidMoviePlayer
LogPluginManager: Mounting plugin AndroidPermission
LogPluginManager: Mounting plugin AppleMoviePlayer
LogPluginManager: Mounting plugin ArchVisCharacter
LogPluginManager: Mounting plugin AudioCapture
LogPluginManager: Mounting plugin CableComponent
LogPluginManager: Mounting plugin CustomMeshComponent
LogPluginManager: Mounting plugin EditableMesh
LogPluginManager: Mounting plugin ExampleDeviceProfileSelector
LogPluginManager: Mounting plugin Firebase
LogPluginManager: Mounting plugin GoogleCloudMessaging
LogPluginManager: Mounting plugin IOSDeviceProfileSelector
LogPluginManager: Mounting plugin LinuxDeviceProfileSelector
LogPluginManager: Mounting plugin LocationServicesBPLibrary
LogPluginManager: Mounting plugin MobilePatchingUtils
LogPluginManager: Mounting plugin OculusVR
LogPluginManager: Mounting plugin PhysXVehicles
LogPluginManager: Mounting plugin ProceduralMeshComponent
LogPluginManager: Mounting plugin RuntimePhysXCooking
LogPluginManager: Mounting plugin SignificanceManager
LogPluginManager: Mounting plugin SteamVR
LogPluginManager: Mounting plugin WebMMoviePlayer
LogPluginManager: Mounting plugin WindowsMoviePlayer
LogInit: Using libcurl 7.55.1-DEV
LogInit:  - built for x86_64-pc-win32
LogInit:  - supports SSL with OpenSSL/1.1.1
LogInit:  - supports HTTP deflate (compression) using libz 1.2.8
LogInit:  - other features:
LogInit:      CURL_VERSION_SSL
LogInit:      CURL_VERSION_LIBZ
LogInit:      CURL_VERSION_IPV6
LogInit:      CURL_VERSION_ASYNCHDNS
LogInit:      CURL_VERSION_LARGEFILE
LogInit:      CURL_VERSION_IDN
LogInit:  CurlRequestOptions (configurable via config and command line):
LogInit:  - bVerifyPeer = true  - Libcurl will verify peer certificate
LogInit:  - bUseHttpProxy = false  - Libcurl will NOT use HTTP proxy
LogInit:  - bDontReuseConnections = false  - Libcurl will reuse connections
LogInit:  - MaxHostConnections = 16  - Libcurl will limit the number of connections to a host
LogInit:  - LocalHostAddr = Default
LogInit:  - BufferSize = 65536
LogInit: WinSock: version 1.1 (2.2), MaxSocks=32767, MaxUdp=65467
LogInit: Build: ++UE4+Release-4.22-CL-6063286
LogInit: Engine Version: 4.22.1-6063286+++UE4+Release-4.22
LogInit: Compatible Engine Version: 4.22.0-5660361+++UE4+Release-4.22
LogInit: Net CL: 5660361
LogInit: OS: Windows 10 (Release 1803) (), CPU: Intel(R) Core(TM) i5-8500 CPU @ 3.00GHz, GPU: NVIDIA GeForce GTX 1070
LogInit: Compiled (64-bit): Apr 24 2019 04:36:48
LogInit: Compiled with Visual C++: 19.16.27025.01
LogInit: Build Configuration: Development
LogInit: Branch Name: ++UE4+Release-4.22
LogInit: Command Line: 
LogInit: Base Directory: D:/Program Files/Epic Games/UE_4.22/Engine/Binaries/Win64/
LogInit: Installed Engine Build: 1
LogDevObjectVersion: Number of dev versions registered: 23
LogDevObjectVersion:   Dev-Blueprints (B0D832E4-1F89-4F0D-ACCF-7EB736FD4AA2): 10
LogDevObjectVersion:   Dev-Build (E1C64328-A22C-4D53-A36C-8E866417BD8C): 0
LogDevObjectVersion:   Dev-Core (375EC13C-06E4-48FB-B500-84F0262A717E): 3
LogDevObjectVersion:   Dev-Editor (E4B068ED-F494-42E9-A231-DA0B2E46BB41): 30
LogDevObjectVersion:   Dev-Framework (CFFC743F-43B0-4480-9391-14DF171D2073): 35
LogDevObjectVersion:   Dev-Mobile (B02B49B5-BB20-44E9-A304-32B752E40360): 2
LogDevObjectVersion:   Dev-Networking (A4E4105C-59A1-49B5-A7C5-40C4547EDFEE): 0
LogDevObjectVersion:   Dev-Online (39C831C9-5AE6-47DC-9A44-9C173E1C8E7C): 0
LogDevObjectVersion:   Dev-Physics (78F01B33-EBEA-4F98-B9B4-84EACCB95AA2): 0
LogDevObjectVersion:   Dev-Platform (6631380F-2D4D-43E0-8009-CF276956A95A): 0
LogDevObjectVersion:   Dev-Rendering (12F88B9F-8875-4AFC-A67C-D90C383ABD29): 28
LogDevObjectVersion:   Dev-Sequencer (7B5AE74C-D270-4C10-A958-57980B212A5A): 11
LogDevObjectVersion:   Dev-VR (D7296918-1DD6-4BDD-9DE2-64A83CC13884): 2
LogDevObjectVersion:   Dev-LoadTimes (C2A15278-BFE7-4AFE-6C17-90FF531DF755): 1
LogDevObjectVersion:   Private-Geometry (6EACA3D4-40EC-4CC1-B786-8BED09428FC5): 3
LogDevObjectVersion:   Dev-AnimPhys (29E575DD-E0A3-4627-9D10-D276232CDCEA): 17
LogDevObjectVersion:   Dev-Anim (AF43A65D-7FD3-4947-9873-3E8ED9C1BB05): 2
LogDevObjectVersion:   Dev-ReflectionCapture (6B266CEC-1EC7-4B8F-A30B-E4D90942FC07): 1
LogDevObjectVersion:   Dev-Automation (0DF73D61-A23F-47EA-B727-89E90C41499A): 1
LogDevObjectVersion:   FortniteMain (601D1886-AC64-4F84-AA16-D3DE0DEAC7D6): 25
LogDevObjectVersion:   Dev-Enterprise (9DFFBCD6-494F-0158-E221-12823C92A888): 6
LogDevObjectVersion:   Dev-Niagara (F2AED0AC-9AFE-416F-8664-AA7FFA26D6FC): 1
LogDevObjectVersion:   Dev-Destruction (174F1F0B-B4C6-45A5-B13F-2EE8D0FB917D): 2
LogInit: Presizing for max 16777216 objects, including 0 objects not considered by GC, pre-allocating 0 bytes for permanent pool.
LogInit: Object subsystem initialized
LogConfig: Setting CVar [[con.DebugEarlyDefault:1]]
LogConfig: Setting CVar [[r.setres:1280x720]]
[2019.12.31-07.08.46:555][  0]LogConfig: Setting CVar [[r.VSync:0]]
[2019.12.31-07.08.46:555][  0]LogConfig: Setting CVar [[r.RHICmdBypass:0]]
[2019.12.31-07.08.46:555][  0]LogConfig: Applying CVar settings from Section [/Script/Engine.RendererSettings] File [D:/Unreal Projects/-/Qinsword/Saved/Config/Windows/Engine.ini]
[2019.12.31-07.08.46:555][  0]LogConfig: Setting CVar [[r.GPUCrashDebugging:0]]
[2019.12.31-07.08.46:555][  0]LogConfig: Setting CVar [[r.DefaultFeature.AutoExposure.ExtendDefaultLuminanceRange:1]]
[2019.12.31-07.08.46:555][  0]LogConfig: Applying CVar settings from Section [/Script/Engine.RendererOverrideSettings] File [D:/Unreal Projects/-/Qinsword/Saved/Config/Windows/Engine.ini]
[2019.12.31-07.08.46:555][  0]LogConfig: Applying CVar settings from Section [/Script/Engine.StreamingSettings] File [D:/Unreal Projects/-/Qinsword/Saved/Config/Windows/Engine.ini]
[2019.12.31-07.08.46:555][  0]LogConfig: Setting CVar [[s.MinBulkDataSizeForAsyncLoading:131072]]
[2019.12.31-07.08.46:555][  0]LogConfig: Setting CVar [[s.AsyncLoadingThreadEnabled:0]]
[2019.12.31-07.08.46:555][  0]LogConfig: Setting CVar [[s.EventDrivenLoaderEnabled:1]]
[2019.12.31-07.08.46:555][  0]LogConfig: Setting CVar [[s.WarnIfTimeLimitExceeded:0]]
[2019.12.31-07.08.46:555][  0]LogConfig: Setting CVar [[s.TimeLimitExceededMultiplier:1.5]]
[2019.12.31-07.08.46:555][  0]LogConfig: Setting CVar [[s.TimeLimitExceededMinTime:0.005]]
[2019.12.31-07.08.46:555][  0]LogConfig: Setting CVar [[s.UseBackgroundLevelStreaming:1]]
[2019.12.31-07.08.46:555][  0]LogConfig: Setting CVar [[s.PriorityAsyncLoadingExtraTime:15.0]]
[2019.12.31-07.08.46:555][  0]LogConfig: Setting CVar [[s.LevelStreamingActorsUpdateTimeLimit:5.0]]
[2019.12.31-07.08.46:555][  0]LogConfig: Setting CVar [[s.PriorityLevelStreamingActorsUpdateExtraTime:5.0]]
[2019.12.31-07.08.46:555][  0]LogConfig: Setting CVar [[s.LevelStreamingComponentsRegistrationGranularity:10]]
[2019.12.31-07.08.46:555][  0]LogConfig: Setting CVar [[s.UnregisterComponentsTimeLimit:1.0]]
[2019.12.31-07.08.46:555][  0]LogConfig: Setting CVar [[s.LevelStreamingComponentsUnregistrationGranularity:5]]
[2019.12.31-07.08.46:555][  0]LogConfig: Applying CVar settings from Section [/Script/Engine.GarbageCollectionSettings] File [D:/Unreal Projects/-/Qinsword/Saved/Config/Windows/Engine.ini]
[2019.12.31-07.08.46:555][  0]LogConfig: Setting CVar [[gc.MaxObjectsNotConsideredByGC:1]]
[2019.12.31-07.08.46:555][  0]LogConfig: Setting CVar [[gc.SizeOfPermanentObjectPool:0]]
[2019.12.31-07.08.46:555][  0]LogConfig: Setting CVar [[gc.FlushStreamingOnGC:0]]
[2019.12.31-07.08.46:555][  0]LogConfig: Setting CVar [[gc.NumRetriesBeforeForcingGC:10]]
[2019.12.31-07.08.46:555][  0]LogConfig: Setting CVar [[gc.AllowParallelGC:1]]
[2019.12.31-07.08.46:555][  0]LogConfig: Setting CVar [[gc.TimeBetweenPurgingPendingKillObjects:61.1]]
[2019.12.31-07.08.46:555][  0]LogConfig: Setting CVar [[gc.MaxObjectsInEditor:16777216]]
[2019.12.31-07.08.46:555][  0]LogConfig: Setting CVar [[gc.IncrementalBeginDestroyEnabled:1]]
[2019.12.31-07.08.46:555][  0]LogConfig: Setting CVar [[gc.CreateGCClusters:1]]
[2019.12.31-07.08.46:555][  0]LogConfig: Setting CVar [[gc.MinGCClusterSize:5]]
[2019.12.31-07.08.46:555][  0]LogConfig: Setting CVar [[gc.ActorClusteringEnabled:0]]
[2019.12.31-07.08.46:555][  0]LogConfig: Setting CVar [[gc.BlueprintClusteringEnabled:0]]
[2019.12.31-07.08.46:555][  0]LogConfig: Setting CVar [[gc.UseDisregardForGCOnDedicatedServers:0]]
[2019.12.31-07.08.46:555][  0]LogConfig: Applying CVar settings from Section [/Script/Engine.NetworkSettings] File [D:/Unreal Projects/-/Qinsword/Saved/Config/Windows/Engine.ini]
[2019.12.31-07.08.46:555][  0]LogConfig: Applying CVar settings from Section [/Script/UnrealEd.CookerSettings] File [D:/Unreal Projects/-/Qinsword/Saved/Config/Windows/Engine.ini]
[2019.12.31-07.08.46:631][  0]LogConfig: Applying CVar settings from Section [ViewDistanceQuality@3] File [D:/Unreal Projects/-/Qinsword/Saved/Config/Windows/Scalability.ini]
[2019.12.31-07.08.46:631][  0]LogConfig: Setting CVar [[r.SkeletalMeshLODBias:0]]
[2019.12.31-07.08.46:631][  0]LogConfig: Setting CVar [[r.ViewDistanceScale:1.0]]
[2019.12.31-07.08.46:631][  0]LogConfig: Applying CVar settings from Section [AntiAliasingQuality@3] File [D:/Unreal Projects/-/Qinsword/Saved/Config/Windows/Scalability.ini]
[2019.12.31-07.08.46:631][  0]LogConfig: Setting CVar [[r.PostProcessAAQuality:4]]
[2019.12.31-07.08.46:631][  0]LogConfig: Applying CVar settings from Section [ShadowQuality@3] File [D:/Unreal Projects/-/Qinsword/Saved/Config/Windows/Scalability.ini]
[2019.12.31-07.08.46:631][  0]LogConfig: Setting CVar [[r.LightFunctionQuality:1]]
[2019.12.31-07.08.46:632][  0]LogConfig: Setting CVar [[r.ShadowQuality:5]]
[2019.12.31-07.08.46:632][  0]LogConfig: Setting CVar [[r.Shadow.CSM.MaxCascades:10]]
[2019.12.31-07.08.46:632][  0]LogConfig: Setting CVar [[r.Shadow.MaxResolution:2048]]
[2019.12.31-07.08.46:632][  0]LogConfig: Setting CVar [[r.Shadow.MaxCSMResolution:2048]]
[2019.12.31-07.08.46:632][  0]LogConfig: Setting CVar [[r.Shadow.RadiusThreshold:0.01]]
[2019.12.31-07.08.46:632][  0]LogConfig: Setting CVar [[r.Shadow.DistanceScale:1.0]]
[2019.12.31-07.08.46:632][  0]LogConfig: Setting CVar [[r.Shadow.CSM.TransitionScale:1.0]]
[2019.12.31-07.08.46:632][  0]LogConfig: Setting CVar [[r.Shadow.PreShadowResolutionFactor:1.0]]
[2019.12.31-07.08.46:632][  0]LogConfig: Setting CVar [[r.DistanceFieldShadowing:1]]
[2019.12.31-07.08.46:632][  0]LogConfig: Setting CVar [[r.DistanceFieldAO:1]]
[2019.12.31-07.08.46:632][  0]LogConfig: Setting CVar [[r.AOQuality:2]]
[2019.12.31-07.08.46:632][  0]LogConfig: Setting CVar [[r.VolumetricFog:1]]
[2019.12.31-07.08.46:632][  0]LogConfig: Setting CVar [[r.VolumetricFog.GridPixelSize:8]]
[2019.12.31-07.08.46:632][  0]LogConfig: Setting CVar [[r.VolumetricFog.GridSizeZ:128]]
[2019.12.31-07.08.46:632][  0]LogConfig: Setting CVar [[r.VolumetricFog.HistoryMissSupersampleCount:4]]
[2019.12.31-07.08.46:632][  0]LogConfig: Setting CVar [[r.LightMaxDrawDistanceScale:1]]
[2019.12.31-07.08.46:632][  0]LogConfig: Setting CVar [[r.CapsuleShadows:1]]
[2019.12.31-07.08.46:632][  0]LogConfig: Applying CVar settings from Section [PostProcessQuality@3] File [D:/Unreal Projects/-/Qinsword/Saved/Config/Windows/Scalability.ini]
[2019.12.31-07.08.46:632][  0]LogConfig: Setting CVar [[r.MotionBlurQuality:4]]
[2019.12.31-07.08.46:632][  0]LogConfig: Setting CVar [[r.AmbientOcclusionMipLevelFactor:0.4]]
[2019.12.31-07.08.46:632][  0]LogConfig: Setting CVar [[r.AmbientOcclusionMaxQuality:100]]
[2019.12.31-07.08.46:632][  0]LogConfig: Setting CVar [[r.AmbientOcclusionLevels:-1]]
[2019.12.31-07.08.46:632][  0]LogConfig: Setting CVar [[r.AmbientOcclusionRadiusScale:1.0]]
[2019.12.31-07.08.46:632][  0]LogConfig: Setting CVar [[r.DepthOfFieldQuality:2]]
[2019.12.31-07.08.46:632][  0]LogConfig: Setting CVar [[r.RenderTargetPoolMin:400]]
[2019.12.31-07.08.46:632][  0]LogConfig: Setting CVar [[r.LensFlareQuality:2]]
[2019.12.31-07.08.46:632][  0]LogConfig: Setting CVar [[r.SceneColorFringeQuality:1]]
[2019.12.31-07.08.46:632][  0]LogConfig: Setting CVar [[r.EyeAdaptationQuality:2]]
[2019.12.31-07.08.46:632][  0]LogConfig: Setting CVar [[r.BloomQuality:5]]
[2019.12.31-07.08.46:632][  0]LogConfig: Setting CVar [[r.FastBlurThreshold:100]]
[2019.12.31-07.08.46:632][  0]LogConfig: Setting CVar [[r.Upscale.Quality:3]]
[2019.12.31-07.08.46:632][  0]LogConfig: Setting CVar [[r.Tonemapper.GrainQuantization:1]]
[2019.12.31-07.08.46:632][  0]LogConfig: Setting CVar [[r.LightShaftQuality:1]]
[2019.12.31-07.08.46:632][  0]LogConfig: Setting CVar [[r.Filter.SizeScale:1]]
[2019.12.31-07.08.46:632][  0]LogConfig: Setting CVar [[r.Tonemapper.Quality:5]]
[2019.12.31-07.08.46:632][  0]LogConfig: Setting CVar [[r.DOF.Gather.AccumulatorQuality:1        ; higher gathering accumulator quality]]
[2019.12.31-07.08.46:632][  0]LogConfig: Setting CVar [[r.DOF.Gather.PostfilterMethod:1          ; Median3x3 postfilering method]]
[2019.12.31-07.08.46:632][  0]LogConfig: Setting CVar [[r.DOF.Gather.EnableBokehSettings:0       ; no bokeh simulation when gathering]]
[2019.12.31-07.08.46:632][  0]LogConfig: Setting CVar [[r.DOF.Gather.RingCount:4                 ; medium number of samples when gathering]]
[2019.12.31-07.08.46:632][  0]LogConfig: Setting CVar [[r.DOF.Scatter.ForegroundCompositing:1    ; additive foreground scattering]]
[2019.12.31-07.08.46:632][  0]LogConfig: Setting CVar [[r.DOF.Scatter.BackgroundCompositing:2    ; additive background scattering]]
[2019.12.31-07.08.46:632][  0]LogConfig: Setting CVar [[r.DOF.Scatter.EnableBokehSettings:1      ; bokeh simulation when scattering]]
[2019.12.31-07.08.46:632][  0]LogConfig: Setting CVar [[r.DOF.Scatter.MaxSpriteRatio:0.1         ; only a maximum of 10% of scattered bokeh]]
[2019.12.31-07.08.46:632][  0]LogConfig: Setting CVar [[r.DOF.Recombine.Quality:1                ; cheap slight out of focus]]
[2019.12.31-07.08.46:632][  0]LogConfig: Setting CVar [[r.DOF.Recombine.EnableBokehSettings:0    ; no bokeh simulation on slight out of focus]]
[2019.12.31-07.08.46:632][  0]LogConfig: Setting CVar [[r.DOF.TemporalAAQuality:1                ; more stable temporal accumulation]]
[2019.12.31-07.08.46:632][  0]LogConfig: Setting CVar [[r.DOF.Kernel.MaxForegroundRadius:0.025]]
[2019.12.31-07.08.46:632][  0]LogConfig: Setting CVar [[r.DOF.Kernel.MaxBackgroundRadius:0.025]]
[2019.12.31-07.08.46:632][  0]LogConfig: Applying CVar settings from Section [TextureQuality@3] File [D:/Unreal Projects/-/Qinsword/Saved/Config/Windows/Scalability.ini]
[2019.12.31-07.08.46:632][  0]LogConfig: Setting CVar [[r.Streaming.MipBias:0]]
[2019.12.31-07.08.46:632][  0]LogConfig: Setting CVar [[r.Streaming.AmortizeCPUToGPUCopy:0]]
[2019.12.31-07.08.46:632][  0]LogConfig: Setting CVar [[r.Streaming.MaxNumTexturesToStreamPerFrame:0]]
[2019.12.31-07.08.46:632][  0]LogConfig: Setting CVar [[r.Streaming.Boost:1]]
[2019.12.31-07.08.46:632][  0]LogConfig: Setting CVar [[r.MaxAnisotropy:8]]
[2019.12.31-07.08.46:632][  0]LogConfig: Setting CVar [[r.Streaming.LimitPoolSizeToVRAM:0]]
[2019.12.31-07.08.46:632][  0]LogConfig: Setting CVar [[r.Streaming.PoolSize:1000]]
[2019.12.31-07.08.46:632][  0]LogConfig: Setting CVar [[r.Streaming.MaxEffectiveScreenSize:0]]
[2019.12.31-07.08.46:632][  0]LogConfig: Applying CVar settings from Section [EffectsQuality@3] File [D:/Unreal Projects/-/Qinsword/Saved/Config/Windows/Scalability.ini]
[2019.12.31-07.08.46:632][  0]LogConfig: Setting CVar [[r.TranslucencyLightingVolumeDim:64]]
[2019.12.31-07.08.46:632][  0]LogConfig: Setting CVar [[r.RefractionQuality:2]]
[2019.12.31-07.08.46:632][  0]LogConfig: Setting CVar [[r.SSR.Quality:3]]
[2019.12.31-07.08.46:632][  0]LogConfig: Setting CVar [[r.SceneColorFormat:4]]
[2019.12.31-07.08.46:632][  0]LogConfig: Setting CVar [[r.DetailMode:2]]
[2019.12.31-07.08.46:632][  0]LogConfig: Setting CVar [[r.TranslucencyVolumeBlur:1]]
[2019.12.31-07.08.46:632][  0]LogConfig: Setting CVar [[r.MaterialQualityLevel:1 ; High quality]]
[2019.12.31-07.08.46:632][  0]LogConfig: Setting CVar [[r.SSS.Scale:1]]
[2019.12.31-07.08.46:632][  0]LogConfig: Setting CVar [[r.SSS.SampleSet:2]]
[2019.12.31-07.08.46:632][  0]LogConfig: Setting CVar [[r.SSS.Quality:1]]
[2019.12.31-07.08.46:632][  0]LogConfig: Setting CVar [[r.SSS.HalfRes:1]]
[2019.12.31-07.08.46:632][  0]LogConfig: Setting CVar [[r.EmitterSpawnRateScale:1.0]]
[2019.12.31-07.08.46:632][  0]LogConfig: Setting CVar [[r.ParticleLightQuality:2]]
[2019.12.31-07.08.46:632][  0]LogConfig: Applying CVar settings from Section [FoliageQuality@3] File [D:/Unreal Projects/-/Qinsword/Saved/Config/Windows/Scalability.ini]
[2019.12.31-07.08.46:632][  0]LogConfig: Setting CVar [[foliage.DensityScale:1.0]]
[2019.12.31-07.08.46:632][  0]LogConfig: Setting CVar [[grass.DensityScale:1.0]]
[2019.12.31-07.08.46:640][  0]LogInit: Selected Device Profile: [Windows]
[2019.12.31-07.08.46:640][  0]LogInit: Applying CVar settings loaded from the selected device profile: [Windows]
[2019.12.31-07.08.46:719][  0]LogHAL: Display: Platform has ~ 16 GB [17093140480 / 17179869184 / 16], which maps to Larger [LargestMinGB=32, LargerMinGB=12, DefaultMinGB=8, SmallerMinGB=6, SmallestMinGB=0)
[2019.12.31-07.08.46:741][  0]LogConfig: Setting CVar [[r.Vulkan.UseRealUBs:0		; Required until we fix HLR fall-out]]
[2019.12.31-07.08.46:741][  0]LogInit: Going up to parent DeviceProfile []
[2019.12.31-07.08.46:778][  0]LogConfig: Applying CVar settings from Section [ViewDistanceQuality@3] File [D:/Unreal Projects/-/Qinsword/Saved/Config/Windows/Scalability.ini]
[2019.12.31-07.08.46:778][  0]LogConfig: Setting CVar [[r.SkeletalMeshLODBias:0]]
[2019.12.31-07.08.46:778][  0]LogConfig: Setting CVar [[r.ViewDistanceScale:1.0]]
[2019.12.31-07.08.46:778][  0]LogConfig: Applying CVar settings from Section [AntiAliasingQuality@3] File [D:/Unreal Projects/-/Qinsword/Saved/Config/Windows/Scalability.ini]
[2019.12.31-07.08.46:778][  0]LogConfig: Setting CVar [[r.PostProcessAAQuality:4]]
[2019.12.31-07.08.46:778][  0]LogConfig: Applying CVar settings from Section [ShadowQuality@3] File [D:/Unreal Projects/-/Qinsword/Saved/Config/Windows/Scalability.ini]
[2019.12.31-07.08.46:778][  0]LogConfig: Setting CVar [[r.LightFunctionQuality:1]]
[2019.12.31-07.08.46:778][  0]LogConfig: Setting CVar [[r.ShadowQuality:5]]
[2019.12.31-07.08.46:778][  0]LogConfig: Setting CVar [[r.Shadow.CSM.MaxCascades:10]]
[2019.12.31-07.08.46:778][  0]LogConfig: Setting CVar [[r.Shadow.MaxResolution:2048]]
[2019.12.31-07.08.46:778][  0]LogConfig: Setting CVar [[r.Shadow.MaxCSMResolution:2048]]
[2019.12.31-07.08.46:778][  0]LogConfig: Setting CVar [[r.Shadow.RadiusThreshold:0.01]]
[2019.12.31-07.08.46:778][  0]LogConfig: Setting CVar [[r.Shadow.DistanceScale:1.0]]
[2019.12.31-07.08.46:778][  0]LogConfig: Setting CVar [[r.Shadow.CSM.TransitionScale:1.0]]
[2019.12.31-07.08.46:778][  0]LogConfig: Setting CVar [[r.Shadow.PreShadowResolutionFactor:1.0]]
[2019.12.31-07.08.46:778][  0]LogConfig: Setting CVar [[r.DistanceFieldShadowing:1]]
[2019.12.31-07.08.46:778][  0]LogConfig: Setting CVar [[r.DistanceFieldAO:1]]
[2019.12.31-07.08.46:778][  0]LogConfig: Setting CVar [[r.AOQuality:2]]
[2019.12.31-07.08.46:778][  0]LogConfig: Setting CVar [[r.VolumetricFog:1]]
[2019.12.31-07.08.46:778][  0]LogConfig: Setting CVar [[r.VolumetricFog.GridPixelSize:8]]
[2019.12.31-07.08.46:778][  0]LogConfig: Setting CVar [[r.VolumetricFog.GridSizeZ:128]]
[2019.12.31-07.08.46:778][  0]LogConfig: Setting CVar [[r.VolumetricFog.HistoryMissSupersampleCount:4]]
[2019.12.31-07.08.46:778][  0]LogConfig: Setting CVar [[r.LightMaxDrawDistanceScale:1]]
[2019.12.31-07.08.46:778][  0]LogConfig: Setting CVar [[r.CapsuleShadows:1]]
[2019.12.31-07.08.46:778][  0]LogConfig: Applying CVar settings from Section [PostProcessQuality@3] File [D:/Unreal Projects/-/Qinsword/Saved/Config/Windows/Scalability.ini]
[2019.12.31-07.08.46:778][  0]LogConfig: Setting CVar [[r.MotionBlurQuality:4]]
[2019.12.31-07.08.46:778][  0]LogConfig: Setting CVar [[r.AmbientOcclusionMipLevelFactor:0.4]]
[2019.12.31-07.08.46:778][  0]LogConfig: Setting CVar [[r.AmbientOcclusionMaxQuality:100]]
[2019.12.31-07.08.46:778][  0]LogConfig: Setting CVar [[r.AmbientOcclusionLevels:-1]]
[2019.12.31-07.08.46:778][  0]LogConfig: Setting CVar [[r.AmbientOcclusionRadiusScale:1.0]]
[2019.12.31-07.08.46:778][  0]LogConfig: Setting CVar [[r.DepthOfFieldQuality:2]]
[2019.12.31-07.08.46:778][  0]LogConfig: Setting CVar [[r.RenderTargetPoolMin:400]]
[2019.12.31-07.08.46:778][  0]LogConfig: Setting CVar [[r.LensFlareQuality:2]]
[2019.12.31-07.08.46:778][  0]LogConfig: Setting CVar [[r.SceneColorFringeQuality:1]]
[2019.12.31-07.08.46:778][  0]LogConfig: Setting CVar [[r.EyeAdaptationQuality:2]]
[2019.12.31-07.08.46:778][  0]LogConfig: Setting CVar [[r.BloomQuality:5]]
[2019.12.31-07.08.46:778][  0]LogConfig: Setting CVar [[r.FastBlurThreshold:100]]
[2019.12.31-07.08.46:778][  0]LogConfig: Setting CVar [[r.Upscale.Quality:3]]
[2019.12.31-07.08.46:778][  0]LogConfig: Setting CVar [[r.Tonemapper.GrainQuantization:1]]
[2019.12.31-07.08.46:779][  0]LogConfig: Setting CVar [[r.LightShaftQuality:1]]
[2019.12.31-07.08.46:779][  0]LogConfig: Setting CVar [[r.Filter.SizeScale:1]]
[2019.12.31-07.08.46:779][  0]LogConfig: Setting CVar [[r.Tonemapper.Quality:5]]
[2019.12.31-07.08.46:779][  0]LogConfig: Setting CVar [[r.DOF.Gather.AccumulatorQuality:1        ; higher gathering accumulator quality]]
[2019.12.31-07.08.46:779][  0]LogConfig: Setting CVar [[r.DOF.Gather.PostfilterMethod:1          ; Median3x3 postfilering method]]
[2019.12.31-07.08.46:779][  0]LogConfig: Setting CVar [[r.DOF.Gather.EnableBokehSettings:0       ; no bokeh simulation when gathering]]
[2019.12.31-07.08.46:779][  0]LogConfig: Setting CVar [[r.DOF.Gather.RingCount:4                 ; medium number of samples when gathering]]
[2019.12.31-07.08.46:779][  0]LogConfig: Setting CVar [[r.DOF.Scatter.ForegroundCompositing:1    ; additive foreground scattering]]
[2019.12.31-07.08.46:779][  0]LogConfig: Setting CVar [[r.DOF.Scatter.BackgroundCompositing:2    ; additive background scattering]]
[2019.12.31-07.08.46:779][  0]LogConfig: Setting CVar [[r.DOF.Scatter.EnableBokehSettings:1      ; bokeh simulation when scattering]]
[2019.12.31-07.08.46:779][  0]LogConfig: Setting CVar [[r.DOF.Scatter.MaxSpriteRatio:0.1         ; only a maximum of 10% of scattered bokeh]]
[2019.12.31-07.08.46:779][  0]LogConfig: Setting CVar [[r.DOF.Recombine.Quality:1                ; cheap slight out of focus]]
[2019.12.31-07.08.46:779][  0]LogConfig: Setting CVar [[r.DOF.Recombine.EnableBokehSettings:0    ; no bokeh simulation on slight out of focus]]
[2019.12.31-07.08.46:779][  0]LogConfig: Setting CVar [[r.DOF.TemporalAAQuality:1                ; more stable temporal accumulation]]
[2019.12.31-07.08.46:779][  0]LogConfig: Setting CVar [[r.DOF.Kernel.MaxForegroundRadius:0.025]]
[2019.12.31-07.08.46:779][  0]LogConfig: Setting CVar [[r.DOF.Kernel.MaxBackgroundRadius:0.025]]
[2019.12.31-07.08.46:779][  0]LogConfig: Applying CVar settings from Section [TextureQuality@3] File [D:/Unreal Projects/-/Qinsword/Saved/Config/Windows/Scalability.ini]
[2019.12.31-07.08.46:779][  0]LogConfig: Setting CVar [[r.Streaming.MipBias:0]]
[2019.12.31-07.08.46:779][  0]LogConfig: Setting CVar [[r.Streaming.AmortizeCPUToGPUCopy:0]]
[2019.12.31-07.08.46:779][  0]LogConfig: Setting CVar [[r.Streaming.MaxNumTexturesToStreamPerFrame:0]]
[2019.12.31-07.08.46:779][  0]LogConfig: Setting CVar [[r.Streaming.Boost:1]]
[2019.12.31-07.08.46:779][  0]LogConfig: Setting CVar [[r.MaxAnisotropy:8]]
[2019.12.31-07.08.46:779][  0]LogConfig: Setting CVar [[r.Streaming.LimitPoolSizeToVRAM:0]]
[2019.12.31-07.08.46:779][  0]LogConfig: Setting CVar [[r.Streaming.PoolSize:1000]]
[2019.12.31-07.08.46:779][  0]LogConfig: Setting CVar [[r.Streaming.MaxEffectiveScreenSize:0]]
[2019.12.31-07.08.46:779][  0]LogConfig: Applying CVar settings from Section [EffectsQuality@3] File [D:/Unreal Projects/-/Qinsword/Saved/Config/Windows/Scalability.ini]
[2019.12.31-07.08.46:779][  0]LogConfig: Setting CVar [[r.TranslucencyLightingVolumeDim:64]]
[2019.12.31-07.08.46:779][  0]LogConfig: Setting CVar [[r.RefractionQuality:2]]
[2019.12.31-07.08.46:779][  0]LogConfig: Setting CVar [[r.SSR.Quality:3]]
[2019.12.31-07.08.46:779][  0]LogConfig: Setting CVar [[r.SceneColorFormat:4]]
[2019.12.31-07.08.46:779][  0]LogConfig: Setting CVar [[r.DetailMode:2]]
[2019.12.31-07.08.46:779][  0]LogConfig: Setting CVar [[r.TranslucencyVolumeBlur:1]]
[2019.12.31-07.08.46:779][  0]LogConfig: Setting CVar [[r.MaterialQualityLevel:1 ; High quality]]
[2019.12.31-07.08.46:779][  0]LogConfig: Setting CVar [[r.SSS.Scale:1]]
[2019.12.31-07.08.46:779][  0]LogConfig: Setting CVar [[r.SSS.SampleSet:2]]
[2019.12.31-07.08.46:779][  0]LogConfig: Setting CVar [[r.SSS.Quality:1]]
[2019.12.31-07.08.46:779][  0]LogConfig: Setting CVar [[r.SSS.HalfRes:1]]
[2019.12.31-07.08.46:779][  0]LogConfig: Setting CVar [[r.EmitterSpawnRateScale:1.0]]
[2019.12.31-07.08.46:779][  0]LogConfig: Setting CVar [[r.ParticleLightQuality:2]]
[2019.12.31-07.08.46:779][  0]LogConfig: Applying CVar settings from Section [FoliageQuality@3] File [D:/Unreal Projects/-/Qinsword/Saved/Config/Windows/Scalability.ini]
[2019.12.31-07.08.46:779][  0]LogConfig: Setting CVar [[foliage.DensityScale:1.0]]
[2019.12.31-07.08.46:779][  0]LogConfig: Setting CVar [[grass.DensityScale:1.0]]
[2019.12.31-07.08.46:779][  0]LogConfig: Applying CVar settings from Section [Startup] File [../../../Engine/Config/ConsoleVariables.ini]
[2019.12.31-07.08.46:820][  0]LogConfig: Setting CVar [[net.UseAdaptiveNetUpdateFrequency:0]]
[2019.12.31-07.08.46:820][  0]LogConfig: Setting CVar [[p.chaos.AllowCreatePhysxBodies:1]]
[2019.12.31-07.08.46:820][  0]LogConfig: Applying CVar settings from Section [ConsoleVariables] File [D:/Unreal Projects/-/Qinsword/Saved/Config/Windows/Engine.ini]
[2019.12.31-07.08.46:859][  0]LogInit: Computer: DESKTOP-H85HJKG
[2019.12.31-07.08.46:859][  0]LogInit: User: dott
[2019.12.31-07.08.46:859][  0]LogInit: CPU Page size=4096, Cores=6
[2019.12.31-07.08.46:859][  0]LogInit: High frequency timer resolution =2.929684 MHz
[2019.12.31-07.08.46:868][  0]LogMemory: Memory total: Physical=15.9GB (16GB approx)
[2019.12.31-07.08.46:868][  0]LogMemory: Platform Memory Stats for Windows
[2019.12.31-07.08.46:868][  0]LogMemory: Process Physical Memory: 98.38 MB used, 98.38 MB peak
[2019.12.31-07.08.46:868][  0]LogMemory: Process Virtual Memory: 94.66 MB used, 94.66 MB peak
[2019.12.31-07.08.46:868][  0]LogMemory: Physical Memory: 5024.57 MB used,  11276.72 MB free, 16301.29 MB total
[2019.12.31-07.08.46:868][  0]LogMemory: Virtual Memory: 4656.35 MB used,  134213072.00 MB free, 134217728.00 MB total
[2019.12.31-07.08.48:121][  0]LogInit: Using OS detected language (zh-CN).
[2019.12.31-07.08.48:121][  0]LogInit: Using OS detected locale (zh-CN).
[2019.12.31-07.08.48:218][  0]LogTextLocalizationResource: LocRes '../../../Engine/Content/Localization/Editor/zh-Hans-CN/Editor.locres' could not be opened for reading!
[2019.12.31-07.08.48:218][  0]LogTextLocalizationResource: LocRes '../../../Engine/Content/Localization/EditorTutorials/zh-Hans-CN/EditorTutorials.locres' could not be opened for reading!
[2019.12.31-07.08.48:218][  0]LogTextLocalizationResource: LocRes '../../../Engine/Content/Localization/Keywords/zh-Hans-CN/Keywords.locres' could not be opened for reading!
[2019.12.31-07.08.48:219][  0]LogTextLocalizationResource: LocRes '../../../Engine/Content/Localization/Category/zh-Hans-CN/Category.locres' could not be opened for reading!
[2019.12.31-07.08.48:232][  0]LogTextLocalizationResource: LocRes '../../../Engine/Content/Localization/ToolTips/zh-Hans-CN/ToolTips.locres' could not be opened for reading!
[2019.12.31-07.08.48:254][  0]LogTextLocalizationResource: LocRes '../../../Engine/Content/Localization/PropertyNames/zh-Hans-CN/PropertyNames.locres' could not be opened for reading!
[2019.12.31-07.08.48:254][  0]LogTextLocalizationResource: LocRes '../../../Engine/Content/Localization/Engine/zh-Hans-CN/Engine.locres' could not be opened for reading!
[2019.12.31-07.08.48:254][  0]LogTextLocalizationResource: LocRes '../../../Engine/Plugins/Online/Android/OnlineSubsystemGooglePlay/Content/Localization/OnlineSubsystemGooglePlay/zh-Hans-CN/OnlineSubsystemGooglePlay.locres' could not be opened for reading!
[2019.12.31-07.08.48:254][  0]LogTextLocalizationResource: LocRes '../../../Engine/Plugins/Online/IOS/OnlineSubsystemIOS/Content/Localization/OnlineSubsystemIOS/zh-Hans-CN/OnlineSubsystemIOS.locres' could not be opened for reading!
[2019.12.31-07.08.48:254][  0]LogTextLocalizationResource: LocRes '../../../Engine/Plugins/Online/OnlineSubsystem/Content/Localization/OnlineSubsystem/zh-Hans-CN/OnlineSubsystem.locres' could not be opened for reading!
[2019.12.31-07.08.48:254][  0]LogTextLocalizationResource: LocRes '../../../Engine/Plugins/Online/OnlineSubsystemUtils/Content/Localization/OnlineSubsystemUtils/zh-Hans-CN/OnlineSubsystemUtils.locres' could not be opened for reading!
[2019.12.31-07.08.48:702][  0]LogTextLocalizationResource: LocRes '../../../Engine/Plugins/Online/Android/OnlineSubsystemGooglePlay/Content/Localization/OnlineSubsystemGooglePlay/zh-CN/OnlineSubsystemGooglePlay.locres' could not be opened for reading!
[2019.12.31-07.08.48:702][  0]LogTextLocalizationResource: LocRes '../../../Engine/Plugins/Online/IOS/OnlineSubsystemIOS/Content/Localization/OnlineSubsystemIOS/zh-CN/OnlineSubsystemIOS.locres' could not be opened for reading!
[2019.12.31-07.08.48:702][  0]LogTextLocalizationResource: LocRes '../../../Engine/Plugins/Online/OnlineSubsystem/Content/Localization/OnlineSubsystem/zh-CN/OnlineSubsystem.locres' could not be opened for reading!
[2019.12.31-07.08.48:702][  0]LogTextLocalizationResource: LocRes '../../../Engine/Plugins/Online/OnlineSubsystemUtils/Content/Localization/OnlineSubsystemUtils/zh-CN/OnlineSubsystemUtils.locres' could not be opened for reading!
[2019.12.31-07.08.48:703][  0]LogTextLocalizationResource: LocRes '../../../Engine/Content/Localization/Editor/zh-Hans/Editor.locres' could not be opened for reading!
[2019.12.31-07.08.48:703][  0]LogTextLocalizationResource: LocRes '../../../Engine/Content/Localization/EditorTutorials/zh-Hans/EditorTutorials.locres' could not be opened for reading!
[2019.12.31-07.08.48:703][  0]LogTextLocalizationResource: LocRes '../../../Engine/Content/Localization/Keywords/zh-Hans/Keywords.locres' could not be opened for reading!
[2019.12.31-07.08.48:703][  0]LogTextLocalizationResource: LocRes '../../../Engine/Content/Localization/Category/zh-Hans/Category.locres' could not be opened for reading!
[2019.12.31-07.08.48:703][  0]LogTextLocalizationResource: LocRes '../../../Engine/Content/Localization/ToolTips/zh-Hans/ToolTips.locres' could not be opened for reading!
[2019.12.31-07.08.48:703][  0]LogTextLocalizationResource: LocRes '../../../Engine/Content/Localization/PropertyNames/zh-Hans/PropertyNames.locres' could not be opened for reading!
[2019.12.31-07.08.48:703][  0]LogTextLocalizationResource: LocRes '../../../Engine/Content/Localization/Engine/zh-Hans/Engine.locres' could not be opened for reading!
[2019.12.31-07.08.48:755][  0]LogTextLocalizationResource: LocRes '../../../Engine/Content/Localization/Editor/zh/Editor.locres' could not be opened for reading!
[2019.12.31-07.08.48:755][  0]LogTextLocalizationResource: LocRes '../../../Engine/Content/Localization/EditorTutorials/zh/EditorTutorials.locres' could not be opened for reading!
[2019.12.31-07.08.48:755][  0]LogTextLocalizationResource: LocRes '../../../Engine/Content/Localization/Keywords/zh/Keywords.locres' could not be opened for reading!
[2019.12.31-07.08.48:755][  0]LogTextLocalizationResource: LocRes '../../../Engine/Content/Localization/Category/zh/Category.locres' could not be opened for reading!
[2019.12.31-07.08.48:755][  0]LogTextLocalizationResource: LocRes '../../../Engine/Content/Localization/ToolTips/zh/ToolTips.locres' could not be opened for reading!
[2019.12.31-07.08.48:755][  0]LogTextLocalizationResource: LocRes '../../../Engine/Content/Localization/PropertyNames/zh/PropertyNames.locres' could not be opened for reading!
[2019.12.31-07.08.48:755][  0]LogTextLocalizationResource: LocRes '../../../Engine/Content/Localization/Engine/zh/Engine.locres' could not be opened for reading!
[2019.12.31-07.08.48:755][  0]LogTextLocalizationResource: LocRes '../../../Engine/Plugins/Online/Android/OnlineSubsystemGooglePlay/Content/Localization/OnlineSubsystemGooglePlay/zh/OnlineSubsystemGooglePlay.locres' could not be opened for reading!
[2019.12.31-07.08.48:755][  0]LogTextLocalizationResource: LocRes '../../../Engine/Plugins/Online/IOS/OnlineSubsystemIOS/Content/Localization/OnlineSubsystemIOS/zh/OnlineSubsystemIOS.locres' could not be opened for reading!
[2019.12.31-07.08.48:755][  0]LogTextLocalizationResource: LocRes '../../../Engine/Plugins/Online/OnlineSubsystem/Content/Localization/OnlineSubsystem/zh/OnlineSubsystem.locres' could not be opened for reading!
[2019.12.31-07.08.48:755][  0]LogTextLocalizationResource: LocRes '../../../Engine/Plugins/Online/OnlineSubsystemUtils/Content/Localization/OnlineSubsystemUtils/zh/OnlineSubsystemUtils.locres' could not be opened for reading!
[2019.12.31-07.08.48:846][  0]LogInit: Setting process to per monitor DPI aware
[2019.12.31-07.08.49:688][  0]LogSlate: New Slate User Created.  User Index 0, Is Virtual User: 0
[2019.12.31-07.08.49:688][  0]LogSlate: Slate User Registered.  User Index 0, Is Virtual User: 0
[2019.12.31-07.08.50:988][  0]LogHMD: Failed to initialize OpenVR with code 110
[2019.12.31-07.08.50:988][  0]LogD3D11RHI: D3D11 adapters:
[2019.12.31-07.08.51:047][  0]LogD3D11RHI:    0. 'NVIDIA GeForce GTX 1070' (Feature Level 11_0)
[2019.12.31-07.08.51:047][  0]LogD3D11RHI:       8088/0/8150 MB DedicatedVideo/DedicatedSystem/SharedSystem, Outputs:2, VendorId:0x10de
[2019.12.31-07.08.51:049][  0]LogD3D11RHI:    1. 'Microsoft Basic Render Driver' (Feature Level 11_0)
[2019.12.31-07.08.51:049][  0]LogD3D11RHI:       0/0/8150 MB DedicatedVideo/DedicatedSystem/SharedSystem, Outputs:0, VendorId:0x1414
[2019.12.31-07.08.51:049][  0]LogD3D11RHI: Chosen D3D11 Adapter: 0
[2019.12.31-07.08.51:056][  0]LogD3D11RHI: Creating new Direct3DDevice
[2019.12.31-07.08.51:056][  0]LogD3D11RHI:     GPU DeviceId: 0x1b81 (for the marketing name, search the web for "GPU Device Id")
[2019.12.31-07.08.51:056][  0]LogWindows: EnumDisplayDevices:
[2019.12.31-07.08.51:056][  0]LogWindows:    0. 'NVIDIA GeForce GTX 1070' (P:1 D:1)
[2019.12.31-07.08.51:056][  0]LogWindows:    1. 'NVIDIA GeForce GTX 1070' (P:0 D:1)
[2019.12.31-07.08.51:057][  0]LogWindows:    2. 'NVIDIA GeForce GTX 1070' (P:0 D:0)
[2019.12.31-07.08.51:058][  0]LogWindows:    3. 'NVIDIA GeForce GTX 1070' (P:0 D:0)
[2019.12.31-07.08.51:058][  0]LogWindows: DebugString: FoundDriverCount:4 
[2019.12.31-07.08.51:058][  0]LogD3D11RHI:     Adapter Name: NVIDIA GeForce GTX 1070
[2019.12.31-07.08.51:058][  0]LogD3D11RHI:   Driver Version: 441.66 (internal:26.21.14.4166, unified:441.66)
[2019.12.31-07.08.51:058][  0]LogD3D11RHI:      Driver Date: 12-6-2019
[2019.12.31-07.08.51:058][  0]LogRHI: Texture pool is 5661 MB (70% of 8088 MB)
[2019.12.31-07.08.51:131][  0]LogD3D11RHI: Async texture creation enabled
[2019.12.31-07.08.51:401][  0]LogRendererCore: FGlobalReadBuffer::InitRHI
[2019.12.31-07.08.51:414][  0]LogRendererCore: FGlobalReadBuffer::InitRHI
[2019.12.31-07.08.51:414][  0]LogRendererCore: FGlobalReadBuffer::InitRHI
[2019.12.31-07.08.51:561][  0]LogD3D11RHI: GPU Timing Frequency: 1000.000000 (Debug: 2 1)
[2019.12.31-07.08.53:927][  0]LogTemp: Display: Module 'AllDesktopTargetPlatform' loaded TargetPlatform 'AllDesktop'
[2019.12.31-07.08.53:978][  0]LogTemp: Display: Module 'MacClientTargetPlatform' loaded TargetPlatform 'MacClient'
[2019.12.31-07.08.54:049][  0]LogTemp: Display: Module 'MacNoEditorTargetPlatform' loaded TargetPlatform 'MacNoEditor'
[2019.12.31-07.08.54:065][  0]LogTemp: Display: Module 'MacServerTargetPlatform' loaded TargetPlatform 'MacServer'
[2019.12.31-07.08.54:103][  0]LogTemp: Display: Module 'MacTargetPlatform' loaded TargetPlatform 'Mac'
[2019.12.31-07.08.54:186][  0]LogTemp: Display: Module 'WindowsClientTargetPlatform' loaded TargetPlatform 'WindowsClient'
[2019.12.31-07.08.54:198][  0]LogTemp: Display: Module 'WindowsNoEditorTargetPlatform' loaded TargetPlatform 'WindowsNoEditor'
[2019.12.31-07.08.54:218][  0]LogTemp: Display: Module 'WindowsServerTargetPlatform' loaded TargetPlatform 'WindowsServer'
[2019.12.31-07.08.54:226][  0]LogTemp: Display: Module 'WindowsTargetPlatform' loaded TargetPlatform 'Windows'
[2019.12.31-07.08.54:423][  0]LogTemp: Display: Module 'AndroidTargetPlatform' loaded TargetPlatform 'Android'
[2019.12.31-07.08.54:423][  0]LogTemp: Display: Module 'AndroidTargetPlatform' loaded TargetPlatform 'Android_ASTC'
[2019.12.31-07.08.54:423][  0]LogTemp: Display: Module 'AndroidTargetPlatform' loaded TargetPlatform 'Android_ATC'
[2019.12.31-07.08.54:423][  0]LogTemp: Display: Module 'AndroidTargetPlatform' loaded TargetPlatform 'Android_DXT'
[2019.12.31-07.08.54:423][  0]LogTemp: Display: Module 'AndroidTargetPlatform' loaded TargetPlatform 'Android_ETC1'
[2019.12.31-07.08.54:423][  0]LogTemp: Display: Module 'AndroidTargetPlatform' loaded TargetPlatform 'Android_ETC1a'
[2019.12.31-07.08.54:423][  0]LogTemp: Display: Module 'AndroidTargetPlatform' loaded TargetPlatform 'Android_ETC2'
[2019.12.31-07.08.54:423][  0]LogTemp: Display: Module 'AndroidTargetPlatform' loaded TargetPlatform 'Android_PVRTC'
[2019.12.31-07.08.54:423][  0]LogTemp: Display: Module 'AndroidTargetPlatform' loaded TargetPlatform 'AndroidClient'
[2019.12.31-07.08.54:423][  0]LogTemp: Display: Module 'AndroidTargetPlatform' loaded TargetPlatform 'Android_ASTCClient'
[2019.12.31-07.08.54:423][  0]LogTemp: Display: Module 'AndroidTargetPlatform' loaded TargetPlatform 'Android_ATCClient'
[2019.12.31-07.08.54:423][  0]LogTemp: Display: Module 'AndroidTargetPlatform' loaded TargetPlatform 'Android_DXTClient'
[2019.12.31-07.08.54:423][  0]LogTemp: Display: Module 'AndroidTargetPlatform' loaded TargetPlatform 'Android_ETC1Client'
[2019.12.31-07.08.54:424][  0]LogTemp: Display: Module 'AndroidTargetPlatform' loaded TargetPlatform 'Android_ETC1aClient'
[2019.12.31-07.08.54:424][  0]LogTemp: Display: Module 'AndroidTargetPlatform' loaded TargetPlatform 'Android_ETC2Client'
[2019.12.31-07.08.54:424][  0]LogTemp: Display: Module 'AndroidTargetPlatform' loaded TargetPlatform 'Android_PVRTCClient'
[2019.12.31-07.08.54:424][  0]LogTemp: Display: Module 'AndroidTargetPlatform' loaded TargetPlatform 'Android_Multi'
[2019.12.31-07.08.54:424][  0]LogTemp: Display: Module 'AndroidTargetPlatform' loaded TargetPlatform 'Android_MultiClient'
[2019.12.31-07.08.54:434][  0]LogTemp: Display: Module 'HTML5TargetPlatform' loaded TargetPlatform 'HTML5'
[2019.12.31-07.08.54:534][  0]LogTemp: Display: Module 'IOSTargetPlatform' loaded TargetPlatform 'IOSClient'
[2019.12.31-07.08.54:534][  0]LogTemp: Display: Module 'IOSTargetPlatform' loaded TargetPlatform 'IOS'
[2019.12.31-07.08.54:602][  0]LogTemp: Display: Module 'TVOSTargetPlatform' loaded TargetPlatform 'TVOSClient'
[2019.12.31-07.08.54:602][  0]LogTemp: Display: Module 'TVOSTargetPlatform' loaded TargetPlatform 'TVOS'
[2019.12.31-07.08.54:637][  0]LogTemp: Display: Module 'LinuxClientTargetPlatform' loaded TargetPlatform 'LinuxClient'
[2019.12.31-07.08.54:664][  0]LogTemp: Display: Module 'LinuxNoEditorTargetPlatform' loaded TargetPlatform 'LinuxNoEditor'
[2019.12.31-07.08.54:687][  0]LogTemp: Display: Module 'LinuxServerTargetPlatform' loaded TargetPlatform 'LinuxServer'
[2019.12.31-07.08.54:717][  0]LogTemp: Display: Module 'LinuxTargetPlatform' loaded TargetPlatform 'Linux'
[2019.12.31-07.08.54:811][  0]LogTemp: Display: Module 'LuminTargetPlatform' loaded TargetPlatform 'Lumin'
[2019.12.31-07.08.54:811][  0]LogTemp: Display: Module 'LuminTargetPlatform' loaded TargetPlatform 'LuminClient'
[2019.12.31-07.08.54:811][  0]LogTargetPlatformManager: Display: Building Assets For Windows
[2019.12.31-07.08.54:896][  0]LogAudioDebug: Display: Lib vorbis DLL was dynamically loaded.
[2019.12.31-07.08.55:374][  0]LogShaderCompilers: Guid format shader working directory is 0 characters bigger than the processId version (../../../../../../Unreal Projects/-/Qinsword/Intermediate/Shaders/WorkingDirectory/14096/).
[2019.12.31-07.08.55:374][  0]LogShaderCompilers: Cleaned the shader compiler working directory 'C:/Users/dott/AppData/Local/Temp/UnrealShaderWorkingDir/6011ABA246EA46B7921B96BC1BB0FEDF/'.
[2019.12.31-07.08.55:411][  0]LogXGEController: Cleaning working directory: C:/Users/dott/AppData/Local/Temp/UnrealXGEWorkingDir/
[2019.12.31-07.08.55:411][  0]LogXGEController: Cannot use XGE Controller as Incredibuild is not installed on this machine.
[2019.12.31-07.08.55:412][  0]LogShaderCompilers: Cannot use XGE Shader Compiler as Incredibuild is not installed on this machine.
[2019.12.31-07.08.55:412][  0]LogShaderCompilers: Display: Using Local Shader Compiler.
[2019.12.31-07.08.57:863][  0]LogDerivedDataCache: Display: Max Cache Size: 512 MB
[2019.12.31-07.08.58:069][  0]LogDerivedDataCache: Loaded boot cache 0.20s 71MB C:/Users/dott/AppData/Local/UnrealEngine/4.22/DerivedDataCache/Boot.ddc.
[2019.12.31-07.08.58:069][  0]LogDerivedDataCache: Display: Loaded Boot cache: C:/Users/dott/AppData/Local/UnrealEngine/4.22/DerivedDataCache/Boot.ddc
[2019.12.31-07.08.58:069][  0]LogDerivedDataCache: FDerivedDataBackendGraph:  Pak pak cache file ../../../../../../Unreal Projects/-/Qinsword/DerivedDataCache/DDC.ddp not found, will not use a pak cache.
[2019.12.31-07.08.58:069][  0]LogDerivedDataCache: Unable to find inner node Pak for hierarchical cache Hierarchy.
[2019.12.31-07.08.58:069][  0]LogDerivedDataCache: FDerivedDataBackendGraph:  CompressedPak pak cache file ../../../../../../Unreal Projects/-/Qinsword/DerivedDataCache/Compressed.ddp not found, will not use a pak cache.
[2019.12.31-07.08.58:069][  0]LogDerivedDataCache: Unable to find inner node CompressedPak for hierarchical cache Hierarchy.
[2019.12.31-07.08.58:126][  0]LogDerivedDataCache: Display: Pak cache opened for reading ../../../Engine/DerivedDataCache/Compressed.ddp.
[2019.12.31-07.08.58:126][  0]LogDerivedDataCache: FDerivedDataBackendGraph:  EnterprisePak pak cache file ../../../Enterprise/DerivedDataCache/Compressed.ddp not found, will not use a pak cache.
[2019.12.31-07.08.58:126][  0]LogDerivedDataCache: Unable to find inner node EnterprisePak for hierarchical cache Hierarchy.
[2019.12.31-07.08.58:139][  0]LogDerivedDataCache: Using Local data cache path C:/Users/dott/AppData/Local/UnrealEngine/Common/DerivedDataCache: Writable
[2019.12.31-07.08.58:139][  0]LogDerivedDataCache: Shared data cache path not found in *engine.ini, will not use an Shared cache.
[2019.12.31-07.08.58:139][  0]LogDerivedDataCache: Unable to find inner node Shared for hierarchical cache Hierarchy.
[2019.12.31-07.08.58:248][  0]LogMaterial: Verifying Global Shaders for PCD3D_SM5
[2019.12.31-07.08.58:317][  0]LogSlate: Using FreeType 2.6.0
[2019.12.31-07.08.58:405][  0]LogSlate: SlateFontServices - WITH_FREETYPE: 1, WITH_HARFBUZZ: 1
[2019.12.31-07.08.59:047][  0]LogAssetRegistry: FAssetRegistry took 0.0432 seconds to start up
[2019.12.31-07.09.03:805][  0]LogInit: Selected Device Profile: [Windows]
[2019.12.31-07.09.04:641][  0]LogMeshReduction: Using QuadricMeshReduction for automatic static mesh reduction
[2019.12.31-07.09.04:641][  0]LogMeshReduction: Using SimplygonMeshReduction for automatic skeletal mesh reduction
[2019.12.31-07.09.04:641][  0]LogMeshReduction: Using ProxyLODMeshReduction for automatic mesh merging
[2019.12.31-07.09.04:641][  0]LogMeshReduction: No distributed automatic mesh merging module available
[2019.12.31-07.09.04:641][  0]LogMeshMerging: No distributed automatic mesh merging module available
[2019.12.31-07.09.04:841][  0]LogNetVersion: Qinsword 1.0.0, NetCL: 5660361, EngineNetVer: 10, GameNetVer: 0 (Checksum: 4280585389)
[2019.12.31-07.09.07:145][  0]LogPackageLocalizationCache: Processed 10 localized package path(s) for 4 prioritized culture(s) in 0.161454 seconds
[2019.12.31-07.09.07:160][  0]LogUObjectArray: 42205 objects as part of root set at end of initial load.
[2019.12.31-07.09.07:160][  0]LogUObjectAllocator: 7325032 out of 0 bytes used by permanent object pool.
[2019.12.31-07.09.07:160][  0]LogUObjectArray: CloseDisregardForGC: 0/0 objects in disregard for GC pool
[2019.12.31-07.09.10:905][  0]LogSubstanceCoreModule: Substance [CPU] Engine Loaded, Max Texture Size = 2048
[2019.12.31-07.09.10:969][  0]LogTcpMessaging: Initializing TcpMessaging bridge
[2019.12.31-07.09.10:992][  0]LogUdpMessaging: Initializing bridge on interface 0.0.0.0:0 to multicast group 230.0.0.1:6666.
[2019.12.31-07.09.11:430][  0]SourceControl: 源码控制已禁用
[2019.12.31-07.09.11:435][  0]LogWindows: Warning: CreateProc failed: 系统找不到指定的文件。 (0x00000002)
[2019.12.31-07.09.11:435][  0]LogWindows: Warning: URL: C:/Program Files/Git/bin/git.exe version
[2019.12.31-07.09.11:435][  0]LogWindows: Warning: CreateProc failed: 系统找不到指定的文件。 (0x00000002)
[2019.12.31-07.09.11:435][  0]LogWindows: Warning: URL: C:/Program Files (x86)/Git/bin/git.exe version
[2019.12.31-07.09.11:436][  0]LogWindows: Warning: CreateProc failed: 系统找不到指定的文件。 (0x00000002)
[2019.12.31-07.09.11:436][  0]LogWindows: Warning: URL: C:\Users\dott\AppData\Local/Programs/Git/cmd/git.exe version
[2019.12.31-07.09.11:436][  0]LogWindows: Warning: CreateProc failed: 系统找不到指定的文件。 (0x00000002)
[2019.12.31-07.09.11:436][  0]LogWindows: Warning: URL: C:/Program Files (x86)/SmartGit/git/bin/git.exe version
[2019.12.31-07.09.11:436][  0]LogWindows: Warning: CreateProc failed: 系统找不到指定的文件。 (0x00000002)
[2019.12.31-07.09.11:436][  0]LogWindows: Warning: URL: C:/Program Files (x86)/SmartGit/bin/git.exe version
[2019.12.31-07.09.12:768][  0]LogVSAccessor: Display: Unable to create Visual Studio setup instance: 80040154
[2019.12.31-07.09.12:769][  0]LogVSAccessor: Display: Unable to create Visual Studio setup instance: 80040154
[2019.12.31-07.09.13:393][  0]LogAndroidPermission: UAndroidPermissionCallbackProxy::GetInstance
[2019.12.31-07.09.13:696][  0]LogOcInput: OculusInput pre-init called
[2019.12.31-07.09.15:368][  0]LogEngine: Initializing Engine...
[2019.12.31-07.09.15:383][  0]LogHMD: Failed to initialize OpenVR with code 110
[2019.12.31-07.09.15:385][  0]LogStats: UGameplayTagsManager::InitializeManager -  0.001 s
[2019.12.31-07.09.15:765][  0]LogInit: Initializing FReadOnlyCVARCache
[2019.12.31-07.09.15:955][  0]LogAIModule: Creating AISystem for world Untitled
[2019.12.31-07.09.16:040][  0]LogInit: XAudio2 using '扬声器 (2- USB Audio Device)' : 2 channels at 48 kHz using 16 bits per sample (channel mask 0x3)
[2019.12.31-07.09.16:227][  0]LogInit: FAudioDevice initialized.
[2019.12.31-07.09.16:227][  0]LogNetVersion: Set ProjectVersion to 1.0.0.0. Version Checksum will be recalculated on next use.
[2019.12.31-07.09.16:325][  0]LogDerivedDataCache: Saved boot cache 0.10s 71MB C:/Users/dott/AppData/Local/UnrealEngine/4.22/DerivedDataCache/Boot.ddc.
[2019.12.31-07.09.16:332][  0]LogInit: Texture streaming: Enabled
[2019.12.31-07.09.16:415][  0]LogEngineSessionManager: EngineSessionManager initialized
[2019.12.31-07.09.16:477][  0]LogWindowsTextInputMethodSystem: Display: IME system now activated using TSF (微软拼音).
[2019.12.31-07.09.17:230][  0]LogInit: Transaction tracking system initialized
[2019.12.31-07.09.18:876][  0]BlueprintLog: New page: 编辑器加载
[2019.12.31-07.09.20:084][  0]LocalizationService: 本地化服务已禁用
[2019.12.31-07.09.20:983][  0]LogVSAccessor: Display: Unable to create Visual Studio setup instance: 80040154
[2019.12.31-07.09.20:983][  0]LogVSAccessor: Display: Unable to create Visual Studio setup instance: 80040154
[2019.12.31-07.09.22:214][  0]LogFileCache: Scanning file cache for directory 'D:/Unreal Projects/-/Qinsword/Content/' took 0.03s
[2019.12.31-07.09.22:215][  0]LogCook: Display: Max memory allowance for cook 16384mb min free memory 0mb
[2019.12.31-07.09.22:215][  0]LogCook: Display: Mobile HDR setting 1
[2019.12.31-07.09.23:959][  0]Cmd: MAP LOAD FILE="../../../../../../Unreal Projects/-/Qinsword/Content/StarterContent/map/cunzhuang.umap" TEMPLATE=0 SHOWPROGRESS=1 FEATURELEVEL=3
[2019.12.31-07.09.23:968][  0]LightingResults: New page: 光照构建
[2019.12.31-07.09.24:120][  0]MapCheck: New page: 地图检测
[2019.12.31-07.09.24:120][  0]LightingResults: New page: 光照构建
[2019.12.31-07.09.24:413][  0]LogUObjectHash: Compacting FUObjectHashTables data took   1.33ms
[2019.12.31-07.09.27:358][  0]LogStaticMesh: 正在构建静态网格体 坡_2……
[2019.12.31-07.09.27:465][  0]LogStaticMesh: Built static mesh [0.11s] /Game/StarterContent/地形/地面/坡_2.坡_2
[2019.12.31-07.09.27:471][  0]LogStaticMesh: 正在构建静态网格体 坡_1……
[2019.12.31-07.09.27:485][  0]LogStaticMesh: Built static mesh [0.01s] /Game/StarterContent/地形/地面/坡_1.坡_1
[2019.12.31-07.09.27:872][  0]LogAIModule: Creating AISystem for world cunzhuang
[2019.12.31-07.09.28:132][  0]LogEditorServer: Finished looking for orphan Actors (0.000 secs)
[2019.12.31-07.09.28:264][  0]LogUObjectHash: Compacting FUObjectHashTables data took   1.82ms
[2019.12.31-07.09.28:264][  0]Cmd: MAP CHECKDEP NOCLEARLOG
[2019.12.31-07.09.28:265][  0]MapCheck: 地图检测完成：0个错误，0 个警告，用时0.161毫秒完成。
[2019.12.31-07.09.28:265][  0]LogFileHelpers: Loading map 'cunzhuang' took 4.309
[2019.12.31-07.09.29:263][  0]LogSlate: Updating window title bar state: overlay mode, drag disabled, window buttons hidden, title bar hidden
[2019.12.31-07.09.29:270][  0]LogSlate: Updating window title bar state: overlay mode, drag disabled, window buttons hidden, title bar hidden
[2019.12.31-07.09.29:276][  0]LogSlate: Updating window title bar state: overlay mode, drag disabled, window buttons hidden, title bar hidden
[2019.12.31-07.09.29:283][  0]LogSlate: Updating window title bar state: overlay mode, drag disabled, window buttons hidden, title bar hidden
[2019.12.31-07.09.30:853][  0]LogCollectionManager: Loaded 0 collections in 0.012711 seconds
[2019.12.31-07.09.31:078][  0]LogFileCache: Scanning file cache for directory 'D:/Unreal Projects/-/Qinsword/Saved/Collections/' took 0.01s
[2019.12.31-07.09.31:078][  0]LogFileCache: Scanning file cache for directory 'D:/Unreal Projects/-/Qinsword/Content/Developers/dott/Collections/' took 0.01s
[2019.12.31-07.09.31:078][  0]LogFileCache: Scanning file cache for directory 'D:/Unreal Projects/-/Qinsword/Content/Collections/' took 0.01s
[2019.12.31-07.09.31:078][  0]LogCollectionManager: Rebuilt the GUID cache for 0 collections in 0.000000 seconds
[2019.12.31-07.09.31:096][  0]LogContentBrowser: Native class hierarchy populated in 0.0174 seconds. Added 2747 classes and 667 folders.
[2019.12.31-07.09.31:260][  0]LogContentBrowser: Native class hierarchy updated for 'WidgetCarousel' in 0.0003 seconds. Added 0 classes and 0 folders.
[2019.12.31-07.09.31:313][  0]LogPakFile: Registered encryption key '00000000000000000000000000000000': 0 pak files mounted, 0 remain pending
[2019.12.31-07.09.31:324][  0]LogPakFile: Registered encryption key '00000000000000000000000000000000': 0 pak files mounted, 0 remain pending
[2019.12.31-07.09.31:326][  0]LogPakFile: Registered encryption key '00000000000000000000000000000000': 0 pak files mounted, 0 remain pending
[2019.12.31-07.09.31:327][  0]LogPakFile: Registered encryption key '00000000000000000000000000000000': 0 pak files mounted, 0 remain pending
[2019.12.31-07.09.31:328][  0]LogPakFile: Registered encryption key '00000000000000000000000000000000': 0 pak files mounted, 0 remain pending
[2019.12.31-07.09.31:330][  0]LogPakFile: Registered encryption key '00000000000000000000000000000000': 0 pak files mounted, 0 remain pending
[2019.12.31-07.09.31:332][  0]LogPakFile: Registered encryption key '00000000000000000000000000000000': 0 pak files mounted, 0 remain pending
[2019.12.31-07.09.31:333][  0]LogPakFile: Registered encryption key '00000000000000000000000000000000': 0 pak files mounted, 0 remain pending
[2019.12.31-07.09.31:339][  0]LogPakFile: Registered encryption key '00000000000000000000000000000000': 0 pak files mounted, 0 remain pending
[2019.12.31-07.09.31:341][  0]LogPakFile: Registered encryption key '00000000000000000000000000000000': 0 pak files mounted, 0 remain pending
[2019.12.31-07.09.31:342][  0]LogPakFile: Registered encryption key '00000000000000000000000000000000': 0 pak files mounted, 0 remain pending
[2019.12.31-07.09.31:353][  0]LogPakFile: Registered encryption key '00000000000000000000000000000000': 0 pak files mounted, 0 remain pending
[2019.12.31-07.09.31:367][  0]LogPakFile: Registered encryption key '00000000000000000000000000000000': 0 pak files mounted, 0 remain pending
[2019.12.31-07.09.31:377][  0]LogPakFile: Registered encryption key '00000000000000000000000000000000': 0 pak files mounted, 0 remain pending
[2019.12.31-07.09.31:379][  0]LogPakFile: Registered encryption key '00000000000000000000000000000000': 0 pak files mounted, 0 remain pending
[2019.12.31-07.09.31:380][  0]LogPakFile: Registered encryption key '00000000000000000000000000000000': 0 pak files mounted, 0 remain pending
[2019.12.31-07.09.31:386][  0]LogPakFile: Registered encryption key '00000000000000000000000000000000': 0 pak files mounted, 0 remain pending
[2019.12.31-07.09.31:395][  0]LogPakFile: Registered encryption key '00000000000000000000000000000000': 0 pak files mounted, 0 remain pending
[2019.12.31-07.09.31:454][  0]LogPakFile: Registered encryption key '00000000000000000000000000000000': 0 pak files mounted, 0 remain pending
[2019.12.31-07.09.31:455][  0]LogPakFile: Registered encryption key '00000000000000000000000000000000': 0 pak files mounted, 0 remain pending
[2019.12.31-07.09.31:467][  0]LogPakFile: Registered encryption key '00000000000000000000000000000000': 0 pak files mounted, 0 remain pending
[2019.12.31-07.09.31:469][  0]LogPakFile: Registered encryption key '00000000000000000000000000000000': 0 pak files mounted, 0 remain pending
[2019.12.31-07.09.31:470][  0]LogPakFile: Registered encryption key '00000000000000000000000000000000': 0 pak files mounted, 0 remain pending
[2019.12.31-07.09.31:472][  0]LogPakFile: Registered encryption key '00000000000000000000000000000000': 0 pak files mounted, 0 remain pending
[2019.12.31-07.09.31:493][  0]LogPakFile: Registered encryption key '00000000000000000000000000000000': 0 pak files mounted, 0 remain pending
[2019.12.31-07.09.31:495][  0]LogPakFile: Registered encryption key '00000000000000000000000000000000': 0 pak files mounted, 0 remain pending
[2019.12.31-07.09.31:949][  0]LogContentBrowser: Native class hierarchy updated for 'AddContentDialog' in 0.0003 seconds. Added 0 classes and 0 folders.
[2019.12.31-07.09.31:981][  0]LogSlate: Took 0.008639 seconds to synchronously load lazily loaded font '../../../Engine/Content/Slate/Fonts/Roboto-Regular.ttf' (155K)
[2019.12.31-07.09.32:033][  0]LogSlate: Took 0.035284 seconds to synchronously load lazily loaded font '../../../Engine/Content/Slate/Fonts/DroidSansFallback.ttf' (3848K)
[2019.12.31-07.09.32:046][  0]LogSlate: Took 0.012348 seconds to synchronously load lazily loaded font '../../../Engine/Content/Slate/Fonts/Roboto-Bold.ttf' (160K)
[2019.12.31-07.09.32:068][  0]LogSlate: Took 0.007426 seconds to synchronously load lazily loaded font '../../../Engine/Content/Editor/Slate/Fonts/FontAwesome.ttf' (139K)
[2019.12.31-07.09.32:355][  0]LogRenderer: Reallocating scene render targets to support 1208x924 Format 10 NumSamples 1 (Frame:1).
[2019.12.31-07.09.32:687][  0]LogContentBrowser: Native class hierarchy updated for 'HierarchicalLODOutliner' in 0.0003 seconds. Added 0 classes and 0 folders.
[2019.12.31-07.09.32:687][  0]LogLoad: (Engine Initialization) Total time: 69.34 seconds
[2019.12.31-07.09.32:687][  0]LogLoad: (Engine Initialization) Total Blueprint compile time: 0.00 seconds
[2019.12.31-07.09.32:855][  0]LogContentStreaming: Texture pool size now 1000 MB
[2019.12.31-07.09.32:955][  0]LogSlate: Took 0.014400 seconds to synchronously load lazily loaded font '../../../Engine/Content/Slate/Fonts/Roboto-Light.ttf' (167K)
[2019.12.31-07.09.32:960][  1]LogSubstanceLiveLink: Warning: Unable to send data along socket, closing connection
[2019.12.31-07.09.33:039][  1]LogAssetRegistry: Asset discovery search completed in 34.0146 seconds
[2019.12.31-07.09.33:073][  1]LogCollectionManager: Rebuilt the object cache for 0 collections in 0.000000 seconds (found 0 objects)
[2019.12.31-07.09.33:074][  1]LogCollectionManager: Fixed up redirectors for 0 collections in 0.000070 seconds (updated 0 objects)
[2019.12.31-07.13.44:765][ 85]LogSlate: FSceneViewport::OnFocusLost() reason 2
[2019.12.31-07.19.26:860][790]LogEditorViewport: Clicking on Actor (LMB): StaticMeshActor (泥土地24)
[2019.12.31-07.33.11:851][358]LogSlate: FSceneViewport::OnFocusLost() reason 2
[2019.12.31-14.11.16:349][842]LogUObjectHash: Compacting FUObjectHashTables data took   4.95ms
[2019.12.31-14.11.16:499][842]LogSlate: Window 'Content Browser' being destroyed
[2019.12.31-14.11.16:646][842]LogSlate: Window 'Qinsword - 虚幻编辑器' being destroyed
[2019.12.31-14.11.16:648][842]LogWindowsTextInputMethodSystem: Display: IME system now activated using TSF (微软拼音).
[2019.12.31-14.11.17:077][843]Cmd: QUIT_EDITOR
[2019.12.31-14.11.17:384][843]LogExit: Preparing to exit.
[2019.12.31-14.11.19:002][843]LogExit: Editor shut down
[2019.12.31-14.11.19:002][843]LogExit: Transaction tracking system shut down
[2019.12.31-14.11.20:385][843]LogExit: Object subsystem successfully closed.
[2019.12.31-14.11.20:469][843]LogShaderCompilers: Display: Shaders left to compile 0
[2019.12.31-14.11.20:490][843]LogD3D11RHI: Shutdown
[2019.12.31-14.11.20:490][843]LogD3D11RHI: CleanupD3DDevice
[2019.12.31-14.11.20:504][843]LogRendererCore: FGlobalReadBuffer::ReleaseRHI
[2019.12.31-14.11.20:504][843]LogRendererCore: FGlobalDynamicReadBuffer::Cleanup()
[2019.12.31-14.11.20:509][843]LogRendererCore: FGlobalReadBuffer::ReleaseRHI
[2019.12.31-14.11.20:509][843]LogRendererCore: FGlobalDynamicReadBuffer::Cleanup()
[2019.12.31-14.11.20:509][843]LogRendererCore: FGlobalReadBuffer::ReleaseRHI
[2019.12.31-14.11.20:509][843]LogRendererCore: FGlobalDynamicReadBuffer::Cleanup()
[2019.12.31-14.11.20:601][843]LogD3D11RHI: ~FD3D11DynamicRHI
[2019.12.31-14.11.21:404][843]LogModuleManager: Shutting down and abandoning module HierarchicalLODOutliner (652)
[2019.12.31-14.11.21:404][843]LogModuleManager: Shutting down and abandoning module AddContentDialog (650)
[2019.12.31-14.11.21:425][843]LogModuleManager: Shutting down and abandoning module WidgetCarousel (649)
[2019.12.31-14.11.21:425][843]LogModuleManager: Shutting down and abandoning module EditorWidgets (646)
[2019.12.31-14.11.21:425][843]LogModuleManager: Shutting down and abandoning module CollectionManager (644)
[2019.12.31-14.11.21:432][843]LogModuleManager: Shutting down and abandoning module SceneOutliner (642)
[2019.12.31-14.11.21:432][843]LogModuleManager: Shutting down and abandoning module MeshBuilder (640)
[2019.12.31-14.11.21:432][843]LogModuleManager: Shutting down and abandoning module StatsViewer (638)
[2019.12.31-14.11.21:441][843]LogModuleManager: Shutting down and abandoning module FoliageEdit (636)
[2019.12.31-14.11.21:452][843]LogModuleManager: Shutting down and abandoning module LandscapeEditor (634)
[2019.12.31-14.11.21:488][843]LogModuleManager: Shutting down and abandoning module MeshPaintMode (632)
[2019.12.31-14.11.21:492][843]LogModuleManager: Shutting down and abandoning module SceneDepthPickerMode (630)
[2019.12.31-14.11.21:492][843]LogModuleManager: Shutting down and abandoning module ActorPickerMode (628)
[2019.12.31-14.11.21:492][843]LogModuleManager: Shutting down and abandoning module GeometryMode (626)
[2019.12.31-14.11.21:492][843]LogModuleManager: Shutting down and abandoning module TextureAlignMode (624)
[2019.12.31-14.11.21:492][843]LogModuleManager: Shutting down and abandoning module BspMode (622)
[2019.12.31-14.11.21:492][843]LogModuleManager: Shutting down and abandoning module PIEPreviewDeviceProfileSelector (620)
[2019.12.31-14.11.21:503][843]LogModuleManager: Shutting down and abandoning module SequenceRecorderSections (618)
[2019.12.31-14.11.21:503][843]LogModuleManager: Shutting down and abandoning module AutomationWorker (616)
[2019.12.31-14.11.21:510][843]LogModuleManager: Shutting down and abandoning module OculusMR (614)
[2019.12.31-14.11.21:510][843]LogModuleManager: Shutting down and abandoning module AudioCaptureEditor (612)
[2019.12.31-14.11.21:514][843]LogModuleManager: Shutting down and abandoning module MatineeToLevelSequence (610)
[2019.12.31-14.11.21:520][843]LogModuleManager: Shutting down and abandoning module LevelSequenceEditor (608)
[2019.12.31-14.11.21:537][843]LogModuleManager: Shutting down and abandoning module PlacementMode (607)
[2019.12.31-14.11.21:537][843]LogModuleManager: Shutting down and abandoning module MaterialEditor (606)
[2019.12.31-14.11.21:563][843]LogModuleManager: Shutting down and abandoning module ActorSequenceEditor (602)
[2019.12.31-14.11.21:574][843]LogModuleManager: Shutting down and abandoning module WmfMediaFactory (600)
[2019.12.31-14.11.21:574][843]LogModuleManager: Shutting down and abandoning module WmfMediaEditor (598)
[2019.12.31-14.11.21:574][843]LogModuleManager: Shutting down and abandoning module WebMMediaFactory (596)
[2019.12.31-14.11.21:574][843]LogModuleManager: Shutting down and abandoning module WebMMediaEditor (594)
[2019.12.31-14.11.21:574][843]LogModuleManager: Shutting down and abandoning module WebMMedia (592)
[2019.12.31-14.11.21:591][843]LogModuleManager: Shutting down and abandoning module MediaPlayerEditor (590)
[2019.12.31-14.11.21:609][843]LogModuleManager: Shutting down and abandoning module MediaCompositingEditor (588)
[2019.12.31-14.11.21:628][843]LogModuleManager: Shutting down and abandoning module SequenceRecorder (587)
[2019.12.31-14.11.21:629][843]LogModuleManager: Shutting down and abandoning module OpenExrWrapper (584)
[2019.12.31-14.11.21:629][843]LogModuleManager: Shutting down and abandoning module ImgMediaFactory (582)
[2019.12.31-14.11.21:629][843]LogModuleManager: Shutting down and abandoning module ImgMediaEditor (580)
[2019.12.31-14.11.21:629][843]LogModuleManager: Shutting down and abandoning module AvfMediaFactory (578)
[2019.12.31-14.11.21:629][843]LogModuleManager: Shutting down and abandoning module AvfMediaEditor (576)
[2019.12.31-14.11.21:629][843]LogModuleManager: Shutting down and abandoning module AndroidMediaFactory (574)
[2019.12.31-14.11.21:629][843]LogModuleManager: Shutting down and abandoning module AndroidMediaEditor (572)
[2019.12.31-14.11.21:629][843]LogModuleManager: Shutting down and abandoning module MagicLeapCameraPreviewFactory (570)
[2019.12.31-14.11.21:629][843]LogModuleManager: Shutting down and abandoning module MagicLeapMediaCodecFactory (568)
[2019.12.31-14.11.21:629][843]LogModuleManager: Shutting down and abandoning module MagicLeapMediaFactory (566)
[2019.12.31-14.11.21:629][843]LogModuleManager: Shutting down and abandoning module MagicLeapMediaEditor (564)
[2019.12.31-14.11.21:629][843]LogModuleManager: Shutting down and abandoning module CharacterAI (562)
[2019.12.31-14.11.21:629][843]LogModuleManager: Shutting down and abandoning module SmartSnapping (560)
[2019.12.31-14.11.21:629][843]LogModuleManager: Shutting down and abandoning module SessionServices (558)
[2019.12.31-14.11.21:629][843]LogModuleManager: Shutting down and abandoning module MeshPaint (556)
[2019.12.31-14.11.21:637][843]LogModuleManager: Shutting down and abandoning module ViewportSnapping (554)
[2019.12.31-14.11.21:637][843]LogModuleManager: Shutting down and abandoning module ViewportInteraction (552)
[2019.12.31-14.11.21:637][843]LogModuleManager: Shutting down and abandoning module ClothPainter (550)
[2019.12.31-14.11.21:667][843]LogModuleManager: Shutting down and abandoning module SkeletalMeshEditor (549)
[2019.12.31-14.11.21:672][843]LogModuleManager: Shutting down and abandoning module LogVisualizer (546)
[2019.12.31-14.11.21:709][843]LogModuleManager: Shutting down and abandoning module IntroTutorials (544)
[2019.12.31-14.11.21:722][843]LogModuleManager: Shutting down and abandoning module GameProjectGeneration (543)
[2019.12.31-14.11.21:737][843]LogModuleManager: Shutting down and abandoning module LuminPlatformEditor (540)
[2019.12.31-14.11.21:737][843]LogModuleManager: Shutting down and abandoning module IOSPlatformEditor (538)
[2019.12.31-14.11.21:737][843]LogModuleManager: Shutting down and abandoning module HTML5PlatformEditor (536)
[2019.12.31-14.11.21:737][843]LogModuleManager: Shutting down and abandoning module AndroidPlatformEditor (534)
[2019.12.31-14.11.21:748][843]LogModuleManager: Shutting down and abandoning module AndroidDeviceDetection (533)
[2019.12.31-14.11.22:996][843]LogModuleManager: Shutting down and abandoning module WindowsPlatformEditor (530)
[2019.12.31-14.11.22:996][843]LogModuleManager: Shutting down and abandoning module LuminRuntimeSettings (528)
[2019.12.31-14.11.22:996][843]LogModuleManager: Shutting down and abandoning module IOSRuntimeSettings (526)
[2019.12.31-14.11.22:996][843]LogModuleManager: Shutting down and abandoning module AndroidRuntimeSettings (524)
[2019.12.31-14.11.22:996][843]LogModuleManager: Shutting down and abandoning module TimeManagementEditor (522)
[2019.12.31-14.11.22:996][843]LogModuleManager: Shutting down and abandoning module InputBindingEditor (520)
[2019.12.31-14.11.23:010][843]LogModuleManager: Shutting down and abandoning module MergeActors (518)
[2019.12.31-14.11.23:022][843]LogModuleManager: Shutting down and abandoning module LocalizationDashboard (516)
[2019.12.31-14.11.23:037][843]LogModuleManager: Shutting down and abandoning module LocalizationService (515)
[2019.12.31-14.11.23:039][843]LogModuleManager: Shutting down and abandoning module HardwareTargeting (512)
[2019.12.31-14.11.23:039][843]LogModuleManager: Shutting down and abandoning module DeviceProfileEditor (510)
[2019.12.31-14.11.23:049][843]LogModuleManager: Shutting down and abandoning module UndoHistory (508)
[2019.12.31-14.11.23:053][843]LogModuleManager: Shutting down and abandoning module XmlParser (506)
[2019.12.31-14.11.23:061][843]LogModuleManager: Shutting down and abandoning module Blutility (504)
[2019.12.31-14.11.23:069][843]LogModuleManager: Shutting down and abandoning module ProjectSettingsViewer (502)
[2019.12.31-14.11.23:069][843]LogModuleManager: Shutting down and abandoning module ProjectTargetPlatformEditor (501)
[2019.12.31-14.11.23:069][843]LogModuleManager: Shutting down and abandoning module EditorSettingsViewer (498)
[2019.12.31-14.11.23:069][843]LogModuleManager: Shutting down and abandoning module SettingsEditor (496)
[2019.12.31-14.11.23:074][843]LogModuleManager: Shutting down and abandoning module ProjectLauncher (494)
[2019.12.31-14.11.23:082][843]LogModuleManager: Shutting down and abandoning module SessionFrontend (492)
[2019.12.31-14.11.23:089][843]LogModuleManager: Shutting down and abandoning module ProfilerClient (490)
[2019.12.31-14.11.23:097][843]LogModuleManager: Shutting down and abandoning module DeviceManager (488)
[2019.12.31-14.11.23:106][843]LogModuleManager: Shutting down and abandoning module TargetDeviceServices (487)
[2019.12.31-14.11.23:157][843]LogModuleManager: Shutting down and abandoning module AutomationController (484)
[2019.12.31-14.11.23:163][843]LogModuleManager: Shutting down and abandoning module AutomationWindow (482)
[2019.12.31-14.11.23:170][843]LogModuleManager: Shutting down and abandoning module Layers (480)
[2019.12.31-14.11.23:179][843]LogModuleManager: Shutting down and abandoning module ComponentVisualizers (478)
[2019.12.31-14.11.23:179][843]LogModuleManager: Shutting down and abandoning module DetailCustomizations (476)
[2019.12.31-14.11.23:189][843]LogModuleManager: Shutting down and abandoning module PackagesDialog (474)
[2019.12.31-14.11.23:197][843]LogModuleManager: Shutting down and abandoning module AnimationBlueprintEditor (472)
[2019.12.31-14.11.23:259][843]LogModuleManager: Shutting down and abandoning module Persona (470)
[2019.12.31-14.11.23:276][843]LogModuleManager: Shutting down and abandoning module AdvancedPreviewScene (469)
[2019.12.31-14.11.23:276][843]LogModuleManager: Shutting down and abandoning module AnimGraph (467)
[2019.12.31-14.11.23:276][843]LogModuleManager: Shutting down and abandoning module Kismet (464)
[2019.12.31-14.11.23:289][843]LogModuleManager: Shutting down and abandoning module GraphEditor (462)
[2019.12.31-14.11.23:317][843]LogModuleManager: Shutting down and abandoning module ClassViewer (460)
[2019.12.31-14.11.23:317][843]LogModuleManager: Shutting down and abandoning module Toolbox (458)
[2019.12.31-14.11.23:317][843]LogModuleManager: Shutting down and abandoning module ModuleUI (456)
[2019.12.31-14.11.23:325][843]LogModuleManager: Shutting down and abandoning module MovieSceneTools (454)
[2019.12.31-14.11.23:344][843]LogModuleManager: Shutting down and abandoning module OutputLog (452)
[2019.12.31-14.11.23:344][843]LogModuleManager: Shutting down and abandoning module GammaUI (450)
[2019.12.31-14.11.23:363][843]LogModuleManager: Shutting down and abandoning module Documentation (448)
[2019.12.31-14.11.23:363][843]LogModuleManager: Shutting down and abandoning module LiveCoding (446)
[2019.12.31-14.11.23:392][843]LogModuleManager: Shutting down and abandoning module LevelSequence (444)
[2019.12.31-14.11.23:392][843]LogModuleManager: Shutting down and abandoning module MovieSceneTracks (442)
[2019.12.31-14.11.23:392][843]LogModuleManager: Shutting down and abandoning module MovieScene (440)
[2019.12.31-14.11.23:428][843]LogModuleManager: Shutting down and abandoning module StreamingPauseRendering (438)
[2019.12.31-14.11.23:438][843]LogModuleManager: Shutting down and abandoning module LauncherPlatform (436)
[2019.12.31-14.11.23:438][843]LogModuleManager: Shutting down and abandoning module AnalyticsET (434)
[2019.12.31-14.11.23:438][843]LogModuleManager: Shutting down and abandoning module PortalServices (432)
[2019.12.31-14.11.23:438][843]LogModuleManager: Shutting down and abandoning module PortalRpc (430)
[2019.12.31-14.11.23:438][843]LogModuleManager: Shutting down and abandoning module MessagingRpc (428)
[2019.12.31-14.11.23:438][843]LogModuleManager: Shutting down and abandoning module AIModule (426)
[2019.12.31-14.11.23:517][843]LogModuleManager: Shutting down and abandoning module GameplayDebugger (425)
[2019.12.31-14.11.23:517][843]LogModuleManager: Shutting down and abandoning module AITestSuite (423)
[2019.12.31-14.11.23:538][843]LogModuleManager: Shutting down and abandoning module NavigationSystem (421)
[2019.12.31-14.11.23:538][843]LogModuleManager: Shutting down and abandoning module DesktopPlatform (418)
[2019.12.31-14.11.23:538][843]LogModuleManager: Shutting down and abandoning module ImageWriteQueue (416)
[2019.12.31-14.11.23:540][843]LogModuleManager: Shutting down and abandoning module ProfilerService (414)
[2019.12.31-14.11.23:626][843]LogModuleManager: Shutting down and abandoning module TaskGraph (412)
[2019.12.31-14.11.23:643][843]LogModuleManager: Shutting down and abandoning module SubstanceLiveLink (410)
[2019.12.31-14.11.23:643][843]LogModuleManager: Shutting down and abandoning module SubstanceSource (408)
[2019.12.31-14.11.23:643][843]LogModuleManager: Shutting down and abandoning module SubstanceEditor (406)
[2019.12.31-14.11.23:643][843]LogModuleManager: Shutting down and abandoning module SteamVRController (404)
[2019.12.31-14.11.23:643][843]LogModuleManager: Shutting down and abandoning module ProceduralMeshComponentEditor (402)
[2019.12.31-14.11.23:659][843]LogModuleManager: Shutting down and abandoning module ProceduralMeshComponent (400)
[2019.12.31-14.11.23:674][843]LogModuleManager: Shutting down and abandoning module OculusEditor (398)
[2019.12.31-14.11.23:687][843]LogModuleManager: Shutting down and abandoning module OculusInput (396)
[2019.12.31-14.11.23:687][843]LogModuleManager: Shutting down and abandoning module MobilePatchingUtils (394)
[2019.12.31-14.11.23:687][843]LogModuleManager: Shutting down and abandoning module EditableMesh (392)
[2019.12.31-14.11.23:707][843]LogModuleManager: Shutting down and abandoning module CustomMeshComponent (390)
[2019.12.31-14.11.23:707][843]LogModuleManager: Shutting down and abandoning module CableComponent (388)
[2019.12.31-14.11.23:757][843]LogModuleManager: Shutting down and abandoning module AudioCapture (386)
[2019.12.31-14.11.23:757][843]LogModuleManager: Shutting down and abandoning module ArchVisCharacter (384)
[2019.12.31-14.11.23:757][843]LogModuleManager: Shutting down and abandoning module AndroidPermission (382)
[2019.12.31-14.11.23:757][843]LogModuleManager: Shutting down and abandoning module NUTUnrealEngine4 (380)
[2019.12.31-14.11.23:769][843]LogModuleManager: Shutting down and abandoning module NetcodeUnitTest (378)
[2019.12.31-14.11.23:772][843]LogModuleManager: Shutting down and abandoning module MediaCompositing (376)
[2019.12.31-14.11.23:772][843]LogModuleManager: Shutting down and abandoning module LinearTimecode (374)
[2019.12.31-14.11.23:772][843]LogModuleManager: Shutting down and abandoning module ImgMedia (372)
[2019.12.31-14.11.23:772][843]LogModuleManager: Shutting down and abandoning module MagicLeapHelperVulkan (370)
[2019.12.31-14.11.23:772][843]LogModuleManager: Shutting down and abandoning module MagicLeapHelperOpenGL (368)
[2019.12.31-14.11.23:785][843]LogModuleManager: Shutting down and abandoning module MagicLeapAudio (366)
[2019.12.31-14.11.23:792][843]LogModuleManager: Shutting down and abandoning module HTML5Networking (364)
[2019.12.31-14.11.23:792][843]LogModuleManager: Shutting down and abandoning module GeometryCacheTracks (362)
[2019.12.31-14.11.23:792][843]LogModuleManager: Shutting down and abandoning module GeometryCacheSequencer (360)
[2019.12.31-14.11.23:792][843]LogModuleManager: Shutting down and abandoning module BackChannel (358)
[2019.12.31-14.11.23:798][843]LogModuleManager: Shutting down and abandoning module AppleVision (356)
[2019.12.31-14.11.23:798][843]LogModuleManager: Shutting down and abandoning module AppleImageUtilsBlueprintSupport (354)
[2019.12.31-14.11.23:798][843]LogModuleManager: Shutting down and abandoning module AppleImageUtils (352)
[2019.12.31-14.11.23:798][843]LogModuleManager: Shutting down and abandoning module AlembicImporter (350)
[2019.12.31-14.11.23:798][843]LogModuleManager: Shutting down and abandoning module AlembicLibrary (349)
[2019.12.31-14.11.23:798][843]LogModuleManager: Shutting down and abandoning module GeometryCache (348)
[2019.12.31-14.11.23:798][843]LogModuleManager: Shutting down and abandoning module GeometryCacheEd (347)
[2019.12.31-14.11.23:798][843]LogModuleManager: Shutting down and abandoning module VariantManagerContent (342)
[2019.12.31-14.11.23:798][843]LogModuleManager: Shutting down and abandoning module DatasmithContentEditor (340)
[2019.12.31-14.11.23:816][843]LogModuleManager: Shutting down and abandoning module SpeedTreeImporter (338)
[2019.12.31-14.11.23:816][843]LogModuleManager: Shutting down and abandoning module PluginBrowser (336)
[2019.12.31-14.11.23:826][843]LogModuleManager: Shutting down and abandoning module MobileLauncherProfileWizard (334)
[2019.12.31-14.11.23:862][843]LogModuleManager: Shutting down and abandoning module MaterialAnalyzer (332)
[2019.12.31-14.11.23:875][843]LogModuleManager: Shutting down and abandoning module CryptoKeysOpenSSL (330)
[2019.12.31-14.11.23:876][843]LogModuleManager: Shutting down and abandoning module CryptoKeys (328)
[2019.12.31-14.11.23:876][843]LogModuleManager: Shutting down and abandoning module VisualStudioSourceCodeAccess (326)
[2019.12.31-14.11.23:880][843]LogModuleManager: Shutting down and abandoning module VisualStudioCodeSourceCodeAccess (324)
[2019.12.31-14.11.23:880][843]LogModuleManager: Shutting down and abandoning module UObjectPlugin (322)
[2019.12.31-14.11.23:880][843]LogModuleManager: Shutting down and abandoning module SubversionSourceControl (320)
[2019.12.31-14.11.23:906][843]LogModuleManager: Shutting down and abandoning module PerforceSourceControl (318)
[2019.12.31-14.11.23:971][843]LogModuleManager: Shutting down and abandoning module GitSourceControl (316)
[2019.12.31-14.11.23:992][843]LogModuleManager: Shutting down and abandoning module SourceControl (315)
[2019.12.31-14.11.24:034][843]LogModuleManager: Shutting down and abandoning module CLionSourceCodeAccess (312)
[2019.12.31-14.11.24:034][843]LogModuleManager: Shutting down and abandoning module AnimationSharingEd (310)
[2019.12.31-14.11.24:034][843]LogModuleManager: Shutting down and abandoning module ActorLayerUtilitiesEditor (308)
[2019.12.31-14.11.24:034][843]LogModuleManager: Shutting down and abandoning module ActorLayerUtilities (306)
[2019.12.31-14.11.24:034][843]LogModuleManager: Shutting down and abandoning module LightPropagationVolumeEditor (304)
[2019.12.31-14.11.24:034][843]LogModuleManager: Shutting down and abandoning module PaperTiledImporter (302)
[2019.12.31-14.11.24:034][843]LogModuleManager: Shutting down and abandoning module PaperSpriteSheetImporter (300)
[2019.12.31-14.11.24:034][843]LogModuleManager: Shutting down and abandoning module Paper2DEditor (298)
[2019.12.31-14.11.24:079][843]LogModuleManager: Shutting down and abandoning module SignificanceManager (296)
[2019.12.31-14.11.24:079][843]LogModuleManager: Shutting down and abandoning module RuntimePhysXCooking (294)
[2019.12.31-14.11.24:079][843]LogModuleManager: Shutting down and abandoning module PhysXVehiclesEditor (292)
[2019.12.31-14.11.24:079][843]LogModuleManager: Shutting down and abandoning module PhysXVehicles (290)
[2019.12.31-14.11.24:079][843]LogModuleManager: Shutting down and abandoning module LocationServicesBPLibrary (288)
[2019.12.31-14.11.24:079][843]LogModuleManager: Shutting down and abandoning module ActorSequence (286)
[2019.12.31-14.11.24:079][843]LogModuleManager: Shutting down and abandoning module UdpMessaging (284)
[2019.12.31-14.11.24:181][843]LogModuleManager: Shutting down and abandoning module TcpMessaging (282)
[2019.12.31-14.11.24:292][843]LogModuleManager: Shutting down and abandoning module SubstanceCore (280)
[2019.12.31-14.11.24:293][843]LogModuleManager: Shutting down and abandoning module MagicLeapIdentity (278)
[2019.12.31-14.11.24:293][843]LogModuleManager: Shutting down and abandoning module MagicLeapSecureStorage (276)
[2019.12.31-14.11.24:293][843]LogModuleManager: Shutting down and abandoning module MagicLeapHandTracking (274)
[2019.12.31-14.11.24:313][843]LogModuleManager: Shutting down and abandoning module MagicLeapEyeTracker (272)
[2019.12.31-14.11.24:313][843]LogModuleManager: Shutting down and abandoning module MagicLeapController (270)
[2019.12.31-14.11.24:342][843]LogSlate: Slate User Destroyed.  User Index 0, Is Virtual User: 0
[2019.12.31-14.11.24:342][843]LogModuleManager: Shutting down and abandoning module MagicLeapAR (268)
[2019.12.31-14.11.24:342][843]LogModuleManager: Shutting down and abandoning module AugmentedReality (267)
[2019.12.31-14.11.24:342][843]LogModuleManager: Shutting down and abandoning module GameplayTagsEditor (264)
[2019.12.31-14.11.24:357][843]LogModuleManager: Shutting down and abandoning module FacialAnimationEditor (262)
[2019.12.31-14.11.24:357][843]LogModuleManager: Shutting down and abandoning module FacialAnimation (260)
[2019.12.31-14.11.24:357][843]LogModuleManager: Shutting down and abandoning module DataValidation (258)
[2019.12.31-14.11.24:357][843]LogModuleManager: Shutting down and abandoning module AssetManagerEditor (256)
[2019.12.31-14.11.24:385][843]LogModuleManager: Shutting down and abandoning module LevelEditor (255)
[2019.12.31-14.11.24:399][843]LogModuleManager: Shutting down and abandoning module PixelInspectorModule (254)
[2019.12.31-14.11.24:403][843]LogModuleManager: Shutting down and abandoning module CommonMenuExtensions (252)
[2019.12.31-14.11.24:403][843]LogModuleManager: Shutting down and abandoning module MainFrame (250)
[2019.12.31-14.11.24:403][843]LogModuleManager: Shutting down and abandoning module HotReload (249)
[2019.12.31-14.11.24:413][843]LogModuleManager: Shutting down and abandoning module ContentBrowser (245)
[2019.12.31-14.11.24:415][843]LogModuleManager: Shutting down and abandoning module TreeMap (243)
[2019.12.31-14.11.24:420][843]LogModuleManager: Shutting down and abandoning module AnimationSharing (240)
[2019.12.31-14.11.24:420][843]LogModuleManager: Shutting down and abandoning module LightPropagationVolumeRuntime (238)
[2019.12.31-14.11.24:420][843]LogModuleManager: Shutting down and abandoning module AISupportModule (236)
[2019.12.31-14.11.24:420][843]LogModuleManager: Shutting down and abandoning module Paper2D (234)
[2019.12.31-14.11.24:424][843]LogModuleManager: Shutting down and abandoning module WindowsMoviePlayer (232)
[2019.12.31-14.11.24:428][843]LogModuleManager: Shutting down and abandoning module WebMMoviePlayer (230)
[2019.12.31-14.11.24:433][843]LogModuleManager: Shutting down and abandoning module PacketHandler (228)
[2019.12.31-14.11.24:433][843]LogModuleManager: Shutting down and abandoning module ClothingSystemEditor (226)
[2019.12.31-14.11.24:433][843]LogModuleManager: Shutting down and abandoning module ClothingSystemRuntime (224)
[2019.12.31-14.11.24:433][843]LogModuleManager: Shutting down and abandoning module MediaAssets (222)
[2019.12.31-14.11.24:433][843]LogModuleManager: Shutting down and abandoning module Overlay (220)
[2019.12.31-14.11.24:433][843]LogModuleManager: Shutting down and abandoning module OverlayEditor (219)
[2019.12.31-14.11.24:433][843]LogModuleManager: Shutting down and abandoning module VREditor (216)
[2019.12.31-14.11.24:440][843]LogModuleManager: Shutting down and abandoning module StringTableEditor (214)
[2019.12.31-14.11.24:444][843]LogModuleManager: Shutting down and abandoning module GameplayTasksEditor (212)
[2019.12.31-14.11.24:444][843]LogModuleManager: Shutting down and abandoning module BehaviorTreeEditor (210)
[2019.12.31-14.11.24:499][843]LogModuleManager: Shutting down and abandoning module FunctionalTesting (208)
[2019.12.31-14.11.24:515][843]LogModuleManager: Shutting down and abandoning module CollisionAnalyzer (206)
[2019.12.31-14.11.24:531][843]LogModuleManager: Shutting down and abandoning module WorkspaceMenuStructure (205)
[2019.12.31-14.11.24:537][843]LogModuleManager: Shutting down and abandoning module UMG (202)
[2019.12.31-14.11.24:542][843]LogModuleManager: Shutting down and abandoning module UMGEditor (201)
[2019.12.31-14.11.24:580][843]LogModuleManager: Shutting down and abandoning module Sequencer (200)
[2019.12.31-14.11.24:682][843]LogModuleManager: Shutting down and abandoning module MessageLog (197)
[2019.12.31-14.11.24:682][843]LogModuleManager: Shutting down and abandoning module SlateReflector (192)
[2019.12.31-14.11.24:786][843]LogModuleManager: Shutting down and abandoning module Slate (190)
[2019.12.31-14.11.24:786][843]LogModuleManager: Shutting down and abandoning module EditorStyle (188)
[2019.12.31-14.11.24:788][843]LogModuleManager: Shutting down and abandoning module UnrealEd (186)
[2019.12.31-14.11.24:804][843]LogModuleManager: Shutting down and abandoning module MRMesh (184)
[2019.12.31-14.11.24:804][843]LogModuleManager: Shutting down and abandoning module SourceCodeAccess (182)
[2019.12.31-14.11.24:804][843]LogModuleManager: Shutting down and abandoning module HeadMountedDisplay (180)
[2019.12.31-14.11.24:804][843]LogModuleManager: Shutting down and abandoning module XAudio2 (178)
[2019.12.31-14.11.24:804][843]LogModuleManager: Shutting down and abandoning module Networking (176)
[2019.12.31-14.11.24:804][843]LogModuleManager: Shutting down and abandoning module Core (174)
[2019.12.31-14.11.24:804][843]LogModuleManager: Shutting down and abandoning module KismetCompiler (172)
[2019.12.31-14.11.24:804][843]LogModuleManager: Shutting down and abandoning module MeshUtilities (170)
[2019.12.31-14.11.24:805][843]LogModuleManager: Shutting down and abandoning module MeshMergeUtilities (169)
[2019.12.31-14.11.24:827][843]LogModuleManager: Shutting down and abandoning module MeshReductionInterface (168)
[2019.12.31-14.11.24:827][843]LogModuleManager: Shutting down and abandoning module SkeletalMeshReduction (167)
[2019.12.31-14.11.24:842][843]LogModuleManager: Shutting down and abandoning module ProxyLODMeshReduction (165)
[2019.12.31-14.11.24:871][843]LogModuleManager: Shutting down and abandoning module QuadricMeshReduction (163)
[2019.12.31-14.11.24:887][843]LogModuleManager: Shutting down and abandoning module MaterialBaking (159)
[2019.12.31-14.11.24:902][843]LogModuleManager: Shutting down and abandoning module DerivedDataCache (154)
[2019.12.31-14.11.24:913][843]LogDerivedDataCache: Shutdown
[2019.12.31-14.11.24:913][843]LogModuleManager: Shutting down and abandoning module XGEController (152)
[2019.12.31-14.11.24:914][843]LogXGEController: Cleaning working directory: C:/Users/dott/AppData/Local/Temp/UnrealXGEWorkingDir/
[2019.12.31-14.11.24:931][843]LogModuleManager: Shutting down and abandoning module TargetPlatform (150)
[2019.12.31-14.11.24:954][843]LogModuleManager: Shutting down and abandoning module VulkanShaderFormat (149)
[2019.12.31-14.11.24:973][843]LogModuleManager: Shutting down and abandoning module ShaderFormatVectorVM (147)
[2019.12.31-14.11.24:984][843]LogModuleManager: Shutting down and abandoning module ShaderFormatOpenGL (145)
[2019.12.31-14.11.25:027][843]LogModuleManager: Shutting down and abandoning module ShaderFormatD3D (143)
[2019.12.31-14.11.25:044][843]LogModuleManager: Shutting down and abandoning module MetalShaderFormat (141)
[2019.12.31-14.11.25:062][843]LogModuleManager: Shutting down and abandoning module TextureFormatUncompressed (139)
[2019.12.31-14.11.25:062][843]LogModuleManager: Shutting down and abandoning module TextureFormatPVR (137)
[2019.12.31-14.11.25:062][843]LogModuleManager: Shutting down and abandoning module TextureFormatDXT (135)
[2019.12.31-14.11.25:081][843]LogModuleManager: Shutting down and abandoning module TextureFormatIntelISPCTexComp (133)
[2019.12.31-14.11.25:098][843]LogModuleManager: Shutting down and abandoning module TextureFormatASTC (131)
[2019.12.31-14.11.25:098][843]LogModuleManager: Shutting down and abandoning module ImageWrapper (130)
[2019.12.31-14.11.25:098][843]LogModuleManager: Shutting down and abandoning module TextureFormatAndroid (127)
[2019.12.31-14.11.25:098][843]LogModuleManager: Shutting down and abandoning module AudioFormatOpus (125)
[2019.12.31-14.11.25:119][843]LogModuleManager: Shutting down and abandoning module AudioFormatOgg (123)
[2019.12.31-14.11.25:119][843]LogModuleManager: Shutting down and abandoning module AudioFormatADPCM (121)
[2019.12.31-14.11.25:136][843]LogModuleManager: Shutting down and abandoning module LuminTargetPlatform (119)
[2019.12.31-14.11.25:156][843]LogModuleManager: Shutting down and abandoning module LinuxTargetPlatform (117)
[2019.12.31-14.11.25:156][843]LogModuleManager: Shutting down and abandoning module LinuxServerTargetPlatform (115)
[2019.12.31-14.11.25:173][843]LogModuleManager: Shutting down and abandoning module LinuxNoEditorTargetPlatform (113)
[2019.12.31-14.11.25:187][843]LogModuleManager: Shutting down and abandoning module LinuxClientTargetPlatform (111)
[2019.12.31-14.11.25:187][843]LogModuleManager: Shutting down and abandoning module TVOSTargetPlatform (109)
[2019.12.31-14.11.25:192][843]LogModuleManager: Shutting down and abandoning module Messaging (107)
[2019.12.31-14.11.25:192][843]LogModuleManager: Shutting down and abandoning module IOSTargetPlatform (105)
[2019.12.31-14.11.25:195][843]LogModuleManager: Shutting down and abandoning module HTML5TargetPlatform (103)
[2019.12.31-14.11.25:195][843]LogModuleManager: Shutting down and abandoning module AndroidTargetPlatform (101)
[2019.12.31-14.11.25:222][843]LogModuleManager: Shutting down and abandoning module WindowsTargetPlatform (99)
[2019.12.31-14.11.25:222][843]LogModuleManager: Shutting down and abandoning module WindowsServerTargetPlatform (97)
[2019.12.31-14.11.25:222][843]LogModuleManager: Shutting down and abandoning module WindowsNoEditorTargetPlatform (95)
[2019.12.31-14.11.25:222][843]LogModuleManager: Shutting down and abandoning module WindowsClientTargetPlatform (93)
[2019.12.31-14.11.25:222][843]LogModuleManager: Shutting down and abandoning module MacTargetPlatform (91)
[2019.12.31-14.11.25:222][843]LogModuleManager: Shutting down and abandoning module MacServerTargetPlatform (89)
[2019.12.31-14.11.25:222][843]LogModuleManager: Shutting down and abandoning module MacNoEditorTargetPlatform (87)
[2019.12.31-14.11.25:222][843]LogModuleManager: Shutting down and abandoning module MacClientTargetPlatform (85)
[2019.12.31-14.11.25:222][843]LogModuleManager: Shutting down and abandoning module AllDesktopTargetPlatform (83)
[2019.12.31-14.11.25:222][843]LogModuleManager: Shutting down and abandoning module InputCore (80)
[2019.12.31-14.11.25:222][843]LogModuleManager: Shutting down and abandoning module Settings (78)
[2019.12.31-14.11.25:223][843]LogModuleManager: Shutting down and abandoning module DirectoryWatcher (76)
[2019.12.31-14.11.25:223][843]LogModuleManager: Shutting down and abandoning module PhysXCooking (74)
[2019.12.31-14.11.25:224][843]LogModuleManager: Shutting down and abandoning module SteamVR (72)
[2019.12.31-14.11.25:241][843]LogHMD: Freeing OpenVRDLLHandle.
[2019.12.31-14.11.25:241][843]LogModuleManager: Shutting down and abandoning module OculusHMD (70)
[2019.12.31-14.11.25:321][843]LogModuleManager: Shutting down and abandoning module ExampleDeviceProfileSelector (68)
[2019.12.31-14.11.25:321][843]LogModuleManager: Shutting down and abandoning module LauncherChunkInstaller (66)
[2019.12.31-14.11.25:321][843]LogModuleManager: Shutting down and abandoning module OnlineBlueprintSupport (64)
[2019.12.31-14.11.25:321][843]LogModuleManager: Shutting down and abandoning module OnlineSubsystem (60)
[2019.12.31-14.11.25:403][843]LogModuleManager: Shutting down and abandoning module XMPP (55)
[2019.12.31-14.11.25:431][843]LogModuleManager: Shutting down and abandoning module WebSockets (54)
[2019.12.31-14.11.25:569][843]LogModuleManager: Shutting down and abandoning module HTTP (51)
[2019.12.31-14.11.25:570][843]LogHttp: Display: Http module shutting down, but needs to wait on 1 outstanding Http requests:
[2019.12.31-14.11.25:570][843]LogHttp: Display: 	verb=[POST] url=[https://datarouter.ol.epicgames.com/datarouter/api/v1/public/data?SessionID=%7B37773E7A-4DEA-0AE7-E28C-A7A1FDC82B8F%7D&AppID=UEEditor.Rocket.Release&AppVersion=4.22.1-6063286%2B%2B%2BUE4%2BRelease-4.22&UserID=e5b56a40463272bffca56db2f6fc39c3%7Cddbaf2fb099d4bc8be6b98394d93a63c%7C7ad401b4-0279-4488-9c52-e67b13701f5e&AppEnvironment=datacollector-binary&UploadType=eteventstream] status=Processing
[2019.12.31-14.11.25:607][843]LogModuleManager: Shutting down and abandoning module SSL (50)
[2019.12.31-14.11.25:608][843]LogModuleManager: Shutting down and abandoning module WmfMedia (46)
[2019.12.31-14.11.25:617][843]LogModuleManager: Shutting down and abandoning module Media (45)
[2019.12.31-14.11.25:626][843]LogModuleManager: Shutting down and abandoning module MagicLeap (42)
[2019.12.31-14.11.25:629][843]LogModuleManager: Shutting down and abandoning module DatasmithContent (40)
[2019.12.31-14.11.25:630][843]LogModuleManager: Shutting down and abandoning module AnimationModifiers (38)
[2019.12.31-14.11.25:641][843]LogModuleManager: Shutting down and abandoning module PropertyEditor (37)
[2019.12.31-14.11.25:683][843]LogModuleManager: Shutting down and abandoning module AudioEditor (34)
[2019.12.31-14.11.25:700][843]LogModuleManager: Shutting down and abandoning module TextureCompressor (32)
[2019.12.31-14.11.25:712][843]LogModuleManager: Shutting down and abandoning module RenderCore (30)
[2019.12.31-14.11.25:712][843]LogModuleManager: Shutting down and abandoning module Landscape (28)
[2019.12.31-14.11.25:712][843]LogModuleManager: Shutting down and abandoning module SlateRHIRenderer (26)
[2019.12.31-14.11.25:719][843]LogModuleManager: Shutting down and abandoning module OpenGLDrv (24)
[2019.12.31-14.11.25:730][843]LogModuleManager: Shutting down and abandoning module D3D11RHI (22)
[2019.12.31-14.11.25:730][843]LogModuleManager: Shutting down and abandoning module AnimGraphRuntime (20)
[2019.12.31-14.11.25:735][843]LogModuleManager: Shutting down and abandoning module Renderer (18)
[2019.12.31-14.11.25:741][843]LogModuleManager: Shutting down and abandoning module Engine (16)
[2019.12.31-14.11.25:741][843]LogModuleManager: Shutting down and abandoning module CoreUObject (14)
[2019.12.31-14.11.25:741][843]LogModuleManager: Shutting down and abandoning module NetworkFile (12)
[2019.12.31-14.11.25:750][843]LogModuleManager: Shutting down and abandoning module CookedIterativeFile (10)
[2019.12.31-14.11.25:750][843]LogModuleManager: Shutting down and abandoning module StreamingFile (8)
[2019.12.31-14.11.25:754][843]LogModuleManager: Shutting down and abandoning module SandboxFile (6)
[2019.12.31-14.11.25:754][843]LogModuleManager: Shutting down and abandoning module PakFile (4)
[2019.12.31-14.11.25:760][843]LogModuleManager: Shutting down and abandoning module RSA (3)
[2019.12.31-14.11.25:778][843]LogExit: Exiting.
[2019.12.31-14.11.25:824][843]Log file closed, 12/31/19 22:11:25
